[using trimmer code]
[Trimmer Stage: Start]
[Trimmer Stage: Transactions(5)] ✔️
[Trimmer Stage: Transactions(4)] ✔️
[Trimmer Stage: Transactions(3)] ✔️
[Trimmer Stage: Transactions(2)] ❌
[Trimmer Stage: Transactions(1)] ✔️
[Trimmer Stage: Transactions(0)] ❌
[Trimmer Stage: TransactionHeader(1, BlockAdvance(0))] ✔️
[Trimmer Stage: Returns(0, 9)] ✔️
[Trimmer Stage: Returns(0, 8)] ✔️
[Trimmer Stage: Returns(0, 7)] ✔️
[Trimmer Stage: Returns(0, 6)] ✔️
[Trimmer Stage: Returns(0, 5)] ✔️
[Trimmer Stage: Returns(0, 4)] ✔️
[Trimmer Stage: Returns(0, 3)] ✔️
[Trimmer Stage: Returns(0, 2)] ✔️
[Trimmer Stage: Returns(0, 1)] ✔️
[Trimmer Stage: Returns(0, 0)] ✔️
[Trimmer Stage: Inputs(1, 0)] ❌
[Trimmer Stage: Inputs(0, 4)] ❌
[Trimmer Stage: Inputs(0, 0)] ❌
[Trimmer Stage: Sender(1, 7)] ❌
[Trimmer Stage: Sender(1, 6)] ❌
[Trimmer Stage: Sender(1, 5)] ✔️
[Trimmer Stage: Sender(1, 4)] ❌
[Trimmer Stage: Sender(1, 3)] ❌
[Trimmer Stage: Sender(1, 2)] ❌
[Trimmer Stage: Sender(1, 1)] ❌
[Trimmer Stage: Sender(1, 0)] ❌
[Trimmer Stage: Sender(0, 0)] ✔️
[Trimmer Stage: Receiver(1, 0)] ✔️
[Trimmer Stage: Receiver(0, 0)] ✔️
[Trimmer Stage: BlockHeader(Number(0))] ✔️
[Trimmer Stage: BlockHeader(InitialEther(3814697265625))] ✔️
[Trimmer Stage: BlockHeader(InitialEther(100000))] ✔️
[Trimmer Stage: BlockHeader(InitialEther(10000))] ✔️
[Trimmer Stage: BlockHeader(InitialEther(10))] ✔️
[Trimmer Stage: BlockHeader(InitialEther(5))] ✔️
[Trimmer Stage: BlockHeader(InitialEther(2))] ✔️
[Trimmer Stage: BlockHeader(InitialEther(1))] ✔️
[Trimmer Stage: BlockHeader(InitialEther(0))] ❌
[minimizing difficulty]
[ sender/receiver selector TX[0] ]
[ sender/receiver selector TX[1] ]
[ we try sorting the transaction list ]
reduced testcases from 1660 to 112 bytes (by 94 %) edit distance 1559
=== Before minimizing: ===
Block header:
  number: 0
  difficulty: 0
  gas_limit: 0
  timestamp: 0
  initial_ether: 288230376151711744

TX[0] with tx_sender[0]; tx_receiver[0]; call_value: 0x0; length: 36; block+=0; #returns=10
  func: newOwner(address):(bool) (0x85952454)
  input: { address(0xc5442b23ea5ca66c3441e62bf6456f010646ae94),  }
  returns:
    return val: 1; allows reenter: 1; data: 0x0000000000000000000000000000000000000000000000000000000000000000
    return val: 1; allows reenter: 1; data: 0x0000000000000000000000000000000000000000000000000000000000000000
    return val: 1; allows reenter: 1; data: 0x0000000000000000000000000000000000000000000000000000000000000000
    return val: 1; allows reenter: 1; data: 0x0000000000000000000000000000000000000000000000000000000000000000
    return val: 1; allows reenter: 1; data: 0x0000000000000000000000000000000000000000000000000000000000000000
    return val: 1; allows reenter: 1; data: 0x0000000000000000000000000000000000000000000000000000000000000000
    return val: 1; allows reenter: 1; data: 0x0000000000000000000000000000000000000000000000000000000000000000
    return val: 1; allows reenter: 1; data: 0x0000000000000000000000000000000000000000000000000000000000000000
    return val: 1; allows reenter: 1; data: 0x0000000000000000000000000000000000000000000000000000000000000000
    return val: 1; allows reenter: 1; data: 0x0000000000000000000000000000000000000000000000000000000000000000
TX[1] with tx_sender[0]; tx_receiver[0]; call_value: 0x0; length: 36; block+=0; #returns=10
  func: newOwner(address):(bool) (0x85952454)
  input: { address(0xc3cf2af7ea37d6d9d0a23bdf84c71e8c099d03c2),  }
  returns:
    return val: 1; allows reenter: 1; data: 0x0000000000000000000000000000000000000000000000000000000000000000
    return val: 1; allows reenter: 1; data: 0x0000000000000000000000000000000000000000000000000000000000000000
    return val: 1; allows reenter: 1; data: 0x0000000000000000000000000000000000000000000000000000000000000000
    return val: 1; allows reenter: 1; data: 0x0000000000000000000000000000000000000000000000000000000000000000
    return val: 1; allows reenter: 1; data: 0x0000000000000000000000000000000000000000000000000000000000000000
    return val: 1; allows reenter: 1; data: 0x0000000000000000000000000000000000000000000000000000000000000000
    return val: 1; allows reenter: 1; data: 0x0000000000000000000000000000000000000000000000000000000000000000
    return val: 1; allows reenter: 1; data: 0x0000000000000000000000000000000000000000000000000000000000000000
    return val: 1; allows reenter: 1; data: 0x0000000000000000000000000000000000000000000000000000000000000000
    return val: 1; allows reenter: 1; data: 0x0000000000000000000000000000000000000000000000000000000000000000
TX[2] with tx_sender[203]; tx_receiver[0]; call_value: 0x0; length: 4; block+=1; #returns=0
  func: withdrawAll() (0x853828b6)
  input: {  }
TX[3] with tx_sender[3]; tx_receiver[0]; call_value: 0x0; length: 32; block+=0; #returns=10
  func: deleteOwner(address):(bool) (0xcd5c4c70)
  input: 0000000000000000e8032b23ea5ca66c3441e62bf6456f010100ae94  [failed to decode]
  returns:
    return val: 1; allows reenter: 1; data: 0x0000000000000000000000000000000000000000000000000000000000000000
    return val: 1; allows reenter: 1; data: 0x0000000000000000000000000000000000000000000000000000000000000000
    return val: 1; allows reenter: 1; data: 0x0000000000000000000000000000000000000000000000000000000000000000
    return val: 1; allows reenter: 1; data: 0x0000000000000000000000000000000000000000000000000000000000000000
    return val: 1; allows reenter: 1; data: 0x0000000000000000000000000000000000000000000000000000000000000000
    return val: 1; allows reenter: 1; data: 0x0000000000000000000000000000000000000000000000000000000000000000
    return val: 1; allows reenter: 1; data: 0x0000000000000000000000000000000000000000000000000000000000000000
    return val: 1; allows reenter: 1; data: 0x0000000000000000000000000000000000000000000000000000000000000000
    return val: 1; allows reenter: 1; data: 0x0000000000000000000000000000000000000000000000000000000000000000
    return val: 1; allows reenter: 1; data: 0x0000000000000000000000000000000000000000000000000000000000000000
TX[4] with tx_sender[133]; tx_receiver[249]; call_value: 0x0; length: 4; block+=1; #returns=0
  func: withdrawAll() (0x853828b6)
  input: {  }
TX[5] with tx_sender[4]; tx_receiver[117]; call_value: 0x0; length: 36; block+=1; #returns=2
  func: newOwner(address):(bool) (0x85952454)
  input: { address(0xc4b803ea8bc30894cc4672a9159ca000d377d9a3),  }
  returns:
    return val: 1; allows reenter: 0; data: 0x0000000000000000000000000000000000000000000000000000000000000000
    return val: 1; allows reenter: 0; data: 0x00000000000000000000000000000000000000000000000000000000000000000000000000000000000000000000000000000000000000000000000000000000000000000000000000000000000000000000000000000000000000000000000000000000000000000000000000000000000000000000000000000000000000000000000000000000000000000000000000000000000000000000000000000000000000000000000000000000000000000000000000000000000000000000000000000000000000000000000000000000000000000000000000000000000000000000000000000000000000000000000000000000000000000000000000000000
=== After minimizing: ===
Block header:
  number: 0
  difficulty: 0
  gas_limit: 0
  timestamp: 0
  initial_ether: 1

TX[0] with tx_sender[0]; tx_receiver[0]; call_value: 0x0; length: 36; block+=0; #returns=0
  func: newOwner(address):(bool) (0x85952454)
  input: { address(0xc5442b23ea5ca66c3441e62bf6456f010646ae94),  }
TX[1] with tx_sender[5]; tx_receiver[0]; call_value: 0x0; length: 4; block+=0; #returns=0
  func: withdrawAll() (0x853828b6)
  input: {  }
