[using trimmer code]
[Trimmer Stage: Start]
[Trimmer Stage: Transactions(10)] ✔️
[Trimmer Stage: Transactions(9)] ❌
[Trimmer Stage: Transactions(8)] ❌
[Trimmer Stage: Transactions(7)] ✔️
[Trimmer Stage: Transactions(6)] ✔️
[Trimmer Stage: Transactions(5)] ✔️
[Trimmer Stage: Transactions(4)] ✔️
[Trimmer Stage: Transactions(3)] ✔️
[Trimmer Stage: Transactions(2)] ✔️
[Trimmer Stage: Transactions(1)] ✔️
[Trimmer Stage: Transactions(0)] ✔️
[Trimmer Stage: TransactionHeader(1, BlockAdvance(0))] ✔️
[Trimmer Stage: TransactionHeader(0, BlockAdvance(0))] ✔️
[Trimmer Stage: Inputs(1, 0)] ❌
[Trimmer Stage: Inputs(0, 4)] ❌
[Trimmer Stage: Inputs(0, 0)] ❌
[Trimmer Stage: Sender(1, 7)] ❌
[Trimmer Stage: Sender(1, 6)] ❌
[Trimmer Stage: Sender(1, 5)] ❌
[Trimmer Stage: Sender(1, 4)] ✔️
[Trimmer Stage: Sender(1, 3)] ❌
[Trimmer Stage: Sender(1, 2)] ❌
[Trimmer Stage: Sender(1, 1)] ❌
[Trimmer Stage: Sender(1, 0)] ❌
[Trimmer Stage: Sender(0, 7)] ✔️
[Trimmer Stage: Sender(0, 6)] ✔️
[Trimmer Stage: Sender(0, 5)] ✔️
[Trimmer Stage: Sender(0, 4)] ✔️
[Trimmer Stage: Sender(0, 3)] ✔️
[Trimmer Stage: Sender(0, 2)] ✔️
[Trimmer Stage: Sender(0, 1)] ✔️
[Trimmer Stage: Sender(0, 0)] ✔️
[Trimmer Stage: Receiver(1, 0)] ✔️
[Trimmer Stage: Receiver(0, 0)] ✔️
[Trimmer Stage: BlockHeader(Number(1408157242393856))] ✔️
[Trimmer Stage: BlockHeader(Number(100000))] ✔️
[Trimmer Stage: BlockHeader(Number(10000))] ✔️
[Trimmer Stage: BlockHeader(Number(10))] ✔️
[Trimmer Stage: BlockHeader(Number(5))] ✔️
[Trimmer Stage: BlockHeader(Number(2))] ✔️
[Trimmer Stage: BlockHeader(Number(1))] ✔️
[Trimmer Stage: BlockHeader(Number(0))] ✔️
[Trimmer Stage: BlockHeader(Difficulty(100000))] ✔️
[Trimmer Stage: BlockHeader(Difficulty(10000))] ✔️
[Trimmer Stage: BlockHeader(Difficulty(10))] ✔️
[Trimmer Stage: BlockHeader(Difficulty(5))] ✔️
[Trimmer Stage: BlockHeader(Difficulty(2))] ✔️
[Trimmer Stage: BlockHeader(Difficulty(1))] ✔️
[Trimmer Stage: BlockHeader(Difficulty(0))] ✔️
[Trimmer Stage: BlockHeader(TimeStamp(100000))] ✔️
[Trimmer Stage: BlockHeader(TimeStamp(10000))] ✔️
[Trimmer Stage: BlockHeader(TimeStamp(10))] ✔️
[Trimmer Stage: BlockHeader(TimeStamp(5))] ✔️
[Trimmer Stage: BlockHeader(TimeStamp(2))] ✔️
[Trimmer Stage: BlockHeader(TimeStamp(1))] ✔️
[Trimmer Stage: BlockHeader(TimeStamp(0))] ✔️
[Trimmer Stage: BlockHeader(InitialEther(100000))] ✔️
[Trimmer Stage: BlockHeader(InitialEther(10000))] ✔️
[Trimmer Stage: BlockHeader(InitialEther(10))] ✔️
[Trimmer Stage: BlockHeader(InitialEther(5))] ✔️
[Trimmer Stage: BlockHeader(InitialEther(2))] ✔️
[Trimmer Stage: BlockHeader(InitialEther(1))] ✔️
[Trimmer Stage: BlockHeader(InitialEther(0))] ❌
[minimizing difficulty]
[ sender/receiver selector TX[0] ]
[ sender/receiver selector TX[1] ]
[ we try sorting the transaction list ]
reduced testcases from 1536 to 112 bytes (by 93 %) edit distance 1471
=== Before minimizing: ===
Block header:
  number: 1408157242393856
  difficulty: 21494133776498176
  gas_limit: 0
  timestamp: 1152921504606846976
  initial_ether: 68988964880

TX[0] with tx_sender[0]; tx_receiver[0]; call_value: 0x0; length: 0; block+=0; #returns=0
  input: 
TX[1] with tx_sender[1]; tx_receiver[0]; call_value: 0x0; length: 0; block+=0; #returns=5
  input: 
  returns:
    return val: 1; allows reenter: 1; data: 0x0000000000000000000000000000000000000000000000000000000000000000
    return val: 1; allows reenter: 1; data: 0x0000000000000000000000000000000000000000000000000000000000000001
    return val: 1; allows reenter: 1; data: 0x0000000000000000000000000000000000000000000000000000000000000000
    return val: 1; allows reenter: 1; data: 0x0000000000000000000000000000000000000000000000000000000000000001
    return val: 1; allows reenter: 2; data: 0x0000000000000000000000000000000000000000000000000000000000000001
TX[2] with tx_sender[1]; tx_receiver[0]; call_value: 0x2000000; length: 0; block+=0; #returns=5
  input: 
  returns:
    return val: 1; allows reenter: 1; data: 0x0000000000000000000000000000000000000000000000000000000000000000
    return val: 1; allows reenter: 1; data: 0x0000000000000000000000000000000000000000000000000000000000000001
    return val: 1; allows reenter: 1; data: 0x0000000000000000000000000000000000000000000000000000000000000000
    return val: 1; allows reenter: 1; data: 0x0000000000000000000000000000000000000000000000000000000000000001
    return val: 1; allows reenter: 1; data: 0x0000000000000000000000000000000000000000000000000000000000000001
TX[3] with tx_sender[1]; tx_receiver[0]; call_value: 0x0; length: 0; block+=0; #returns=5
  input: 
  returns:
    return val: 1; allows reenter: 1; data: 0x0000000000000000000000000000000000000000000000000000000000000000
    return val: 1; allows reenter: 1; data: 0x0000000000000000000000000000000101000000000000000000000000000001
    return val: 1; allows reenter: 1; data: 0x0000000000000000000000000000000000000000000000000000000000000000
    return val: 1; allows reenter: 1; data: 0x0000000000000000000000000000000000000000000000000000000000000001
    return val: 1; allows reenter: 1; data: 0x0000000000000000000000000000000000000000000000000000000000000001
TX[4] with tx_sender[1]; tx_receiver[0]; call_value: 0x0; length: 0; block+=0; #returns=5
  input: 
  returns:
    return val: 1; allows reenter: 1; data: 0x0000000000000000000000000000000000000000000000000000000000000000
    return val: 1; allows reenter: 1; data: 0x0000000000000000000000000000000000000000000000000000000000000001
    return val: 1; allows reenter: 1; data: 0x0000000000000000000000000000000000000000000000000000000000000000
    return val: 1; allows reenter: 1; data: 0x0000000000000000000000000000000000000000000000000000000000000001
    return val: 1; allows reenter: 1; data: 0x0000000000000000000000000000000000000000000000000000000000000001
TX[5] with tx_sender[1]; tx_receiver[0]; call_value: 0x0; length: 0; block+=0; #returns=5
  input: 
  returns:
    return val: 1; allows reenter: 1; data: 0x0000000000000000000000000000000000000000000000000000000000000000
    return val: 1; allows reenter: 1; data: 0x0000000000000000000000000000000000000000000000000000000000000001
    return val: 1; allows reenter: 1; data: 0x0000000000000000000000000000000000000000000000000000000000000000
    return val: 1; allows reenter: 1; data: 0x0000000000000000000000000000000000000000000000000000000000000001
    return val: 1; allows reenter: 1; data: 0x0000000000000000000000000000000000000000000000000000000000000001
TX[6] with tx_sender[1]; tx_receiver[0]; call_value: 0x0; length: 0; block+=0; #returns=5
  input: 
  returns:
    return val: 1; allows reenter: 1; data: 0x0000000000000000000000000000000000000000000000000000000000000000
    return val: 1; allows reenter: 1; data: 0x0000000000000000000000000000000000000000000000000000000000000001
    return val: 1; allows reenter: 1; data: 0x0000000000000000000000000000000000000000000000000000000000000000
    return val: 1; allows reenter: 1; data: 0x0000000000000000000000000000000000000000000000000000000000000001
    return val: 1; allows reenter: 1; data: 0x0000000000000000000000000000000000000000000000000000000000000001
TX[7] with tx_sender[1]; tx_receiver[0]; call_value: 0x7b00000000000000000000000000000000; length: 0; block+=0; #returns=5
  input: 
  returns:
    return val: 0; allows reenter: 1; data: 0x0000000000000000000000000000000000000000000000000000000000000000
    return val: 1; allows reenter: 1; data: 0x0000000000000000000000000000000000000000000000000000000000000001
    return val: 1; allows reenter: 1; data: 0x0000000000000000000000000000000000000000000000000000000000000000
    return val: 1; allows reenter: 1; data: 0x0000000000000000000000000000000000000000000000000000000000000001
    return val: 1; allows reenter: 1; data: 0x0000000000000000000000000000000000000000000000000000000000000001
TX[8] with tx_sender[35]; tx_receiver[0]; call_value: 0x0; length: 36; block+=1; #returns=0
  func: newOwner(address):(bool) (0x85952454)
  input: { address(0xc4b803ea8bc30894cc4672a9159ca000d377d9a3),  }
TX[9] with tx_sender[76]; tx_receiver[0]; call_value: 0x0; length: 4; block+=1; #returns=0
  func: withdrawAll() (0x853828b6)
  input: {  }
TX[10] with tx_sender[1]; tx_receiver[228]; call_value: 0x0; length: 20; block+=1; #returns=0
  func: deleteOwner(address):(bool) (0xcd5c4c70)
  input: 000000000000000000000000c1af1d7e  [failed to decode]
=== After minimizing: ===
Block header:
  number: 0
  difficulty: 0
  gas_limit: 0
  timestamp: 0
  initial_ether: 1

TX[0] with tx_sender[0]; tx_receiver[0]; call_value: 0x0; length: 36; block+=0; #returns=0
  func: newOwner(address):(bool) (0x85952454)
  input: { address(0xc4b803ea8bc30894cc4672a9159ca000d377d9a3),  }
TX[1] with tx_sender[4]; tx_receiver[0]; call_value: 0x0; length: 4; block+=0; #returns=0
  func: withdrawAll() (0x853828b6)
  input: {  }
