Reading 472 bytes from ./e2/crashes/../crashes_min/id:000000,sig:06,src:000534,time:272027,execs:3065788,EM-____e-_______________d_____-___E_-_____-_DH_
= Constructing global state =
target contract address: 0xdeadbeefc5d48cec7275152b3026b53f6f78d03d
with 6 attacker accounts with initial funds: 0x1000000000000000000000000000000000000000000000000
Running constructor transaction with total input length 18530 (built-in constructor code is 18530 + 0)
constructor finished
returned code of length 18494 (compare to built-in code size 18494)
== GLOBAL STATE Block 100000 timestamp 1420066800 ==
  ATTACKER address: 0xc04689c0c5d48cec7275152b3026b53f6f78d03d balance: 0x1000000000000000000000000000000000000000000000000 code length: 1 specialized: 0 is_mocked: 1
  ATTACKER address: 0xc1af1d7e20374a20d4d3914c1a1b0ddfef99cc61 balance: 0x1000000000000000000000000000000000000000000000000 code length: 1 specialized: 0 is_mocked: 1
  ATTACKER address: 0xc2018c3f08417e77b94fb541fed2bf1e09093edd balance: 0x1000000000000000000000000000000000000000000000000 code length: 1 specialized: 0 is_mocked: 1
  ATTACKER address: 0xc3cf2af7ea37d6d9d0a23bdf84c71e8c099d03c2 balance: 0x1000000000000000000000000000000000000000000000000 code length: 1 specialized: 0 is_mocked: 1
  ATTACKER address: 0xc4b803ea8bc30894cc4672a9159ca000d377d9a3 balance: 0x1000000000000000000000000000000000000000000000000 code length: 0 specialized: 0 is_mocked: 0
  ATTACKER address: 0xc5442b23ea5ca66c3441e62bf6456f010646ae94 balance: 0x1000000000000000000000000000000000000000000000000 code length: 0 specialized: 0 is_mocked: 0
  CREATOR  address: 0xcc079239d48f83be71dbbd18487f4acc279ee929 balance: 0x1000000000000000000000000000000000000000000000000 code length: 0 specialized: 0 is_mocked: 0
  FRIEND   address: 0xcf7c6611373327e75f8ef1beef8227afb89816dd balance: 0x1000000000000000000000000000000000000000000000000 code length: 1 specialized: 0 is_mocked: 0
  TARGET   address: 0xdeadbeefc5d48cec7275152b3026b53f6f78d03d balance: 0x0 code length: 18494 specialized: 1 is_mocked: 0
           address: 0xe0af163ebeab9bb2968fee294a22ca4fe2fa3a06 balance: 0x0 code length: 0 specialized: 0 is_mocked: 0

running fuzzcase
Block Header
setting initial balance from 0 to 1

-- TRANSACTION 0 --
found input with length: 196
Running Transaction 0
input bytes: 0xaeba142c3c3c3c3c3c3c3c3c3c3c3c3c3c3c3c3c3c3c3c3c3c3c3c3c3c3c3c3c3c3c3c3c000000000000000000000000c4b803ea8bc30894cc4672a9159ca000d377d9a30000000000000000000000000000000000000000000000000000000000000008000000000000000000000000c1af1d7e20374a20d4d3914c1a1b0ddfef99cc610000000000000000000000000000000000000000000000000000000000000001ffffffffffffffffffffffffffffffffffffffffffffffffffffffffffffffff
4byte sig: 0xaeba142c
call value: 0x1
from: 0xc04689c0c5d48cec7275152b3026b53f6f78d03d
to: 0xdeadbeefc5d48cec7275152b3026b53f6f78d03d
block num: 100000
block ts: 1420066800
== EVM TX Done ==
return code: 1
Exception: 
last PC: 331
LOGs: 1
LOG: address = 0xdeadbeefc5d48cec7275152b3026b53f6f78d03d
     data    = 0x0000000000000000000000000000000000000000000000000000000000000001000000000000000000000000c1af1d7e20374a20d4d3914c1a1b0ddfef99cc61ffffffffffffffffffffffffffffffffffffffffffffffffffffffffffffffff0000000000000000000000000000000000000000000000000000000054a47ff8
     topics  = 0x8b2098c2098f06a2c213a9f1bca2306b53ebee7e6c0db45275683b087e94db1c, 0x3c3c3c3c3c3c3c3c3c3c3c3c3c3c3c3c3c3c3c3c3c3c3c3c3c3c3c3c3c3c3c3c, 0xc04689c0c5d48cec7275152b3026b53f6f78d03d, 0xc4b803ea8bc30894cc4672a9159ca000d377d9a3, 

18421 (1): JUMPDEST
stack before:
 0: 0xe34ae1de28c6c19ea57fd55d3c78b67a0ab03f6c4f30f68f328b9ae61bc5e37b
 1: 0xe34ae1de28c6c19ea57fd55d3c78b67a0ab03f6c4f30f68f328b9ae61bc5e37b
 2: 0x477c
 3: 0xe34ae1de28c6c19ea57fd55d3c78b67a0ab03f6c4f30f68f328b9ae61bc5e379
 4: 0x22ba
 5: 0x80
 6: 0xc1af1d7e20374a20d4d3914c1a1b0ddfef99cc61
 7: 0x8
 8: 0xc4b803ea8bc30894cc4672a9159ca000d377d9a3
 9: 0x3c3c3c3c3c3c3c3c3c3c3c3c3c3c3c3c3c3c3c3c3c3c3c3c3c3c3c3c3c3c3c3c
 10: 0x14b
 11: 0xaeba142c

18427 (1): JUMPDEST
stack before:
 0: 0xe34ae1de28c6c19ea57fd55d3c78b67a0ab03f6c4f30f68f328b9ae61bc5e37b
 1: 0xe34ae1de28c6c19ea57fd55d3c78b67a0ab03f6c4f30f68f328b9ae61bc5e37b
 2: 0x480f
 3: 0x477c
 4: 0xe34ae1de28c6c19ea57fd55d3c78b67a0ab03f6c4f30f68f328b9ae61bc5e379
 5: 0x22ba
 6: 0x80
 7: 0xc1af1d7e20374a20d4d3914c1a1b0ddfef99cc61
 8: 0x8
 9: 0xc4b803ea8bc30894cc4672a9159ca000d377d9a3
 10: 0x3c3c3c3c3c3c3c3c3c3c3c3c3c3c3c3c3c3c3c3c3c3c3c3c3c3c3c3c3c3c3c3c
 11: 0x14b
 12: 0xaeba142c

18300 (1): JUMPDEST
stack before:
 0: 0xe34ae1de28c6c19ea57fd55d3c78b67a0ab03f6c4f30f68f328b9ae61bc5e37b
 1: 0xe34ae1de28c6c19ea57fd55d3c78b67a0ab03f6c4f30f68f328b9ae61bc5e37b
 2: 0x480f
 3: 0x477c
 4: 0xe34ae1de28c6c19ea57fd55d3c78b67a0ab03f6c4f30f68f328b9ae61bc5e379
 5: 0x22ba
 6: 0x80
 7: 0xc1af1d7e20374a20d4d3914c1a1b0ddfef99cc61
 8: 0x8
 9: 0xc4b803ea8bc30894cc4672a9159ca000d377d9a3
 10: 0x3c3c3c3c3c3c3c3c3c3c3c3c3c3c3c3c3c3c3c3c3c3c3c3c3c3c3c3c3c3c3c3c
 11: 0x14b
 12: 0xaeba142c

18447 (1): JUMPDEST
stack before:
 0: 0xe34ae1de28c6c19ea57fd55d3c78b67a0ab03f6c4f30f68f328b9ae61bc5e37b
 1: 0x477c
 2: 0xe34ae1de28c6c19ea57fd55d3c78b67a0ab03f6c4f30f68f328b9ae61bc5e379
 3: 0x22ba
 4: 0x80
 5: 0xc1af1d7e20374a20d4d3914c1a1b0ddfef99cc61
 6: 0x8
 7: 0xc4b803ea8bc30894cc4672a9159ca000d377d9a3
 8: 0x3c3c3c3c3c3c3c3c3c3c3c3c3c3c3c3c3c3c3c3c3c3c3c3c3c3c3c3c3c3c3c3c
 9: 0x14b
 10: 0xaeba142c

18300 (1): JUMPDEST
stack before:
 0: 0xe34ae1de28c6c19ea57fd55d3c78b67a0ab03f6c4f30f68f328b9ae61bc5e37b
 1: 0xe34ae1de28c6c19ea57fd55d3c78b67a0ab03f6c4f30f68f328b9ae61bc5e379
 2: 0x22ba
 3: 0x80
 4: 0xc1af1d7e20374a20d4d3914c1a1b0ddfef99cc61
 5: 0x8
 6: 0xc4b803ea8bc30894cc4672a9159ca000d377d9a3
 7: 0x3c3c3c3c3c3c3c3c3c3c3c3c3c3c3c3c3c3c3c3c3c3c3c3c3c3c3c3c3c3c3c3c
 8: 0x14b
 9: 0xaeba142c

8890 (1): JUMPDEST
stack before:
 0: 0xe34ae1de28c6c19ea57fd55d3c78b67a0ab03f6c4f30f68f328b9ae61bc5e379
 1: 0x80
 2: 0xc1af1d7e20374a20d4d3914c1a1b0ddfef99cc61
 3: 0x8
 4: 0xc4b803ea8bc30894cc4672a9159ca000d377d9a3
 5: 0x3c3c3c3c3c3c3c3c3c3c3c3c3c3c3c3c3c3c3c3c3c3c3c3c3c3c3c3c3c3c3c3c
 6: 0x14b
 7: 0xaeba142c

331 (1): JUMPDEST
stack before:
 0: 0xaeba142c


no response
contract: 0xdeadbeefc5d48cec7275152b3026b53f6f78d03d
balance = 0x2
more than initial balance? yes
contract creator: 0xcc079239d48f83be71dbbd18487f4acc279ee929
balance = 0x1000000000000000000000000000000000000000000000000
more than initial balance? no
checking balance of 0xc04689c0c5d48cec7275152b3026b53f6f78d03d
= 0xffffffffffffffffffffffffffffffffffffffffffffffff
checking balance of 0xc1af1d7e20374a20d4d3914c1a1b0ddfef99cc61
= 0x1000000000000000000000000000000000000000000000000
checking balance of 0xc2018c3f08417e77b94fb541fed2bf1e09093edd
= 0x1000000000000000000000000000000000000000000000000
checking balance of 0xc3cf2af7ea37d6d9d0a23bdf84c71e8c099d03c2
= 0x1000000000000000000000000000000000000000000000000
checking balance of 0xc4b803ea8bc30894cc4672a9159ca000d377d9a3
= 0x1000000000000000000000000000000000000000000000000
checking balance of 0xc5442b23ea5ca66c3441e62bf6456f010646ae94
= 0x1000000000000000000000000000000000000000000000000

-- TRANSACTION 1 --
found input with length: 36
Running Transaction 1
input bytes: 0x002e1d7e3c3c3c3c3c3c3c3c3c3c3c3c3c3c3c3c3c3c3c3c3c3c3c3c3c3c3c3c3c3c3c3c
4byte sig: 0x002e1d7e
call value: 0x0
from: 0xc04689c0c5d48cec7275152b3026b53f6f78d03d
to: 0xdeadbeefc5d48cec7275152b3026b53f6f78d03d
block num: 100001
block ts: 1420066860
== EVM TX Done ==
return code: 1
Exception: 
last PC: 331
LOGs: 3
LOG: address = 0xdeadbeefc5d48cec7275152b3026b53f6f78d03d
     data    = 0x0000000000000000000000000000000000000000000000000000000000000001000000000000000000000000c1af1d7e20374a20d4d3914c1a1b0ddfef99cc61ffffffffffffffffffffffffffffffffffffffffffffffffffffffffffffffff0000000000000000000000000000000000000000000000000000000054a47ff8
     topics  = 0x8b2098c2098f06a2c213a9f1bca2306b53ebee7e6c0db45275683b087e94db1c, 0x3c3c3c3c3c3c3c3c3c3c3c3c3c3c3c3c3c3c3c3c3c3c3c3c3c3c3c3c3c3c3c3c, 0xc04689c0c5d48cec7275152b3026b53f6f78d03d, 0xc4b803ea8bc30894cc4672a9159ca000d377d9a3, 
LOG: address = 0xdeadbeefc5d48cec7275152b3026b53f6f78d03d
     data    = 0x00000000000000000000000000000000000000000000000000000000000000000000000000000000000000000000000000000000000000000000000000000001ffffffffffffffffffffffffffffffffffffffffffffffffffffffffffffffff00000000000000000000000000000000000000000000000000000000000000000000000000000000000000000000000000000000000000000000000000000000
     topics  = 0x3adff1604df08a519c7848023123530b0c9a05bf082395a43c09e02406deea1a, 0x3c3c3c3c3c3c3c3c3c3c3c3c3c3c3c3c3c3c3c3c3c3c3c3c3c3c3c3c3c3c3c3c, 
LOG: address = 0xdeadbeefc5d48cec7275152b3026b53f6f78d03d
     data    = 0x00000000000000000000000000000000000000000000000000000000000000000000000000000000000000000000000000000000000000000000000000000000000000000000000000000000000000000000000000000000000000000000000000000000000000000000000000000000000000000000000000000000000000000000000000000000000000000000000000000000000000000000000000000000
     topics  = 0x3adff1604df08a519c7848023123530b0c9a05bf082395a43c09e02406deea1a, 0x3c3c3c3c3c3c3c3c3c3c3c3c3c3c3c3c3c3c3c3c3c3c3c3c3c3c3c3c3c3c3c3c, 

18025 (1): JUMPDEST
stack before:
 0: 0x0
 1: 0xe34ae1de28c6c19ea57fd55d3c78b67a0ab03f6c4f30f68f328b9ae61bc5e371
 2: 0xe31
 3: 0x0
 4: 0xe34ae1de28c6c19ea57fd55d3c78b67a0ab03f6c4f30f68f328b9ae61bc5e36f
 5: 0x3c3c3c3c3c3c3c3c3c3c3c3c3c3c3c3c3c3c3c3c3c3c3c3c3c3c3c3c3c3c3c3c
 6: 0x14b
 7: 0x2e1d7e

3633 (1): JUMPDEST
stack before:
 0: 0x0
 1: 0xe34ae1de28c6c19ea57fd55d3c78b67a0ab03f6c4f30f68f328b9ae61bc5e36f
 2: 0x3c3c3c3c3c3c3c3c3c3c3c3c3c3c3c3c3c3c3c3c3c3c3c3c3c3c3c3c3c3c3c3c
 3: 0x14b
 4: 0x2e1d7e

18025 (1): JUMPDEST
stack before:
 0: 0x0
 1: 0xe34ae1de28c6c19ea57fd55d3c78b67a0ab03f6c4f30f68f328b9ae61bc5e375
 2: 0xe3f
 3: 0x0
 4: 0xe34ae1de28c6c19ea57fd55d3c78b67a0ab03f6c4f30f68f328b9ae61bc5e36f
 5: 0x3c3c3c3c3c3c3c3c3c3c3c3c3c3c3c3c3c3c3c3c3c3c3c3c3c3c3c3c3c3c3c3c
 6: 0x14b
 7: 0x2e1d7e

3647 (1): JUMPDEST
stack before:
 0: 0x0
 1: 0xe34ae1de28c6c19ea57fd55d3c78b67a0ab03f6c4f30f68f328b9ae61bc5e36f
 2: 0x3c3c3c3c3c3c3c3c3c3c3c3c3c3c3c3c3c3c3c3c3c3c3c3c3c3c3c3c3c3c3c3c
 3: 0x14b
 4: 0x2e1d7e

18011 (1): JUMPDEST
stack before:
 0: 0x0
 1: 0xe34ae1de28c6c19ea57fd55d3c78b67a0ab03f6c4f30f68f328b9ae61bc5e379
 2: 0xe4d
 3: 0x0
 4: 0xe34ae1de28c6c19ea57fd55d3c78b67a0ab03f6c4f30f68f328b9ae61bc5e36f
 5: 0x3c3c3c3c3c3c3c3c3c3c3c3c3c3c3c3c3c3c3c3c3c3c3c3c3c3c3c3c3c3c3c3c
 6: 0x14b
 7: 0x2e1d7e

3661 (1): JUMPDEST
stack before:
 0: 0x0
 1: 0xe34ae1de28c6c19ea57fd55d3c78b67a0ab03f6c4f30f68f328b9ae61bc5e36f
 2: 0x3c3c3c3c3c3c3c3c3c3c3c3c3c3c3c3c3c3c3c3c3c3c3c3c3c3c3c3c3c3c3c3c
 3: 0x14b
 4: 0x2e1d7e

331 (1): JUMPDEST
stack before:
 0: 0x2e1d7e


no response
contract: 0xdeadbeefc5d48cec7275152b3026b53f6f78d03d
balance = 0x0
more than initial balance? no
contract creator: 0xcc079239d48f83be71dbbd18487f4acc279ee929
balance = 0x1000000000000000000000000000000000000000000000000
more than initial balance? no
checking balance of 0xc04689c0c5d48cec7275152b3026b53f6f78d03d
= 0x1000000000000000000000000000000000000000000000001
account 0xc04689c0c5d48cec7275152b3026b53f6f78d03d has balance 0x1000000000000000000000000000000000000000000000001( > 0x1000000000000000000000000000000000000000000000000)
checking balance of 0xc1af1d7e20374a20d4d3914c1a1b0ddfef99cc61
= 0x1000000000000000000000000000000000000000000000000
checking balance of 0xc2018c3f08417e77b94fb541fed2bf1e09093edd
= 0x1000000000000000000000000000000000000000000000000
checking balance of 0xc3cf2af7ea37d6d9d0a23bdf84c71e8c099d03c2
= 0x1000000000000000000000000000000000000000000000000
checking balance of 0xc4b803ea8bc30894cc4672a9159ca000d377d9a3
= 0x1000000000000000000000000000000000000000000000000
checking balance of 0xc5442b23ea5ca66c3441e62bf6456f010646ae94
= 0x1000000000000000000000000000000000000000000000000
combined balance of fuzzer accounts is 37662610412320084583014736539245998496614132666784207077377 but expected a maximum of 37662610412320084583014736539245998496614132666784207077376

[STATS] top-level transaction count: 2
[STATS] all transaction count: 3
[STATS] all mocked returns: 3

[DONE] all transactions executed
contract: 0xdeadbeefc5d48cec7275152b3026b53f6f78d03d
balance = 0x0
more than initial balance? no
contract creator: 0xcc079239d48f83be71dbbd18487f4acc279ee929
balance = 0x1000000000000000000000000000000000000000000000000
more than initial balance? no
checking balance of 0xc04689c0c5d48cec7275152b3026b53f6f78d03d
= 0x1000000000000000000000000000000000000000000000001
account 0xc04689c0c5d48cec7275152b3026b53f6f78d03d has balance 0x1000000000000000000000000000000000000000000000001( > 0x1000000000000000000000000000000000000000000000000)
checking balance of 0xc1af1d7e20374a20d4d3914c1a1b0ddfef99cc61
= 0x1000000000000000000000000000000000000000000000000
checking balance of 0xc2018c3f08417e77b94fb541fed2bf1e09093edd
= 0x1000000000000000000000000000000000000000000000000
checking balance of 0xc3cf2af7ea37d6d9d0a23bdf84c71e8c099d03c2
= 0x1000000000000000000000000000000000000000000000000
checking balance of 0xc4b803ea8bc30894cc4672a9159ca000d377d9a3
= 0x1000000000000000000000000000000000000000000000000
checking balance of 0xc5442b23ea5ca66c3441e62bf6456f010646ae94
= 0x1000000000000000000000000000000000000000000000000
combined balance of fuzzer accounts is 37662610412320084583014736539245998496614132666784207077377 but expected a maximum of 37662610412320084583014736539245998496614132666784207077376
[BUG] balance gain | 1 wei (compare total 37662610412320084583014736539245998496614132666784207077377 > 37662610412320084583014736539245998496614132666784207077376 wei expected)
Execution successful.
