[using trimmer code]
[Trimmer Stage: Start]
[Trimmer Stage: Transactions(4)] ✔️
[Trimmer Stage: Transactions(3)] ❌
[Trimmer Stage: Transactions(2)] ❌
[Trimmer Stage: Transactions(1)] ✔️
[Trimmer Stage: Transactions(0)] ✔️
[Trimmer Stage: TransactionHeader(1, BlockAdvance(0))] ✔️
[Trimmer Stage: TransactionHeader(0, BlockAdvance(0))] ✔️
[Trimmer Stage: Returns(1, 10)] ✔️
[Trimmer Stage: Returns(1, 9)] ✔️
[Trimmer Stage: Returns(1, 8)] ✔️
[Trimmer Stage: Returns(1, 7)] ✔️
[Trimmer Stage: Returns(1, 6)] ✔️
[Trimmer Stage: Returns(1, 5)] ✔️
[Trimmer Stage: Returns(1, 4)] ✔️
[Trimmer Stage: Returns(1, 3)] ✔️
[Trimmer Stage: Returns(1, 2)] ✔️
[Trimmer Stage: Returns(1, 1)] ✔️
[Trimmer Stage: Returns(1, 0)] ✔️
[Trimmer Stage: Returns(0, 9)] ✔️
[Trimmer Stage: Returns(0, 8)] ✔️
[Trimmer Stage: Returns(0, 7)] ✔️
[Trimmer Stage: Returns(0, 6)] ✔️
[Trimmer Stage: Returns(0, 5)] ✔️
[Trimmer Stage: Returns(0, 4)] ✔️
[Trimmer Stage: Returns(0, 3)] ✔️
[Trimmer Stage: Returns(0, 2)] ✔️
[Trimmer Stage: Returns(0, 1)] ✔️
[Trimmer Stage: Returns(0, 0)] ✔️
[Trimmer Stage: Inputs(1, 0)] ❌
[Trimmer Stage: Inputs(0, 4)] ❌
[Trimmer Stage: Inputs(0, 0)] ❌
[Trimmer Stage: Sender(1, 7)] ❌
[Trimmer Stage: Sender(1, 6)] ❌
[Trimmer Stage: Sender(1, 5)] ❌
[Trimmer Stage: Sender(1, 4)] ✔️
[Trimmer Stage: Sender(1, 3)] ❌
[Trimmer Stage: Sender(1, 2)] ❌
[Trimmer Stage: Sender(1, 1)] ❌
[Trimmer Stage: Sender(1, 0)] ❌
[Trimmer Stage: Sender(0, 4)] ✔️
[Trimmer Stage: Sender(0, 3)] ✔️
[Trimmer Stage: Sender(0, 2)] ✔️
[Trimmer Stage: Sender(0, 1)] ✔️
[Trimmer Stage: Sender(0, 0)] ✔️
[Trimmer Stage: Receiver(1, 0)] ✔️
[Trimmer Stage: Receiver(0, 20)] ✔️
[Trimmer Stage: Receiver(0, 19)] ✔️
[Trimmer Stage: Receiver(0, 18)] ✔️
[Trimmer Stage: Receiver(0, 17)] ✔️
[Trimmer Stage: Receiver(0, 16)] ✔️
[Trimmer Stage: Receiver(0, 15)] ✔️
[Trimmer Stage: Receiver(0, 14)] ✔️
[Trimmer Stage: Receiver(0, 13)] ✔️
[Trimmer Stage: Receiver(0, 12)] ✔️
[Trimmer Stage: Receiver(0, 11)] ✔️
[Trimmer Stage: Receiver(0, 10)] ✔️
[Trimmer Stage: Receiver(0, 9)] ✔️
[Trimmer Stage: Receiver(0, 8)] ✔️
[Trimmer Stage: Receiver(0, 7)] ✔️
[Trimmer Stage: Receiver(0, 6)] ✔️
[Trimmer Stage: Receiver(0, 5)] ✔️
[Trimmer Stage: Receiver(0, 4)] ✔️
[Trimmer Stage: Receiver(0, 3)] ✔️
[Trimmer Stage: Receiver(0, 2)] ✔️
[Trimmer Stage: Receiver(0, 1)] ✔️
[Trimmer Stage: Receiver(0, 0)] ✔️
[Trimmer Stage: BlockHeader(Number(0))] ✔️
[Trimmer Stage: BlockHeader(InitialEther(3814697265625))] ✔️
[Trimmer Stage: BlockHeader(InitialEther(100000))] ✔️
[Trimmer Stage: BlockHeader(InitialEther(10000))] ✔️
[Trimmer Stage: BlockHeader(InitialEther(10))] ✔️
[Trimmer Stage: BlockHeader(InitialEther(5))] ✔️
[Trimmer Stage: BlockHeader(InitialEther(2))] ✔️
[Trimmer Stage: BlockHeader(InitialEther(1))] ✔️
[Trimmer Stage: BlockHeader(InitialEther(0))] ❌
[minimizing difficulty]
[ sender/receiver selector TX[0] ]
[ sender/receiver selector TX[1] ]
[ we try sorting the transaction list ]
reduced testcases from 2320 to 112 bytes (by 96 %) edit distance 2248
=== Before minimizing: ===
Block header:
  number: 0
  difficulty: 0
  gas_limit: 0
  timestamp: 0
  initial_ether: 11000000000000000000

TX[0] with tx_sender[1]; tx_receiver[0]; call_value: 0x0; length: 32; block+=0; #returns=15
  func: owners(address):(address) (0x22914a7)
  input: 0000000000000000000000000b374a20d4d3914c1a1c0ddfef99cc61  [failed to decode]
  returns:
    return val: 1; allows reenter: 1; data: 0x0000000000000000000000000000000000000000000000000000000000000001
    return val: 1; allows reenter: 1; data: 0x0000000000000000000000000000000000000000000000000000000000000001
    return val: 1; allows reenter: 1; data: 0x0000000000000000000000000000000000000000000000000000000000000000
    return val: 1; allows reenter: 1; data: 0x0000000000000000000000000000000000000000000000000000000000000000
    return val: 1; allows reenter: 1; data: 0x0000000000000000000000000000000000000000000000000000000000000000
    return val: 1; allows reenter: 1; data: 0x0000000000000000000000000000000000000000000000000000000000000000
    return val: 1; allows reenter: 1; data: 0x0000000000000000000000000000000000000000000000000000000000000000
    return val: 1; allows reenter: 1; data: 0x0000000000000000000000000000000000000000000000000000000000000000
    return val: 1; allows reenter: 1; data: 0x0000000000000000000000000000000000000000000000000000000000000000
    return val: 1; allows reenter: 1; data: 0x0000000000000000000000000000000000000000000000000000000000000000
    return val: 1; allows reenter: 1; data: 0x0000000000000000000000000000000000000000000000000000000000000000
    return val: 1; allows reenter: 1; data: 0x0000000000000000000000000000000000000000000000000000000000000000
    return val: 1; allows reenter: 1; data: 0x0000000000000000000000000000000000000000000000000000000000000000
    return val: 1; allows reenter: 1; data: 0x0000000000000000000000000000000000000000000000000000000000000000
    return val: 1; allows reenter: 1; data: 0x0000000000000000000000000000000000000000000000000000000000000000
TX[1] with tx_sender[147]; tx_receiver[19]; call_value: 0x0; length: 36; block+=1; #returns=10
  func: newOwner(address):(bool) (0x85952454)
  input: { address(0xcc079239d48f83be71dbbd18487f4acc279ee929),  }
  returns:
    return val: 1; allows reenter: 1; data: 0x0000000000000000000000000000000000000000000000000000000000000000
    return val: 1; allows reenter: 1; data: 0x0000000000000000000000000000000000000000000000000000000000000000
    return val: 1; allows reenter: 1; data: 0x0000000000000000000000000000000000000000000000000000000000000000
    return val: 1; allows reenter: 1; data: 0x0000000000000000000000000000000000000000000000000000000000000000
    return val: 1; allows reenter: 1; data: 0x0000000000000000000000000000000000000000000000000000000000000000
    return val: 1; allows reenter: 1; data: 0x0000000000000000000000000000000000000000000000000000000000000000
    return val: 1; allows reenter: 1; data: 0x0000000000000000000000000000000000000000000000000000000000000000
    return val: 1; allows reenter: 1; data: 0x0000000000000000000000000000000000000000000000000000000000000000
    return val: 1; allows reenter: 1; data: 0x0000000000000000000000000000000000000000000000000000000000000000
    return val: 1; allows reenter: 1; data: 0x0000000000000000000000000000000000000000000000000000000000000000
TX[2] with tx_sender[4]; tx_receiver[220]; call_value: 0x0; length: 36; block+=1; #returns=10
  func: newOwner(address):(bool) (0x85952454)
  input: { address(0xc4b803ea8bc30894cc4672a9159ca000d377d9a3),  }
  returns:
    return val: 1; allows reenter: 1; data: 0x0000000000000000000000000000000000000000000000000000000000000000
    return val: 1; allows reenter: 1; data: 0x0000000000000000000000000000000000000000000000000000000000000000
    return val: 1; allows reenter: 1; data: 0x0000000000000000000000000000000000000000000000000000000000000000
    return val: 1; allows reenter: 1; data: 0x0000000000000000000000000000000000000000000000000000000000000000
    return val: 1; allows reenter: 1; data: 0x0000000000000000000000000000000000000000000000000000000000000000
    return val: 1; allows reenter: 1; data: 0x0000000000000000000000000000000000000000000000000000000000000000
    return val: 1; allows reenter: 1; data: 0x0000000000000000000000000000000000000000000000000000000000000000
    return val: 1; allows reenter: 1; data: 0x0000000000000000000000000000000000000000000000000000000000000000
    return val: 1; allows reenter: 1; data: 0x0000000000000000000000000000000000000000000000000000000000000000
    return val: 1; allows reenter: 1; data: 0x0000000000000000000000000000000000000000000000000000000000000000
TX[3] with tx_sender[184]; tx_receiver[0]; call_value: 0x0; length: 4; block+=1; #returns=11
  func: withdrawAll() (0x853828b6)
  input: {  }
  returns:
    return val: 1; allows reenter: 1; data: 0x
    return val: 1; allows reenter: 1; data: 0x0000000000000000000000000000000000000000000000000000000000000000
    return val: 1; allows reenter: 1; data: 0x0000000000000000000000000000000000000000000000000000000000000000
    return val: 1; allows reenter: 1; data: 0x0000000000000000000000000000000000000000000000000000000000000000
    return val: 1; allows reenter: 1; data: 0x0000000000000000000000000000000000000000000000000000000000000000
    return val: 1; allows reenter: 1; data: 0x0000000000000000000000000000000000000000000000000000000000000000
    return val: 1; allows reenter: 1; data: 0x0000000000000000000000000000000000000000000000000000000000000000
    return val: 1; allows reenter: 1; data: 0x0000000000000000000000000000000000000000000000000000000000000000
    return val: 1; allows reenter: 1; data: 0x0000000000000000000000000000000000000000000000000000000000000000
    return val: 1; allows reenter: 1; data: 0x0000000000000000000000000000000000000000000000000000000000000000
    return val: 1; allows reenter: 1; data: 0x0000000000000000000000000000000000000000000000000000000000000000
TX[4] with tx_sender[85]; tx_receiver[0]; call_value: 0x0; length: 36; block+=1; #returns=12
  func: deleteOwner(address):(bool) (0xcd5c4c70)
  input: { address(0x0000000000000000000000000000000000000000),  }
  returns:
    return val: 1; allows reenter: 0; data: 0x0000000000000000000000000000000000000000000000000000000000000001
    return val: 1; allows reenter: 1; data: 0x0000000000000000000000000000000000000000000000000000000000000000
    return val: 1; allows reenter: 1; data: 0x0000000000000000000000000000000000000000000000000000000000000000
    return val: 1; allows reenter: 1; data: 0x0000000000000000000000000000000000000000000000000000000000000000
    return val: 1; allows reenter: 1; data: 0x0000000000000000000000000000000000000000000000000000000000000000
    return val: 1; allows reenter: 1; data: 0x0000000000000000000000000000000000000000000000000000000000000000
    return val: 1; allows reenter: 1; data: 0x0000000000000000000000000000000000000000000000000000000000000000
    return val: 1; allows reenter: 1; data: 0x0000000000000000000000000000000000000000000000000000000000000000
    return val: 1; allows reenter: 1; data: 0x0000000000000000000000000000000000000000000000000000000000000000
    return val: 1; allows reenter: 1; data: 0x0000000000000000000000000000000000000000000000000000000000000000
    return val: 1; allows reenter: 1; data: 0x0000000000000000000000000000000000000000000000000000000000000000
    return val: 1; allows reenter: 1; data: 0x0000000000000000000000000000000000000000000000000000000000000000
=== After minimizing: ===
Block header:
  number: 0
  difficulty: 0
  gas_limit: 0
  timestamp: 0
  initial_ether: 1

TX[0] with tx_sender[0]; tx_receiver[0]; call_value: 0x0; length: 36; block+=0; #returns=0
  func: newOwner(address):(bool) (0x85952454)
  input: { address(0xc4b803ea8bc30894cc4672a9159ca000d377d9a3),  }
TX[1] with tx_sender[4]; tx_receiver[0]; call_value: 0x0; length: 4; block+=0; #returns=0
  func: withdrawAll() (0x853828b6)
  input: {  }
