Reading 144 bytes from ./m0/crashes/../crashes_min/id:000000,sig:06,src:000000,time:5091,execs:32657,EM-_____-_____l__sS_AIL_____R_-___E_-_cr__-ADH_
= Constructing global state =
target contract address: 0xdeadbeefc5d48cec7275152b3026b53f6f78d03d
with 6 attacker accounts with initial funds: 0x1000000000000000000000000000000000000000000000000
Running constructor transaction with total input length 9689 (built-in constructor code is 9689 + 0)
constructor finished
returned code of length 9169 (compare to built-in code size 9169)
== GLOBAL STATE Block 100000 timestamp 1420066800 ==
  ATTACKER address: 0xc04689c0c5d48cec7275152b3026b53f6f78d03d balance: 0x1000000000000000000000000000000000000000000000000 code length: 1 specialized: 0 is_mocked: 1
  ATTACKER address: 0xc1af1d7e20374a20d4d3914c1a1b0ddfef99cc61 balance: 0x1000000000000000000000000000000000000000000000000 code length: 1 specialized: 0 is_mocked: 1
  ATTACKER address: 0xc2018c3f08417e77b94fb541fed2bf1e09093edd balance: 0x1000000000000000000000000000000000000000000000000 code length: 1 specialized: 0 is_mocked: 1
  ATTACKER address: 0xc3cf2af7ea37d6d9d0a23bdf84c71e8c099d03c2 balance: 0x1000000000000000000000000000000000000000000000000 code length: 1 specialized: 0 is_mocked: 1
  ATTACKER address: 0xc4b803ea8bc30894cc4672a9159ca000d377d9a3 balance: 0x1000000000000000000000000000000000000000000000000 code length: 0 specialized: 0 is_mocked: 0
  ATTACKER address: 0xc5442b23ea5ca66c3441e62bf6456f010646ae94 balance: 0x1000000000000000000000000000000000000000000000000 code length: 0 specialized: 0 is_mocked: 0
  CREATOR  address: 0xcc079239d48f83be71dbbd18487f4acc279ee929 balance: 0x1000000000000000000000000000000000000000000000000 code length: 0 specialized: 0 is_mocked: 0
  FRIEND   address: 0xcf7c6611373327e75f8ef1beef8227afb89816dd balance: 0x1000000000000000000000000000000000000000000000000 code length: 1 specialized: 0 is_mocked: 0
  TARGET   address: 0xdeadbeefc5d48cec7275152b3026b53f6f78d03d balance: 0x0 code length: 9169 specialized: 1 is_mocked: 0
           address: 0xe0af163ebeab9bb2968fee294a22ca4fe2fa3a06 balance: 0x0 code length: 0 specialized: 0 is_mocked: 0

running fuzzcase
Block Header
setting initial balance from 0 to 0

-- TRANSACTION 0 --
found input with length: 36
Running Transaction 0
input bytes: 0x4fb2e45d000000000000000000000000c5442b23ea5ca66c3441e62bf6456f010646ae94
4byte sig: 0x4fb2e45d
call value: 0x0
from: 0xc04689c0c5d48cec7275152b3026b53f6f78d03d
to: 0xdeadbeefc5d48cec7275152b3026b53f6f78d03d
block num: 100000
block ts: 1420066800
== EVM TX Done ==
return code: 1
Exception: 
last PC: 816
LOGs: 0

783 (1): JUMPDEST
stack before:
 0: 0x4fb2e45d

795 (1): JUMPDEST
stack before:
 0: 0x0
 1: 0x4fb2e45d

4284 (1): JUMPDEST
stack before:
 0: 0xc5442b23ea5ca66c3441e62bf6456f010646ae94
 1: 0x330
 2: 0x4fb2e45d

4380 (1): JUMPDEST
stack before:
 0: 0xc5442b23ea5ca66c3441e62bf6456f010646ae94
 1: 0x330
 2: 0x4fb2e45d

4482 (1): JUMPDEST
stack before:
 0: 0xc5442b23ea5ca66c3441e62bf6456f010646ae94
 1: 0x330
 2: 0x4fb2e45d

4595 (1): JUMPDEST
stack before:
 0: 0xc5442b23ea5ca66c3441e62bf6456f010646ae94
 1: 0x330
 2: 0x4fb2e45d

816 (1): JUMPDEST
stack before:
 0: 0x4fb2e45d


no response
contract: 0xdeadbeefc5d48cec7275152b3026b53f6f78d03d
balance = 0x0
more than initial balance? no
contract creator: 0xcc079239d48f83be71dbbd18487f4acc279ee929
balance = 0x1000000000000000000000000000000000000000000000000
more than initial balance? no
checking balance of 0xc04689c0c5d48cec7275152b3026b53f6f78d03d
= 0x1000000000000000000000000000000000000000000000000
checking balance of 0xc1af1d7e20374a20d4d3914c1a1b0ddfef99cc61
= 0x1000000000000000000000000000000000000000000000000
checking balance of 0xc2018c3f08417e77b94fb541fed2bf1e09093edd
= 0x1000000000000000000000000000000000000000000000000
checking balance of 0xc3cf2af7ea37d6d9d0a23bdf84c71e8c099d03c2
= 0x1000000000000000000000000000000000000000000000000
checking balance of 0xc4b803ea8bc30894cc4672a9159ca000d377d9a3
= 0x1000000000000000000000000000000000000000000000000
checking balance of 0xc5442b23ea5ca66c3441e62bf6456f010646ae94
= 0x1000000000000000000000000000000000000000000000000

-- TRANSACTION 1 --
found input with length: 36
Running Transaction 1
input bytes: 0x9d02a866000000000000000000000000c2018c3f08417e77b94fb541fed2bf1e09093edd
4byte sig: 0x9d02a866
call value: 0x0
from: 0xc5442b23ea5ca66c3441e62bf6456f010646ae94
to: 0xdeadbeefc5d48cec7275152b3026b53f6f78d03d
block num: 100000
block ts: 1420066800
== EVM TX Done ==
return code: 1
Exception: 
last PC: 6744
LOGs: 0

229 (1): DUP1
stack before:
 0: 0x9d02a866

240 (1): DUP1
stack before:
 0: 0x9d02a866

251 (1): DUP1
stack before:
 0: 0x9d02a866

1074 (1): JUMPDEST
stack before:
 0: 0x9d02a866

1086 (1): JUMPDEST
stack before:
 0: 0x0
 1: 0x9d02a866

6721 (1): JUMPDEST
stack before:
 0: 0xc2018c3f08417e77b94fb541fed2bf1e09093edd
 1: 0x330
 2: 0x9d02a866

6744 (1): JUMPDEST
stack before:
 0: 0xc2018c3f08417e77b94fb541fed2bf1e09093edd
 1: 0x330
 2: 0x9d02a866


no response

[STATS] top-level transaction count: 1
[STATS] all transaction count: 2
[STATS] all mocked returns: 0
[BUG] controlled selfdestruct | selfdestruct to attacker 0xc2018c3f08417e77b94fb541fed2bf1e09093edd
contract: 0xdeadbeefc5d48cec7275152b3026b53f6f78d03d
balance = 0x0
more than initial balance? no
contract creator: 0xcc079239d48f83be71dbbd18487f4acc279ee929
balance = 0x1000000000000000000000000000000000000000000000000
more than initial balance? no
checking balance of 0xc04689c0c5d48cec7275152b3026b53f6f78d03d
= 0x1000000000000000000000000000000000000000000000000
checking balance of 0xc1af1d7e20374a20d4d3914c1a1b0ddfef99cc61
= 0x1000000000000000000000000000000000000000000000000
checking balance of 0xc2018c3f08417e77b94fb541fed2bf1e09093edd
= 0x1000000000000000000000000000000000000000000000000
checking balance of 0xc3cf2af7ea37d6d9d0a23bdf84c71e8c099d03c2
= 0x1000000000000000000000000000000000000000000000000
checking balance of 0xc4b803ea8bc30894cc4672a9159ca000d377d9a3
= 0x1000000000000000000000000000000000000000000000000
checking balance of 0xc5442b23ea5ca66c3441e62bf6456f010646ae94
= 0x1000000000000000000000000000000000000000000000000

[STATS] top-level transaction count: 2
[STATS] all transaction count: 2
[STATS] all mocked returns: 0

[DONE] all transactions executed
contract: 0xdeadbeefc5d48cec7275152b3026b53f6f78d03d
balance = 0x0
more than initial balance? no
contract creator: 0xcc079239d48f83be71dbbd18487f4acc279ee929
balance = 0x1000000000000000000000000000000000000000000000000
more than initial balance? no
checking balance of 0xc04689c0c5d48cec7275152b3026b53f6f78d03d
= 0x1000000000000000000000000000000000000000000000000
checking balance of 0xc1af1d7e20374a20d4d3914c1a1b0ddfef99cc61
= 0x1000000000000000000000000000000000000000000000000
checking balance of 0xc2018c3f08417e77b94fb541fed2bf1e09093edd
= 0x1000000000000000000000000000000000000000000000000
checking balance of 0xc3cf2af7ea37d6d9d0a23bdf84c71e8c099d03c2
= 0x1000000000000000000000000000000000000000000000000
checking balance of 0xc4b803ea8bc30894cc4672a9159ca000d377d9a3
= 0x1000000000000000000000000000000000000000000000000
checking balance of 0xc5442b23ea5ca66c3441e62bf6456f010646ae94
= 0x1000000000000000000000000000000000000000000000000
Execution successful.
