[using trimmer code]
[Trimmer Stage: Start]
[Trimmer Stage: Transactions(3)] ✔️
[Trimmer Stage: Transactions(2)] ✔️
[Trimmer Stage: Transactions(1)] ❌
[Trimmer Stage: Transactions(0)] ❌
[Trimmer Stage: TransactionHeader(1, BlockAdvance(0))] ✔️
[Trimmer Stage: TransactionHeader(0, BlockAdvance(0))] ✔️
[Trimmer Stage: Inputs(1, 4)] ❌
[Trimmer Stage: Inputs(1, 0)] ❌
[Trimmer Stage: Inputs(0, 4)] ❌
[Trimmer Stage: Inputs(0, 0)] ❌
[Trimmer Stage: Sender(1, 7)] ✔️
[Trimmer Stage: Sender(1, 6)] ❌
[Trimmer Stage: Sender(1, 5)] ❌
[Trimmer Stage: Sender(1, 4)] ❌
[Trimmer Stage: Sender(1, 3)] ❌
[Trimmer Stage: Sender(1, 2)] ❌
[Trimmer Stage: Sender(1, 1)] ✔️
[Trimmer Stage: Sender(1, 0)] ❌
[Trimmer Stage: Sender(0, 7)] ✔️
[Trimmer Stage: Sender(0, 6)] ✔️
[Trimmer Stage: Sender(0, 5)] ✔️
[Trimmer Stage: Sender(0, 4)] ✔️
[Trimmer Stage: Sender(0, 3)] ✔️
[Trimmer Stage: Sender(0, 2)] ✔️
[Trimmer Stage: Sender(0, 1)] ✔️
[Trimmer Stage: Sender(0, 0)] ✔️
[Trimmer Stage: Receiver(1, 20)] ✔️
[Trimmer Stage: Receiver(1, 19)] ✔️
[Trimmer Stage: Receiver(1, 18)] ✔️
[Trimmer Stage: Receiver(1, 17)] ✔️
[Trimmer Stage: Receiver(1, 16)] ✔️
[Trimmer Stage: Receiver(1, 15)] ✔️
[Trimmer Stage: Receiver(1, 14)] ✔️
[Trimmer Stage: Receiver(1, 13)] ✔️
[Trimmer Stage: Receiver(1, 12)] ✔️
[Trimmer Stage: Receiver(1, 11)] ✔️
[Trimmer Stage: Receiver(1, 10)] ✔️
[Trimmer Stage: Receiver(1, 9)] ✔️
[Trimmer Stage: Receiver(1, 8)] ✔️
[Trimmer Stage: Receiver(1, 7)] ✔️
[Trimmer Stage: Receiver(1, 6)] ✔️
[Trimmer Stage: Receiver(1, 5)] ✔️
[Trimmer Stage: Receiver(1, 4)] ✔️
[Trimmer Stage: Receiver(1, 3)] ✔️
[Trimmer Stage: Receiver(1, 2)] ✔️
[Trimmer Stage: Receiver(1, 1)] ✔️
[Trimmer Stage: Receiver(1, 0)] ✔️
[Trimmer Stage: Receiver(0, 6)] ✔️
[Trimmer Stage: Receiver(0, 5)] ✔️
[Trimmer Stage: Receiver(0, 4)] ✔️
[Trimmer Stage: Receiver(0, 3)] ✔️
[Trimmer Stage: Receiver(0, 2)] ✔️
[Trimmer Stage: Receiver(0, 1)] ✔️
[Trimmer Stage: Receiver(0, 0)] ✔️
[Trimmer Stage: BlockHeader(Number(0))] ✔️
[minimizing difficulty]
[ sender/receiver selector TX[0] ]
[ sender/receiver selector TX[1] ]
[ we try sorting the transaction list ]
reduced testcases from 248 to 144 bytes (by 42 %) edit distance 110
=== Before minimizing: ===
Block header:
  number: 0
  difficulty: 0
  gas_limit: 0
  timestamp: 0
  initial_ether: 0

TX[0] with tx_sender[224]; tx_receiver[6]; call_value: 0x0; length: 36; block+=1; #returns=0
  func: transferOwner(address) (0x4fb2e45d)
  input: { address(0xc1af1d7e20374a20d4d3914c1a1b0ddfef99cc61),  }
TX[1] with tx_sender[73]; tx_receiver[83]; call_value: 0x0; length: 36; block+=1; #returns=0
  func: destoryContract(address) (0x9d02a866)
  input: { address(0xc4b803ea8bc30894cc4672a9159ca000d377d9a3),  }
TX[2] with tx_sender[201]; tx_receiver[119]; call_value: 0x11c7ea162e782000000000000000000; length: 4; block+=1; #returns=0
  func: depositEtherToContract() (0xb63327d4)
  input: {  }
TX[3] with tx_sender[19]; tx_receiver[76]; call_value: 0x0; length: 68; block+=1; #returns=0
  func: transfer(address,uint256):(bool) (0xa9059cbb)
  input: { address(0xc3cf2af7ea37d6d9d0a23bdf84c71e8c099d03c2), uint(157198259),  }
=== After minimizing: ===
Block header:
  number: 0
  difficulty: 0
  gas_limit: 0
  timestamp: 0
  initial_ether: 0

TX[0] with tx_sender[0]; tx_receiver[0]; call_value: 0x0; length: 36; block+=0; #returns=0
  func: transferOwner(address) (0x4fb2e45d)
  input: { address(0xc1af1d7e20374a20d4d3914c1a1b0ddfef99cc61),  }
TX[1] with tx_sender[1]; tx_receiver[0]; call_value: 0x0; length: 36; block+=0; #returns=0
  func: destoryContract(address) (0x9d02a866)
  input: { address(0xc4b803ea8bc30894cc4672a9159ca000d377d9a3),  }
