[using trimmer code]
[Trimmer Stage: Start]
[Trimmer Stage: Transactions(2)] ❌
[Trimmer Stage: Transactions(1)] ✔️
[Trimmer Stage: Transactions(0)] ❌
[Trimmer Stage: Returns(1, 0)] ❌
[Trimmer Stage: ReturnData(1, 0, 185)] ✔️
[Trimmer Stage: ReturnData(1, 0, 160)] ✔️
[Trimmer Stage: ReturnData(1, 0, 128)] ✔️
[Trimmer Stage: ReturnData(1, 0, 96)] ✔️
[Trimmer Stage: ReturnData(1, 0, 64)] ✔️
[Trimmer Stage: ReturnData(1, 0, 32)] ✔️
[Trimmer Stage: ReturnData(1, 0, 0)] ✔️
[Trimmer Stage: Reenter(1, 0, 0)] ✔️
[Trimmer Stage: Inputs(1, 4)] ✔️
[Trimmer Stage: Inputs(1, 0)] ❌
[Trimmer Stage: Inputs(0, 4)] ❌
[Trimmer Stage: Inputs(0, 0)] ❌
[Trimmer Stage: Sender(1, 1)] ✔️
[Trimmer Stage: Sender(1, 0)] ❌
[Trimmer Stage: Sender(0, 0)] ✔️
[Trimmer Stage: Receiver(1, 0)] ✔️
[Trimmer Stage: Receiver(0, 0)] ✔️
[Trimmer Stage: BlockHeader(Number(0))] ✔️
[Trimmer Stage: BlockHeader(InitialEther(100000))] ✔️
[Trimmer Stage: BlockHeader(InitialEther(10000))] ✔️
[Trimmer Stage: BlockHeader(InitialEther(10))] ✔️
[Trimmer Stage: BlockHeader(InitialEther(5))] ✔️
[Trimmer Stage: BlockHeader(InitialEther(2))] ✔️
[Trimmer Stage: BlockHeader(InitialEther(1))] ✔️
[Trimmer Stage: BlockHeader(InitialEther(0))] ❌
[minimizing difficulty]
[ sender/receiver selector TX[0] ]
[ sender/receiver selector TX[1] ]
[ we try sorting the transaction list ]
reduced testcases from 534 to 116 bytes (by 79 %) edit distance 428
=== Before minimizing: ===
Block header:
  number: 0
  difficulty: 0
  gas_limit: 0
  timestamp: 0
  initial_ether: 60129542144

TX[0] with tx_sender[0]; tx_receiver[0]; call_value: 0x0; length: 36; block+=0; #returns=0
  func: newOwner(address):(bool) (0x85952454)
  input: { address(0xc1af1d7e20374a20d4d3914c1a1b0ddfef99cc61),  }
TX[1] with tx_sender[1]; tx_receiver[0]; call_value: 0x1; length: 0; block+=0; #returns=0
  input: 
TX[2] with tx_sender[1]; tx_receiver[0]; call_value: 0x0; length: 36; block+=0; #returns=1
  func: withdrawAll() (0x853828b6)
  input: {  }
  returns:
    return val: 205; allows reenter: 92; data: 0x000000640000000000000000c04689c0c5d48cec7275152b3026b53f6f7800000000000000000000000000000000000001012000000000000000000000000000000000000000000000000010004000000000efefefefefefefefefefefefefefefefefefefefefefefefefef000123fb003ed50100ff0000000000000000cd5c4c70000000000e00000000000000cc079239d48f83be71dbbd18487f4acc279ee92904000300000000000000000000000000853828b60101200000000000000000000000000000000000000000000000000000000000000000000101200000000000000000000000000000000000000000000000000000000000000000000101e00000008000000000e8ff000000000000000000001200000000000000000001000000000000000000000000000000000000000001000000000a000000000000002000000000000000000000000000000000000000000000000000000000000000040000000000000000000000ffe0000000
=== After minimizing: ===
Block header:
  number: 0
  difficulty: 0
  gas_limit: 0
  timestamp: 0
  initial_ether: 1

TX[0] with tx_sender[0]; tx_receiver[0]; call_value: 0x0; length: 36; block+=0; #returns=0
  func: newOwner(address):(bool) (0x85952454)
  input: { address(0xc1af1d7e20374a20d4d3914c1a1b0ddfef99cc61),  }
TX[1] with tx_sender[1]; tx_receiver[0]; call_value: 0x0; length: 4; block+=0; #returns=1
  func: withdrawAll() (0x853828b6)
  input: {  }
  returns:
    return val: 205; allows reenter: 0; data: 0x
