Reading 356 bytes from ./default/crashes/../crashes_min/id:000000,sig:06,src:000119,time:480272,execs:3049110,op:its,rep:16
= Constructing global state =
target contract address: 0xdeadbeefc5d48cec7275152b3026b53f6f78d03d
with 6 attacker accounts with initial funds: 0x1000000000000000000000000000000000000000000000000
Running constructor transaction with total input length 1149 (built-in constructor code is 1149 + 0)
constructor finished
returned code of length 1130 (compare to built-in code size 1130)
== GLOBAL STATE Block 100000 timestamp 1420066800 ==
  ATTACKER address: 0xc04689c0c5d48cec7275152b3026b53f6f78d03d balance: 0x1000000000000000000000000000000000000000000000000 code length: 1 specialized: 0 is_mocked: 1
  ATTACKER address: 0xc1af1d7e20374a20d4d3914c1a1b0ddfef99cc61 balance: 0x1000000000000000000000000000000000000000000000000 code length: 1 specialized: 0 is_mocked: 1
  ATTACKER address: 0xc2018c3f08417e77b94fb541fed2bf1e09093edd balance: 0x1000000000000000000000000000000000000000000000000 code length: 1 specialized: 0 is_mocked: 1
  ATTACKER address: 0xc3cf2af7ea37d6d9d0a23bdf84c71e8c099d03c2 balance: 0x1000000000000000000000000000000000000000000000000 code length: 1 specialized: 0 is_mocked: 1
  ATTACKER address: 0xc4b803ea8bc30894cc4672a9159ca000d377d9a3 balance: 0x1000000000000000000000000000000000000000000000000 code length: 0 specialized: 0 is_mocked: 0
  ATTACKER address: 0xc5442b23ea5ca66c3441e62bf6456f010646ae94 balance: 0x1000000000000000000000000000000000000000000000000 code length: 0 specialized: 0 is_mocked: 0
  CREATOR  address: 0xcc079239d48f83be71dbbd18487f4acc279ee929 balance: 0x1000000000000000000000000000000000000000000000000 code length: 0 specialized: 0 is_mocked: 0
  FRIEND   address: 0xcf7c6611373327e75f8ef1beef8227afb89816dd balance: 0x1000000000000000000000000000000000000000000000000 code length: 1 specialized: 0 is_mocked: 0
  TARGET   address: 0xdeadbeefc5d48cec7275152b3026b53f6f78d03d balance: 0x0 code length: 1130 specialized: 1 is_mocked: 0
           address: 0xe0af163ebeab9bb2968fee294a22ca4fe2fa3a06 balance: 0x0 code length: 0 specialized: 0 is_mocked: 0

running fuzzcase
Block Header
setting initial balance from 0 to 2067915629632293676777472

-- TRANSACTION 0 --
found input with length: 100
Running Transaction 0
input bytes: 0x519c6377000000000000000000000000000000000000000000000000000000000000002000000000000000000000000000000000000000000000000000000000000000200000000000000000000000000000000000000000000000000000000000000004
4byte sig: 0x519c6377
call value: 0x0
from: 0xc4b803ea8bc30894cc4672a9159ca000d377d9a3
to: 0xdeadbeefc5d48cec7275152b3026b53f6f78d03d
block num: 100001
block ts: 1420066860
== EVM TX Done ==
return code: 1
Exception: 
last PC: 180
LOGs: 0

244 (1): JUMPDEST
stack before:
 0: 0x20
 1: 0x24
 2: 0x4
 3: 0x64
 4: 0xb4
 5: 0x519c6377

262 (1): JUMPDEST
stack before:
 0: 0x24
 1: 0x24
 2: 0x4
 3: 0x64
 4: 0xb4
 5: 0x519c6377

296 (1): JUMPDEST
stack before:
 0: 0x24
 1: 0x20
 2: 0x44
 3: 0x4
 4: 0x64
 5: 0xb4
 6: 0x519c6377

767 (1): JUMPDEST
stack before:
 0: 0x20
 1: 0x44
 2: 0xb4
 3: 0x519c6377

793 (1): JUMPDEST
stack before:
 0: 0x20
 1: 0x44
 2: 0xb4
 3: 0x519c6377

871 (1): JUMPDEST
stack before:
 0: 0x20
 1: 0x44
 2: 0xb4
 3: 0x519c6377

180 (1): JUMPDEST
stack before:
 0: 0x519c6377


no response
contract: 0xdeadbeefc5d48cec7275152b3026b53f6f78d03d
balance = 0x1b5e5ee50000004040000
more than initial balance? no
contract creator: 0xcc079239d48f83be71dbbd18487f4acc279ee929
balance = 0x1000000000000000000000000000000000000000000000000
more than initial balance? no
checking balance of 0xc04689c0c5d48cec7275152b3026b53f6f78d03d
= 0x1000000000000000000000000000000000000000000000000
checking balance of 0xc1af1d7e20374a20d4d3914c1a1b0ddfef99cc61
= 0x1000000000000000000000000000000000000000000000000
checking balance of 0xc2018c3f08417e77b94fb541fed2bf1e09093edd
= 0x1000000000000000000000000000000000000000000000000
checking balance of 0xc3cf2af7ea37d6d9d0a23bdf84c71e8c099d03c2
= 0x1000000000000000000000000000000000000000000000000
checking balance of 0xc4b803ea8bc30894cc4672a9159ca000d377d9a3
= 0x1000000000000000000000000000000000000000000000000
checking balance of 0xc5442b23ea5ca66c3441e62bf6456f010646ae94
= 0x1000000000000000000000000000000000000000000000000

-- TRANSACTION 1 --
found input with length: 164
Running Transaction 1
input bytes: 0xd53d58850000000000000000000000000000000000000000000000000000000000000000010101010101010101010101c4b803ea8bc30894cc4672a9159ca000d377d9a3000000000000000000000000000000000000000000000000000000000000006000000000000000000000000000000000000000000000000000000000000000200000000000000000000000000000000000000000000000000000000000000004
4byte sig: 0xd53d5885
call value: 0x1
from: 0xc4b803ea8bc30894cc4672a9159ca000d377d9a3
to: 0xdeadbeefc5d48cec7275152b3026b53f6f78d03d
block num: 100002
block ts: 1420066920
== EVM TX Done ==
return code: 1
Exception: 
last PC: 180
LOGs: 0

428 (1): JUMPDEST
stack before:
 0: 0x60
 1: 0x64
 2: 0x4
 3: 0xa4
 4: 0xc4b803ea8bc30894cc4672a9159ca000d377d9a3
 5: 0x0
 6: 0xb4
 7: 0xd53d5885

446 (1): JUMPDEST
stack before:
 0: 0x64
 1: 0x64
 2: 0x4
 3: 0xa4
 4: 0xc4b803ea8bc30894cc4672a9159ca000d377d9a3
 5: 0x0
 6: 0xb4
 7: 0xd53d5885

480 (1): JUMPDEST
stack before:
 0: 0x64
 1: 0x20
 2: 0x84
 3: 0x4
 4: 0xa4
 5: 0xc4b803ea8bc30894cc4672a9159ca000d377d9a3
 6: 0x0
 7: 0xb4
 8: 0xd53d5885

893 (1): JUMPDEST
stack before:
 0: 0x20
 1: 0x84
 2: 0xc4b803ea8bc30894cc4672a9159ca000d377d9a3
 3: 0x0
 4: 0xb4
 5: 0xd53d5885

918 (1): JUMPDEST
stack before:
 0: 0x20
 1: 0x84
 2: 0xc4b803ea8bc30894cc4672a9159ca000d377d9a3
 3: 0x0
 4: 0xb4
 5: 0xd53d5885

1014 (1): JUMPDEST
stack before:
 0: 0x20
 1: 0x84
 2: 0xc4b803ea8bc30894cc4672a9159ca000d377d9a3
 3: 0x0
 4: 0xb4
 5: 0xd53d5885

180 (1): JUMPDEST
stack before:
 0: 0xd53d5885


no response
contract: 0xdeadbeefc5d48cec7275152b3026b53f6f78d03d
balance = 0x1b5e5ee50000004040001
more than initial balance? yes
contract creator: 0xcc079239d48f83be71dbbd18487f4acc279ee929
balance = 0x1000000000000000000000000000000000000000000000000
more than initial balance? no
checking balance of 0xc04689c0c5d48cec7275152b3026b53f6f78d03d
= 0x1000000000000000000000000000000000000000000000000
checking balance of 0xc1af1d7e20374a20d4d3914c1a1b0ddfef99cc61
= 0x1000000000000000000000000000000000000000000000000
checking balance of 0xc2018c3f08417e77b94fb541fed2bf1e09093edd
= 0x1000000000000000000000000000000000000000000000000
checking balance of 0xc3cf2af7ea37d6d9d0a23bdf84c71e8c099d03c2
= 0x1000000000000000000000000000000000000000000000000
checking balance of 0xc4b803ea8bc30894cc4672a9159ca000d377d9a3
= 0xffffffffffffffffffffffffffffffffffffffffffffffff
checking balance of 0xc5442b23ea5ca66c3441e62bf6456f010646ae94
= 0x1000000000000000000000000000000000000000000000000

-- TRANSACTION 2 --
found input with length: 4
Running Transaction 2
input bytes: 0x3ccfd60b
4byte sig: 0x3ccfd60b
call value: 0x0
from: 0xc4b803ea8bc30894cc4672a9159ca000d377d9a3
to: 0xdeadbeefc5d48cec7275152b3026b53f6f78d03d
block num: 100007
block ts: 1420067220
== EVM TX Done ==
return code: 1
Exception: 
last PC: 180
LOGs: 0

585 (1): JUMPDEST
stack before:
 0: 0xb4
 1: 0x3ccfd60b

611 (1): POP
stack before:
 0: 0x0
 1: 0x0
 2: 0xb4
 3: 0x3ccfd60b

666 (1): CALLER
stack before:
 0: 0x0
 1: 0x0
 2: 0xb4
 3: 0x3ccfd60b

693 (1): JUMPDEST
stack before:
 0: 0x0
 1: 0x56bce792aac9d0000
 2: 0xb4
 3: 0x3ccfd60b

760 (1): JUMPDEST
stack before:
 0: 0x0
 1: 0x56bce792aac9d0001
 2: 0x0
 3: 0x56bce792aac9d0000
 4: 0xb4
 5: 0x3ccfd60b

765 (1): JUMPDEST
stack before:
 0: 0xb4
 1: 0x3ccfd60b

180 (1): JUMPDEST
stack before:
 0: 0x3ccfd60b


no response
contract: 0xdeadbeefc5d48cec7275152b3026b53f6f78d03d
balance = 0x1b5e0828186d557670000
more than initial balance? no
contract creator: 0xcc079239d48f83be71dbbd18487f4acc279ee929
balance = 0x1000000000000000000000000000000000000000000000000
more than initial balance? no
checking balance of 0xc04689c0c5d48cec7275152b3026b53f6f78d03d
= 0x1000000000000000000000000000000000000000000000000
checking balance of 0xc1af1d7e20374a20d4d3914c1a1b0ddfef99cc61
= 0x1000000000000000000000000000000000000000000000000
checking balance of 0xc2018c3f08417e77b94fb541fed2bf1e09093edd
= 0x1000000000000000000000000000000000000000000000000
checking balance of 0xc3cf2af7ea37d6d9d0a23bdf84c71e8c099d03c2
= 0x1000000000000000000000000000000000000000000000000
checking balance of 0xc4b803ea8bc30894cc4672a9159ca000d377d9a3
= 0x1000000000000000000000000000000056bce792aac9d0000
account 0xc4b803ea8bc30894cc4672a9159ca000d377d9a3 has balance 0x1000000000000000000000000000000056bce792aac9d0000( > 0x1000000000000000000000000000000000000000000000000)
checking balance of 0xc5442b23ea5ca66c3441e62bf6456f010646ae94
= 0x1000000000000000000000000000000000000000000000000
combined balance of fuzzer accounts is 37662610412320084583014736539245998496714134666784207077376 but expected a maximum of 37662610412320084583014736539245998496614132666784207077376

[STATS] top-level transaction count: 3
[STATS] all transaction count: 3
[STATS] all mocked returns: 0

[DONE] all transactions executed
contract: 0xdeadbeefc5d48cec7275152b3026b53f6f78d03d
balance = 0x1b5e0828186d557670000
more than initial balance? no
contract creator: 0xcc079239d48f83be71dbbd18487f4acc279ee929
balance = 0x1000000000000000000000000000000000000000000000000
more than initial balance? no
checking balance of 0xc04689c0c5d48cec7275152b3026b53f6f78d03d
= 0x1000000000000000000000000000000000000000000000000
checking balance of 0xc1af1d7e20374a20d4d3914c1a1b0ddfef99cc61
= 0x1000000000000000000000000000000000000000000000000
checking balance of 0xc2018c3f08417e77b94fb541fed2bf1e09093edd
= 0x1000000000000000000000000000000000000000000000000
checking balance of 0xc3cf2af7ea37d6d9d0a23bdf84c71e8c099d03c2
= 0x1000000000000000000000000000000000000000000000000
checking balance of 0xc4b803ea8bc30894cc4672a9159ca000d377d9a3
= 0x1000000000000000000000000000000056bce792aac9d0000
account 0xc4b803ea8bc30894cc4672a9159ca000d377d9a3 has balance 0x1000000000000000000000000000000056bce792aac9d0000( > 0x1000000000000000000000000000000000000000000000000)
checking balance of 0xc5442b23ea5ca66c3441e62bf6456f010646ae94
= 0x1000000000000000000000000000000000000000000000000
combined balance of fuzzer accounts is 37662610412320084583014736539245998496714134666784207077376 but expected a maximum of 37662610412320084583014736539245998496614132666784207077376
[BUG] balance gain | 100002000000000000000 wei (compare total 37662610412320084583014736539245998496714134666784207077376 > 37662610412320084583014736539245998496614132666784207077376 wei expected)
Execution successful.
