Reading 620 bytes from ./w3/crashes/../crashes_min/id:000000,sig:06,src:000064,time:15452,execs:89476,EM-____e-_____l__s_L________R_-____r-ac___-ADH_
= Constructing global state =
target contract address: 0xdeadbeefc5d48cec7275152b3026b53f6f78d03d
with 6 attacker accounts with initial funds: 0x1000000000000000000000000000000000000000000000000
Running constructor transaction with total input length 4042 (built-in constructor code is 4042 + 0)
constructor finished
returned code of length 4005 (compare to built-in code size 4005)
== GLOBAL STATE Block 100000 timestamp 1420066800 ==
  ATTACKER address: 0xc04689c0c5d48cec7275152b3026b53f6f78d03d balance: 0x1000000000000000000000000000000000000000000000000 code length: 1 specialized: 0 is_mocked: 1
  ATTACKER address: 0xc1af1d7e20374a20d4d3914c1a1b0ddfef99cc61 balance: 0x1000000000000000000000000000000000000000000000000 code length: 1 specialized: 0 is_mocked: 1
  ATTACKER address: 0xc2018c3f08417e77b94fb541fed2bf1e09093edd balance: 0x1000000000000000000000000000000000000000000000000 code length: 1 specialized: 0 is_mocked: 1
  ATTACKER address: 0xc3cf2af7ea37d6d9d0a23bdf84c71e8c099d03c2 balance: 0x1000000000000000000000000000000000000000000000000 code length: 1 specialized: 0 is_mocked: 1
  ATTACKER address: 0xc4b803ea8bc30894cc4672a9159ca000d377d9a3 balance: 0x1000000000000000000000000000000000000000000000000 code length: 0 specialized: 0 is_mocked: 0
  ATTACKER address: 0xc5442b23ea5ca66c3441e62bf6456f010646ae94 balance: 0x1000000000000000000000000000000000000000000000000 code length: 0 specialized: 0 is_mocked: 0
  CREATOR  address: 0xcc079239d48f83be71dbbd18487f4acc279ee929 balance: 0x1000000000000000000000000000000000000000000000000 code length: 0 specialized: 0 is_mocked: 0
  FRIEND   address: 0xcf7c6611373327e75f8ef1beef8227afb89816dd balance: 0x1000000000000000000000000000000000000000000000000 code length: 1 specialized: 0 is_mocked: 0
  TARGET   address: 0xdeadbeefc5d48cec7275152b3026b53f6f78d03d balance: 0x0 code length: 4005 specialized: 1 is_mocked: 0
           address: 0xe0af163ebeab9bb2968fee294a22ca4fe2fa3a06 balance: 0x0 code length: 0 specialized: 0 is_mocked: 0

running fuzzcase
Block Header
setting initial balance from 0 to 1

-- TRANSACTION 0 --
found input with length: 484
Running Transaction 0
input bytes: 0xb13bb160000000000000000000000000c04689c0c5d48cec7275152b3026b53f6f78d03dffffffffffffffffffffffffffffffffffffffffffffffffffffffffffffff1c000000000000000000000000cc079239d48f83be71dbbd18487f4acc279ee92900000000000000000000000000000000000000000000000000000000000000e00000000000000000000000000000000000000000000000000000000000000100000000000000000000000000000000000000000000000000000000000000018000000000000000000000000000000000000000000000000000000000000001c0000000000000000000000000000000000000000000000000000000000000000000000000000000000000000000000000000000000000000000000000000000503c3c3c3c3c3c3c3c3c3c3c3c3c3c3c3c3c3c3c3c3c3c3c3c3c3c3c3c3c3c3c3c3c3c3c3c3c3c3c3c3c3c3c3c3c3c3c3c3c3c3c3c3c3c3c3c3c3c3c3c3c3c3c3c3c3c3c3c3c3c3c3c3c3c3c3c3c3c3c3c000000000000000000000000000000000000000000000000000000000000000000000000000000000000000000000001ffffffffffffffffffffffffffffffffffffffffffffffffffffffffffffffff0000000000000000000000000000000000000000000000000000000000000000
4byte sig: 0xb13bb160
call value: 0x0
from: 0xc04689c0c5d48cec7275152b3026b53f6f78d03d
to: 0xdeadbeefc5d48cec7275152b3026b53f6f78d03d
block num: 100000
block ts: 1420066800
== EVM TX Done ==
return code: 1
Exception: 
last PC: 121
LOGs: 0

3374 (1): JUMPDEST
stack before:
 0: 0x0
 1: 0x0
 2: 0xffffffffffffffffffffffffffffffffffffffffffffffffffffffffffffffff
 3: 0x0
 4: 0x60
 5: 0x0
 6: 0x160
 7: 0x120
 8: 0xa0
 9: 0x80
 10: 0xcc079239d48f83be71dbbd18487f4acc279ee929
 11: 0xffffffffffffffffffffffffffffffffffffffffffffffffffffffffffffff1c
 12: 0xc04689c0c5d48cec7275152b3026b53f6f78d03d
 13: 0x79
 14: 0xb13bb160

3477 (1): JUMPDEST
stack before:
 0: 0x0
 1: 0xc04689c0c5d48cec7275152b3026b53f6f78d03d
 2: 0x0
 3: 0x180
 4: 0x44
 5: 0x180
 6: 0x0
 7: 0x1c4
 8: 0xeba3cdfe
 9: 0xc04689c0c5d48cec7275152b3026b53f6f78d03d
 10: 0x0
 11: 0x0
 12: 0xffffffffffffffffffffffffffffffffffffffffffffffffffffffffffffffff
 13: 0x0
 14: 0x60
 15: 0x0
 16: 0x160
 17: 0x120
 18: 0xa0
 19: 0x80
 20: 0xcc079239d48f83be71dbbd18487f4acc279ee929
 21: 0xffffffffffffffffffffffffffffffffffffffffffffffffffffffffffffff1c
 22: 0xc04689c0c5d48cec7275152b3026b53f6f78d03d
 23: 0x79
 24: 0xb13bb160

3497 (1): JUMPDEST
stack before:
 0: 0x0
 1: 0x1c4
 2: 0xeba3cdfe
 3: 0xc04689c0c5d48cec7275152b3026b53f6f78d03d
 4: 0x0
 5: 0x0
 6: 0xffffffffffffffffffffffffffffffffffffffffffffffffffffffffffffffff
 7: 0x0
 8: 0x60
 9: 0x0
 10: 0x160
 11: 0x120
 12: 0xa0
 13: 0x80
 14: 0xcc079239d48f83be71dbbd18487f4acc279ee929
 15: 0xffffffffffffffffffffffffffffffffffffffffffffffffffffffffffffff1c
 16: 0xc04689c0c5d48cec7275152b3026b53f6f78d03d
 17: 0x79
 18: 0xb13bb160

3513 (1): PUSH1
stack before:
 0: 0x0
 1: 0x0
 2: 0xffffffffffffffffffffffffffffffffffffffffffffffffffffffffffffffff
 3: 0x0
 4: 0x60
 5: 0x0
 6: 0x160
 7: 0x120
 8: 0xa0
 9: 0x80
 10: 0xcc079239d48f83be71dbbd18487f4acc279ee929
 11: 0xffffffffffffffffffffffffffffffffffffffffffffffffffffffffffffff1c
 12: 0xc04689c0c5d48cec7275152b3026b53f6f78d03d
 13: 0x79
 14: 0xb13bb160

3557 (1): JUMPDEST
stack before:
 0: 0x0
 1: 0x0
 2: 0x0
 3: 0xffffffffffffffffffffffffffffffffffffffffffffffffffffffffffffffff
 4: 0x0
 5: 0x60
 6: 0x0
 7: 0x160
 8: 0x120
 9: 0xa0
 10: 0x80
 11: 0xcc079239d48f83be71dbbd18487f4acc279ee929
 12: 0xffffffffffffffffffffffffffffffffffffffffffffffffffffffffffffff1c
 13: 0xc04689c0c5d48cec7275152b3026b53f6f78d03d
 14: 0x79
 15: 0xb13bb160

3559 (1): JUMPDEST
stack before:
 0: 0x0
 1: 0x0
 2: 0xffffffffffffffffffffffffffffffffffffffffffffffffffffffffffffffff
 3: 0x0
 4: 0x60
 5: 0x0
 6: 0x160
 7: 0x120
 8: 0xa0
 9: 0x80
 10: 0xcc079239d48f83be71dbbd18487f4acc279ee929
 11: 0xffffffffffffffffffffffffffffffffffffffffffffffffffffffffffffff1c
 12: 0xc04689c0c5d48cec7275152b3026b53f6f78d03d
 13: 0x79
 14: 0xb13bb160

121 (1): JUMPDEST
stack before:
 0: 0xb13bb160


no response
contract: 0xdeadbeefc5d48cec7275152b3026b53f6f78d03d
balance = 0x0
more than initial balance? no
contract creator: 0xcc079239d48f83be71dbbd18487f4acc279ee929
balance = 0x1000000000000000000000000000000000000000000000000
more than initial balance? no
checking balance of 0xc04689c0c5d48cec7275152b3026b53f6f78d03d
= 0x1000000000000000000000000000000000000000000000001
account 0xc04689c0c5d48cec7275152b3026b53f6f78d03d has balance 0x1000000000000000000000000000000000000000000000001( > 0x1000000000000000000000000000000000000000000000000)
checking balance of 0xc1af1d7e20374a20d4d3914c1a1b0ddfef99cc61
= 0x1000000000000000000000000000000000000000000000000
checking balance of 0xc2018c3f08417e77b94fb541fed2bf1e09093edd
= 0x1000000000000000000000000000000000000000000000000
checking balance of 0xc3cf2af7ea37d6d9d0a23bdf84c71e8c099d03c2
= 0x1000000000000000000000000000000000000000000000000
checking balance of 0xc4b803ea8bc30894cc4672a9159ca000d377d9a3
= 0x1000000000000000000000000000000000000000000000000
checking balance of 0xc5442b23ea5ca66c3441e62bf6456f010646ae94
= 0x1000000000000000000000000000000000000000000000000
combined balance of fuzzer accounts is 37662610412320084583014736539245998496614132666784207077377 but expected a maximum of 37662610412320084583014736539245998496614132666784207077376

[STATS] top-level transaction count: 1
[STATS] all transaction count: 1
[STATS] all mocked returns: 4

[DONE] all transactions executed
contract: 0xdeadbeefc5d48cec7275152b3026b53f6f78d03d
balance = 0x0
more than initial balance? no
contract creator: 0xcc079239d48f83be71dbbd18487f4acc279ee929
balance = 0x1000000000000000000000000000000000000000000000000
more than initial balance? no
checking balance of 0xc04689c0c5d48cec7275152b3026b53f6f78d03d
= 0x1000000000000000000000000000000000000000000000001
account 0xc04689c0c5d48cec7275152b3026b53f6f78d03d has balance 0x1000000000000000000000000000000000000000000000001( > 0x1000000000000000000000000000000000000000000000000)
checking balance of 0xc1af1d7e20374a20d4d3914c1a1b0ddfef99cc61
= 0x1000000000000000000000000000000000000000000000000
checking balance of 0xc2018c3f08417e77b94fb541fed2bf1e09093edd
= 0x1000000000000000000000000000000000000000000000000
checking balance of 0xc3cf2af7ea37d6d9d0a23bdf84c71e8c099d03c2
= 0x1000000000000000000000000000000000000000000000000
checking balance of 0xc4b803ea8bc30894cc4672a9159ca000d377d9a3
= 0x1000000000000000000000000000000000000000000000000
checking balance of 0xc5442b23ea5ca66c3441e62bf6456f010646ae94
= 0x1000000000000000000000000000000000000000000000000
combined balance of fuzzer accounts is 37662610412320084583014736539245998496614132666784207077377 but expected a maximum of 37662610412320084583014736539245998496614132666784207077376
[BUG] balance gain | 1 wei (compare total 37662610412320084583014736539245998496614132666784207077377 > 37662610412320084583014736539245998496614132666784207077376 wei expected)
Execution successful.
