[using trimmer code]
[Trimmer Stage: Start]
[Trimmer Stage: Transactions(4)] ✔️
[Trimmer Stage: Transactions(3)] ❌
[Trimmer Stage: Transactions(2)] ✔️
[Trimmer Stage: Transactions(1)] ❌
[Trimmer Stage: Transactions(0)] ✔️
[Trimmer Stage: TransactionHeader(1, BlockAdvance(0))] ✔️
[Trimmer Stage: Returns(1, 1)] ✔️
[Trimmer Stage: Returns(1, 0)] ❌
[Trimmer Stage: ReturnData(1, 0, 0)] ✔️
[Trimmer Stage: Reenter(1, 0, 0)] ✔️
[Trimmer Stage: Inputs(1, 0)] ❌
[Trimmer Stage: Inputs(0, 4)] ❌
[Trimmer Stage: Inputs(0, 0)] ❌
[Trimmer Stage: Sender(1, 7)] ❌
[Trimmer Stage: Sender(1, 6)] ❌
[Trimmer Stage: Sender(1, 5)] ❌
[Trimmer Stage: Sender(1, 4)] ❌
[Trimmer Stage: Sender(1, 3)] ✔️
[Trimmer Stage: Sender(1, 2)] ❌
[Trimmer Stage: Sender(1, 1)] ❌
[Trimmer Stage: Sender(1, 0)] ❌
[Trimmer Stage: Sender(0, 0)] ✔️
[Trimmer Stage: Receiver(1, 0)] ✔️
[Trimmer Stage: Receiver(0, 0)] ✔️
[Trimmer Stage: BlockHeader(Number(0))] ✔️
[Trimmer Stage: BlockHeader(InitialEther(3814697265625))] ✔️
[Trimmer Stage: BlockHeader(InitialEther(100000))] ✔️
[Trimmer Stage: BlockHeader(InitialEther(10000))] ✔️
[Trimmer Stage: BlockHeader(InitialEther(10))] ✔️
[Trimmer Stage: BlockHeader(InitialEther(5))] ✔️
[Trimmer Stage: BlockHeader(InitialEther(2))] ✔️
[Trimmer Stage: BlockHeader(InitialEther(1))] ✔️
[Trimmer Stage: BlockHeader(InitialEther(0))] ❌
[minimizing difficulty]
[ sender/receiver selector TX[0] ]
[ sender/receiver selector TX[1] ]
[ we try sorting the transaction list ]
reduced testcases from 359 to 116 bytes (by 68 %) edit distance 286
=== Before minimizing: ===
Block header:
  number: 0
  difficulty: 0
  gas_limit: 0
  timestamp: 0
  initial_ether: 9223555142323525808

TX[0] with tx_sender[0]; tx_receiver[0]; call_value: 0x0; length: 23; block+=0; #returns=0
  func: newOwner(address):(bool) (0x85952454)
  input: 000000000000ff0000000000c2018c3f08417e  [failed to decode]
TX[1] with tx_sender[0]; tx_receiver[0]; call_value: 0x0; length: 36; block+=0; #returns=0
  func: newOwner(address):(bool) (0x85952454)
  input: { address(0xc3cf2af7ea37d6d9d0a23bdf84c71e8c099d03c2),  }
TX[2] with tx_sender[1]; tx_receiver[0]; call_value: 0x1; length: 36; block+=0; #returns=0
  func: fallback()
  input: 0000000000000000000000000004000100220000000000000000000000853828 b6010000 
TX[3] with tx_sender[27]; tx_receiver[0]; call_value: 0x0; length: 4; block+=1; #returns=2
  func: withdrawAll() (0x853828b6)
  input: {  }
  returns:
    return val: 1; allows reenter: 1; data: 0x0000000000000000000000000000000000000000000000000000000000000000
    return val: 1; allows reenter: 1; data: 0x0000000000000000000000000000000000000000000000000000000000000000ffffffffffffffffffffffffffffffffffffffffffffffffffffffffffffffff
TX[4] with tx_sender[69]; tx_receiver[0]; call_value: 0x0; length: 36; block+=1; #returns=0
  func: deleteOwner(address):(bool) (0xcd5c4c70)
  input: { address(0xcc079239d48f83be71dbbd18487f4acc279ee929),  }
=== After minimizing: ===
Block header:
  number: 0
  difficulty: 0
  gas_limit: 0
  timestamp: 0
  initial_ether: 1

TX[0] with tx_sender[0]; tx_receiver[0]; call_value: 0x0; length: 36; block+=0; #returns=0
  func: newOwner(address):(bool) (0x85952454)
  input: { address(0xc3cf2af7ea37d6d9d0a23bdf84c71e8c099d03c2),  }
TX[1] with tx_sender[3]; tx_receiver[0]; call_value: 0x0; length: 4; block+=0; #returns=1
  func: withdrawAll() (0x853828b6)
  input: {  }
  returns:
    return val: 1; allows reenter: 0; data: 0x
