[using trimmer code]
[Trimmer Stage: Start]
[Trimmer Stage: Transactions(5)] ✔️
[Trimmer Stage: Transactions(4)] ✔️
[Trimmer Stage: Transactions(3)] ❌
[Trimmer Stage: Transactions(2)] ❌
[Trimmer Stage: Transactions(1)] ✔️
[Trimmer Stage: Transactions(0)] ✔️
[Trimmer Stage: Returns(1, 0)] ❌
[Trimmer Stage: ReturnData(1, 0, 0)] ✔️
[Trimmer Stage: Inputs(1, 0)] ❌
[Trimmer Stage: Inputs(0, 4)] ❌
[Trimmer Stage: Inputs(0, 0)] ❌
[Trimmer Stage: Sender(1, 0)] ✔️
[Trimmer Stage: Sender(0, 0)] ✔️
[Trimmer Stage: Receiver(1, 0)] ✔️
[Trimmer Stage: Receiver(0, 0)] ✔️
[Trimmer Stage: BlockHeader(Number(0))] ✔️
[Trimmer Stage: BlockHeader(InitialEther(3814697265625))] ✔️
[Trimmer Stage: BlockHeader(InitialEther(100000))] ✔️
[Trimmer Stage: BlockHeader(InitialEther(10000))] ✔️
[Trimmer Stage: BlockHeader(InitialEther(10))] ✔️
[Trimmer Stage: BlockHeader(InitialEther(5))] ✔️
[Trimmer Stage: BlockHeader(InitialEther(2))] ✔️
[Trimmer Stage: BlockHeader(InitialEther(1))] ✔️
[Trimmer Stage: BlockHeader(InitialEther(0))] ❌
[minimizing difficulty]
[ sender/receiver selector TX[0] ]
[ sender/receiver selector TX[1] ]
[ we try sorting the transaction list ]
reduced testcases from 706 to 116 bytes (by 84 %) edit distance 641
=== Before minimizing: ===
Block header:
  number: 0
  difficulty: 0
  gas_limit: 0
  timestamp: 0
  initial_ether: 13000000000000000000

TX[0] with tx_sender[1]; tx_receiver[0]; call_value: 0x0; length: 26; block+=0; #returns=0
  func: owners(address):(address) (0x22914a7)
  input: 00000000000000204a20d4d3914c1a1b0ddfef99cc61  [failed to decode]
TX[1] with tx_sender[253]; tx_receiver[171]; call_value: 0x0; length: 36; block+=1; #returns=0
  func: newOwner(address):(bool) (0x85952454)
  input: { address(0xc5442b23ea5ca66c3441e62bf6456f010646ae94),  }
TX[2] with tx_sender[0]; tx_receiver[0]; call_value: 0x0; length: 36; block+=0; #returns=0
  func: newOwner(address):(bool) (0x85952454)
  input: { address(0xc04689c0c5d48cec7275152b3026b53f6f78d03d),  }
TX[3] with tx_sender[0]; tx_receiver[0]; call_value: 0x0; length: 4; block+=0; #returns=1
  func: withdrawAll() (0x853828b6)
  input: {  }
  returns:
    return val: 1; allows reenter: 0; data: 0x0000000000000000000000000000000000000000000000000000000000000000
TX[4] with tx_sender[96]; tx_receiver[0]; call_value: 0x0; length: 4; block+=1; #returns=2
  func: withdrawAll() (0x853828b6)
  input: {  }
  returns:
    return val: 1; allows reenter: 1; data: 0x000000000000000000000000000000000000000000000000000000000000000000000000000000000000000000000000000000000000000000000000000000200000000000000000000000000000000000000000000000000000000000000008000000000000000000000000c1af1d7e20374a20d4d3914c1a1b0ddfef99cc61000000000000000000000000c5442b23ea5ca66c3441e62bf6456f010646ae94000000000000000000000000c1af1d7e20374a20d4d3914c1a1b0ddfef99cc61000000000000000000000000c4b803ea8bc30894cc4672a9159ca000d377d9a3000000000000000000000000c1af1d7e20374a20d4d3914c1a1b0ddfef99cc610000000000000000000000000000000000000000000000000000000000000000000000000000000000000000ffffffffffffffffffffffffffffffffffffffff000000000000000000000000c1af1d7e20374a20d4d3914c1a1b0ddfef99cc61
    return val: 1; allows reenter: 1; data: 0x0000000000000000000000000000000000000000000000000000000000000001
TX[5] with tx_sender[109]; tx_receiver[0]; call_value: 0x0; length: 36; block+=1; #returns=0
  func: deleteOwner(address):(bool) (0xcd5c4c70)
  input: { address(0xc1af1d7e20374a20d4d3914c1a1b0ddfef99cc61),  }
=== After minimizing: ===
Block header:
  number: 0
  difficulty: 0
  gas_limit: 0
  timestamp: 0
  initial_ether: 1

TX[0] with tx_sender[0]; tx_receiver[0]; call_value: 0x0; length: 36; block+=0; #returns=0
  func: newOwner(address):(bool) (0x85952454)
  input: { address(0xc04689c0c5d48cec7275152b3026b53f6f78d03d),  }
TX[1] with tx_sender[0]; tx_receiver[0]; call_value: 0x0; length: 4; block+=0; #returns=1
  func: withdrawAll() (0x853828b6)
  input: {  }
  returns:
    return val: 1; allows reenter: 0; data: 0x
