[using trimmer code]
[Trimmer Stage: Start]
[Trimmer Stage: Transactions(1)] ❌
[Trimmer Stage: Transactions(0)] ❌
[Trimmer Stage: TransactionHeader(1, BlockAdvance(0))] ✔️
[Trimmer Stage: TransactionHeader(0, BlockAdvance(0))] ✔️
[Trimmer Stage: Inputs(1, 0)] ❌
[Trimmer Stage: Inputs(0, 4)] ❌
[Trimmer Stage: Inputs(0, 0)] ❌
[Trimmer Stage: Sender(1, 4)] ✔️
[Trimmer Stage: Sender(1, 3)] ❌
[Trimmer Stage: Sender(1, 2)] ❌
[Trimmer Stage: Sender(1, 1)] ❌
[Trimmer Stage: Sender(1, 0)] ❌
[Trimmer Stage: Sender(0, 7)] ✔️
[Trimmer Stage: Sender(0, 6)] ✔️
[Trimmer Stage: Sender(0, 5)] ✔️
[Trimmer Stage: Sender(0, 4)] ✔️
[Trimmer Stage: Sender(0, 3)] ✔️
[Trimmer Stage: Sender(0, 2)] ✔️
[Trimmer Stage: Sender(0, 1)] ✔️
[Trimmer Stage: Sender(0, 0)] ✔️
[Trimmer Stage: Receiver(1, 0)] ✔️
[Trimmer Stage: Receiver(0, 20)] ✔️
[Trimmer Stage: Receiver(0, 19)] ✔️
[Trimmer Stage: Receiver(0, 18)] ✔️
[Trimmer Stage: Receiver(0, 17)] ✔️
[Trimmer Stage: Receiver(0, 16)] ✔️
[Trimmer Stage: Receiver(0, 15)] ✔️
[Trimmer Stage: Receiver(0, 14)] ✔️
[Trimmer Stage: Receiver(0, 13)] ✔️
[Trimmer Stage: Receiver(0, 12)] ✔️
[Trimmer Stage: Receiver(0, 11)] ✔️
[Trimmer Stage: Receiver(0, 10)] ✔️
[Trimmer Stage: Receiver(0, 9)] ✔️
[Trimmer Stage: Receiver(0, 8)] ✔️
[Trimmer Stage: Receiver(0, 7)] ✔️
[Trimmer Stage: Receiver(0, 6)] ✔️
[Trimmer Stage: Receiver(0, 5)] ✔️
[Trimmer Stage: Receiver(0, 4)] ✔️
[Trimmer Stage: Receiver(0, 3)] ✔️
[Trimmer Stage: Receiver(0, 2)] ✔️
[Trimmer Stage: Receiver(0, 1)] ✔️
[Trimmer Stage: Receiver(0, 0)] ✔️
[Trimmer Stage: BlockHeader(Number(0))] ✔️
[Trimmer Stage: BlockHeader(InitialEther(3814697265625))] ✔️
[Trimmer Stage: BlockHeader(InitialEther(100000))] ✔️
[Trimmer Stage: BlockHeader(InitialEther(10000))] ✔️
[Trimmer Stage: BlockHeader(InitialEther(10))] ✔️
[Trimmer Stage: BlockHeader(InitialEther(5))] ✔️
[Trimmer Stage: BlockHeader(InitialEther(2))] ✔️
[Trimmer Stage: BlockHeader(InitialEther(1))] ✔️
[Trimmer Stage: BlockHeader(InitialEther(0))] ❌
[minimizing difficulty]
[ sender/receiver selector TX[0] ]
[ sender/receiver selector TX[1] ]
[ we try sorting the transaction list ]
reduced testcases from 112 to 112 bytes (by 0 %) edit distance 11
=== Before minimizing: ===
Block header:
  number: 0
  difficulty: 0
  gas_limit: 0
  timestamp: 0
  initial_ether: 9223536068837197683

TX[0] with tx_sender[81]; tx_receiver[103]; call_value: 0x0; length: 36; block+=1; #returns=0
  func: newOwner(address):(bool) (0x85952454)
  input: { address(0xc4b803ea8bc30894cc4672a9159ca000d377d9a3),  }
TX[1] with tx_sender[4]; tx_receiver[0]; call_value: 0x0; length: 4; block+=1; #returns=0
  func: withdrawAll() (0x853828b6)
  input: {  }
=== After minimizing: ===
Block header:
  number: 0
  difficulty: 0
  gas_limit: 0
  timestamp: 0
  initial_ether: 1

TX[0] with tx_sender[0]; tx_receiver[0]; call_value: 0x0; length: 36; block+=0; #returns=0
  func: newOwner(address):(bool) (0x85952454)
  input: { address(0xc4b803ea8bc30894cc4672a9159ca000d377d9a3),  }
TX[1] with tx_sender[4]; tx_receiver[0]; call_value: 0x0; length: 4; block+=0; #returns=0
  func: withdrawAll() (0x853828b6)
  input: {  }
