[using trimmer code]
[Trimmer Stage: Start]
[Trimmer Stage: Transactions(3)] ✔️
[Trimmer Stage: Transactions(2)] ❌
[Trimmer Stage: Transactions(1)] ❌
[Trimmer Stage: Transactions(0)] ✔️
[Trimmer Stage: Returns(1, 0)] ❌
[Trimmer Stage: ReturnData(1, 0, 0)] ✔️
[Trimmer Stage: Inputs(1, 0)] ❌
[Trimmer Stage: Inputs(0, 4)] ❌
[Trimmer Stage: Inputs(0, 0)] ❌
[Trimmer Stage: Sender(1, 3)] ✔️
[Trimmer Stage: Sender(1, 2)] ❌
[Trimmer Stage: Sender(1, 1)] ❌
[Trimmer Stage: Sender(1, 0)] ❌
[Trimmer Stage: Sender(0, 0)] ✔️
[Trimmer Stage: Receiver(1, 0)] ✔️
[Trimmer Stage: Receiver(0, 0)] ✔️
[Trimmer Stage: BlockHeader(Number(11673330234144325632))] ✔️
[Trimmer Stage: BlockHeader(Number(100000))] ✔️
[Trimmer Stage: BlockHeader(Number(10000))] ✔️
[Trimmer Stage: BlockHeader(Number(10))] ✔️
[Trimmer Stage: BlockHeader(Number(5))] ✔️
[Trimmer Stage: BlockHeader(Number(2))] ✔️
[Trimmer Stage: BlockHeader(Number(1))] ✔️
[Trimmer Stage: BlockHeader(Number(0))] ✔️
[Trimmer Stage: BlockHeader(Difficulty(100000))] ✔️
[Trimmer Stage: BlockHeader(Difficulty(10000))] ✔️
[Trimmer Stage: BlockHeader(Difficulty(10))] ✔️
[Trimmer Stage: BlockHeader(Difficulty(5))] ✔️
[Trimmer Stage: BlockHeader(Difficulty(2))] ✔️
[Trimmer Stage: BlockHeader(Difficulty(1))] ✔️
[Trimmer Stage: BlockHeader(Difficulty(0))] ✔️
[Trimmer Stage: BlockHeader(GasLimit(100000))] ✔️
[Trimmer Stage: BlockHeader(GasLimit(10000))] ✔️
[Trimmer Stage: BlockHeader(GasLimit(10))] ✔️
[Trimmer Stage: BlockHeader(GasLimit(5))] ✔️
[Trimmer Stage: BlockHeader(GasLimit(2))] ✔️
[Trimmer Stage: BlockHeader(GasLimit(1))] ✔️
[Trimmer Stage: BlockHeader(GasLimit(0))] ✔️
[Trimmer Stage: BlockHeader(TimeStamp(100000))] ✔️
[Trimmer Stage: BlockHeader(TimeStamp(10000))] ✔️
[Trimmer Stage: BlockHeader(TimeStamp(10))] ✔️
[Trimmer Stage: BlockHeader(TimeStamp(5))] ✔️
[Trimmer Stage: BlockHeader(TimeStamp(2))] ✔️
[Trimmer Stage: BlockHeader(TimeStamp(1))] ✔️
[Trimmer Stage: BlockHeader(TimeStamp(0))] ✔️
[Trimmer Stage: BlockHeader(InitialEther(100000))] ✔️
[Trimmer Stage: BlockHeader(InitialEther(10000))] ✔️
[Trimmer Stage: BlockHeader(InitialEther(10))] ✔️
[Trimmer Stage: BlockHeader(InitialEther(5))] ✔️
[Trimmer Stage: BlockHeader(InitialEther(2))] ✔️
[Trimmer Stage: BlockHeader(InitialEther(1))] ✔️
[Trimmer Stage: BlockHeader(InitialEther(0))] ❌
[minimizing difficulty]
[ sender/receiver selector TX[0] ]
[ sender/receiver selector TX[1] ]
[ we try sorting the transaction list ]
reduced testcases from 208 to 116 bytes (by 45 %) edit distance 167
=== Before minimizing: ===
Block header:
  number: 11673330234144325632
  difficulty: 11719107999768420896
  gas_limit: 11719107999768421026
  timestamp: 11719107999768421026
  initial_ether: 2728567458

TX[0] with tx_sender[0]; tx_receiver[0]; call_value: 0x0; length: 0; block+=0; #returns=0
  input: 
TX[1] with tx_sender[0]; tx_receiver[0]; call_value: 0x0; length: 36; block+=0; #returns=0
  func: newOwner(address):(bool) (0x85952454)
  input: { address(0xc3cf2af7ea37d6d9d0a23bdf84c71e8c099d03c2),  }
TX[2] with tx_sender[3]; tx_receiver[0]; call_value: 0x0; length: 4; block+=0; #returns=1
  func: withdrawAll() (0x853828b6)
  input: {  }
  returns:
    return val: 1; allows reenter: 0; data: 0x0000000000000000000000000000000000000000000000000000000000000000
TX[3] with tx_sender[0]; tx_receiver[0]; call_value: 0x0; length: 28; block+=0; #returns=0
  func: deleteOwner(address):(bool) (0xcd5c4c70)
  input: 00000000000000007e000000c04689c03026b53f6f78d03d  [failed to decode]
=== After minimizing: ===
Block header:
  number: 0
  difficulty: 0
  gas_limit: 0
  timestamp: 0
  initial_ether: 1

TX[0] with tx_sender[0]; tx_receiver[0]; call_value: 0x0; length: 36; block+=0; #returns=0
  func: newOwner(address):(bool) (0x85952454)
  input: { address(0xc3cf2af7ea37d6d9d0a23bdf84c71e8c099d03c2),  }
TX[1] with tx_sender[3]; tx_receiver[0]; call_value: 0x0; length: 4; block+=0; #returns=1
  func: withdrawAll() (0x853828b6)
  input: {  }
  returns:
    return val: 1; allows reenter: 0; data: 0x
