[EthMutator] initialized with dictionary Dict(#values=55, #4bytes=4, #address=9, #bytes=5, #strings=2)
[EthMutator] loaded contract ABI with 4 functions
[EthMutator] Dictionary Update => Dict(#values=65, #4bytes=8, #address=9, #bytes=17, #strings=8) (loaded from file "/tmp/efcf/wallet_02_refund_nosub.bin.e14f7c966295802dece10637289d1ac2.nqp5_w3f.fuzz/fuzz/dict/wallet_02_refund_nosub.dict") 
[1;92m[+] [0mLoaded environment variable AFL_SKIP_CPUFREQ with value 1[0m
[1;92m[+] [0mLoaded environment variable AFL_I_DONT_CARE_ABOUT_MISSING_CRASHES with value 1[0m
[1;92m[+] [0mLoaded environment variable AFL_NO_AFFINITY with value 1[0m
[1;92m[+] [0mLoaded environment variable AFL_BENCH_UNTIL_CRASH with value True[0m
[1;92m[+] [0mLoaded environment variable AFL_NO_UI with value 1[0m
[1;92m[+] [0mLoaded environment variable AFL_CUSTOM_MUTATOR_LIBRARY with value /efcf/src/ethmutator/target/release/libafl_ethmutator.so[0m
[0;36mafl-fuzz++4.01a[0m based on afl by Michal Zalewski and a large online community
[1;92m[+] [0mafl++ is maintained by Marc "van Hauser" Heuse, Heiko "hexcoder" Eißfeldt, Andrea Fioraldi and Dominik Maier[0m
[1;92m[+] [0mafl++ is open source, get it at https://github.com/AFLplusplus/AFLplusplus[0m
[1;92m[+] [0mNOTE: This is v3.x which changes defaults and behaviours - see README.md[0m
[1;94m[*] [0mGetting to work...[0m
[1;92m[+] [0mUsing rare edge focus power schedule (RARE)[0m
[1;92m[+] [0mEnabled testcache with 50 MB[0m
[1;92m[+] [0mGenerating fuzz data with a a length of min=1 max=1048576[0m
[1;94m[*] [0mChecking core_pattern...[0m
[1;92m[+] [0mDisabling the UI because AFL_NO_UI is set.[0m
[1;92m[+] [0mYou have 12 CPU cores and 7 runnable tasks (utilization: 58%).[0m
[1;92m[+] [0mTry parallel jobs - see /usr/local/share/doc/afl/parallel_fuzzing.md.[0m
[1;94m[*] [0mSetting up output directories...[0m
[1;93m[!] [1;97mWARNING: [0mNot binding to a CPU core (AFL_NO_AFFINITY set).[0m
[1;94m[*] [0mLoading custom mutator library from '/efcf/src/ethmutator/target/release/libafl_ethmutator.so'...[0m
[1;94m[*] [0moptional symbol 'afl_custom_post_process' not found.[0m
[1;94m[*] [0moptional symbol 'afl_custom_havoc_mutation' not found.[0m
[1;94m[*] [0moptional symbol 'afl_custom_havoc_mutation_probability' not found.[0m
[1;94m[*] [0moptional symbol 'afl_custom_queue_new_entry' not found[0m
[1;92m[+] [0mCustom mutator '/efcf/src/ethmutator/target/release/libafl_ethmutator.so' installed successfully.[0m
[1;94m[*] [0mScanning 'seeds'...[0m
[1;92m[+] [0mLoaded a total of 3 seeds.[0m
[1;94m[*] [0mCreating hard links for all input files...[0m
[1;94m[*] [0mValidating target binary...[0m
[1;92m[+] [0m[1;95mPersistent mode binary detected.[0m
[1;92m[+] [0m[1;95mDeferred forkserver binary detected.[0m
[1;94m[*] [0mSpinning up the fork server...[0m
[1;92m[+] [0mAll right - fork server is up.[0m
[1;94m[*] [0mUsing SHARED MEMORY FUZZING feature.[0m
[1;94m[*] [0mTarget map size: 4633[0m
[1;94m[*] [0mNo auto-generated dictionary tokens to reuse.[0m
[1;94m[*] [0mLoading extra dictionary from '/tmp/efcf/wallet_02_refund_nosub.bin.e14f7c966295802dece10637289d1ac2.nqp5_w3f.fuzz/fuzz/dict/wallet_02_refund_nosub.dict' (level 0)...[0m
[1;94m[*] [0mLoaded 12 extra tokens, size range 1 B to 17 B.[0m
[1;92m[+] [0mLoaded a total of 12 extras.[0m
[1;94m[*] [0mAttempting dry run with 'id:000000,time:0,execs:0,orig:receive.bin'...[0m
[1;90m    len = 56, map size = 120, exec speed = 89 us
[0m[1;94m[*] [0mAttempting dry run with 'id:000001,time:0,execs:0,orig:nullbyte'...[0m
[1;90m    len = 1, map size = 4, exec speed = 50 us
[0m[1;94m[*] [0mAttempting dry run with 'id:000002,time:0,execs:0,orig:fallback.bin'...[0m
[1;90m    len = 56, map size = 113, exec speed = 46 us
[0m[1;92m[+] [0mAll test cases processed.[0m
[1;92m[+] [0mHere are some useful stats:

[1;90m    Test case count : [0m3 favored, 0 variable, 0 ignored, 3 total
[1;90m       Bitmap range : [0m4 to 120 bits (average: 79.00 bits)
[1;90m        Exec timing : [0m46 to 89 us (average: 62 us)
[0m
[1;94m[*] [0mNo -t option specified, so I'll use an exec timeout of 50 ms.[0m
[1;92m[+] [0mAll set and ready to roll![0m
[1;94m[*] [0mEntering queue cycle 1.[0m
[1;94m[*] [0mFuzzing test case #0 (3 total, 0 crashes saved, perf_score=220, exec_us=89, hits=0, map=120, ascii=0)...[0m
[EthMutator] init trim with 56 bytes 56 parsed bytes and 7 expected steps
[EthMutator] trim finish in 907 μsec with 56 bytes
[EthMutator] new queue entry with 56 bytes and 1 tx - total queue len 1
[EthMutator] starting fuzzing round on FuzzCase with 1 tx with 1126 rounds (Some(1126) base mutations, Some(60) deterministic round, and 160 additional havocs; fuzzer requested 563 rounds; queue size 1; previously fuzzed 0)
[1;94m[*] [0mFuzzing test case #94 (95 total, 0 crashes saved, perf_score=259, exec_us=66, hits=1, map=159, ascii=0)...[0m
[EthMutator] init trim with 73 bytes 73 parsed bytes and 7 expected steps
[EthMutator] trim finish in 5524 μsec with 73 bytes
[EthMutator] new queue entry with 73 bytes and 1 tx - total queue len 2
[EthMutator] starting fuzzing round on FuzzCase with 1 tx with 1673 rounds (Some(1673) base mutations, Some(60) deterministic round, and 239 additional havocs; fuzzer requested 663 rounds; queue size 2; previously fuzzed 0)
[1;94m[*] [0mFuzzing test case #101 (104 total, 0 crashes saved, perf_score=109, exec_us=47, hits=1, map=159, ascii=0)...[0m
[EthMutator] init trim with 79 bytes 79 parsed bytes and 7 expected steps
[EthMutator] trim finish in 2862 μsec with 79 bytes
[EthMutator] new queue entry with 79 bytes and 1 tx - total queue len 3
[EthMutator] starting fuzzing round on FuzzCase with 1 tx with 703 rounds (Some(703) base mutations, Some(60) deterministic round, and 100 additional havocs; fuzzer requested 279 rounds; queue size 3; previously fuzzed 0)
[1;94m[*] [0mFuzzing test case #100 (104 total, 0 crashes saved, perf_score=119, exec_us=51, hits=1, map=158, ascii=0)...[0m
[EthMutator] init trim with 88 bytes 88 parsed bytes and 7 expected steps
[EthMutator] trim finish in 3135 μsec with 88 bytes
[EthMutator] new queue entry with 88 bytes and 1 tx - total queue len 4
[EthMutator] starting fuzzing round on FuzzCase with 1 tx with 767 rounds (Some(767) base mutations, Some(60) deterministic round, and 109 additional havocs; fuzzer requested 304 rounds; queue size 4; previously fuzzed 0)
[1;94m[*] [0mFuzzing test case #14 (104 total, 0 crashes saved, perf_score=109, exec_us=55, hits=379, map=156, ascii=0)...[0m
[EthMutator] init trim with 92 bytes 92 parsed bytes and 7 expected steps
[EthMutator] trim finish in 764 μsec with 92 bytes
[EthMutator] new queue entry with 92 bytes and 1 tx - total queue len 5
[EthMutator] starting fuzzing round on FuzzCase with 1 tx with 703 rounds (Some(703) base mutations, Some(60) deterministic round, and 100 additional havocs; fuzzer requested 279 rounds; queue size 5; previously fuzzed 0)
[1;94m[*] [0mFuzzing test case #107 (111 total, 0 crashes saved, perf_score=109, exec_us=60, hits=2, map=166, ascii=0)...[0m
[EthMutator] init trim with 71 bytes 71 parsed bytes and 7 expected steps
[EthMutator] trim finish in 1404 μsec with 71 bytes
[EthMutator] new queue entry with 71 bytes and 1 tx - total queue len 6
[EthMutator] starting fuzzing round on FuzzCase with 1 tx with 703 rounds (Some(703) base mutations, Some(60) deterministic round, and 100 additional havocs; fuzzer requested 279 rounds; queue size 6; previously fuzzed 0)
[?25h[1;91m

+++ Testing aborted by user +++
[0m[1;94m[*] [0mStatistics: 103 new corpus items found, 8.29% coverage achieved, 0 crashes saved, 0 timeouts saved, total runtime 0 days, 0 hrs, 0 min, 7 sec[0m
[1;92m[+] [0mWe're done here. Have a nice day!
[0m
