[EthMutator] initialized with dictionary Dict(#values=55, #4bytes=4, #address=9, #bytes=5, #strings=2)
[EthMutator] loaded contract ABI with 4 functions
[EthMutator] Dictionary Update => Dict(#values=65, #4bytes=8, #address=9, #bytes=17, #strings=8) (loaded from file "/tmp/efcf/wallet_02_refund_nosub.bin.e14f7c966295802dece10637289d1ac2.nqp5_w3f.fuzz/fuzz/dict/wallet_02_refund_nosub.dict") 
[1;92m[+] [0mLoaded environment variable AFL_SKIP_CPUFREQ with value 1[0m
[1;92m[+] [0mLoaded environment variable AFL_I_DONT_CARE_ABOUT_MISSING_CRASHES with value 1[0m
[1;92m[+] [0mLoaded environment variable AFL_NO_AFFINITY with value 1[0m
[1;92m[+] [0mLoaded environment variable AFL_BENCH_UNTIL_CRASH with value True[0m
[1;92m[+] [0mLoaded environment variable AFL_NO_UI with value 1[0m
[1;92m[+] [0mLoaded environment variable AFL_CUSTOM_MUTATOR_LIBRARY with value /efcf/src/ethmutator/target/release/libafl_ethmutator.so[0m
[0;36mafl-fuzz++4.01a[0m based on afl by Michal Zalewski and a large online community
[1;92m[+] [0mafl++ is maintained by Marc "van Hauser" Heuse, Heiko "hexcoder" Eißfeldt, Andrea Fioraldi and Dominik Maier[0m
[1;92m[+] [0mafl++ is open source, get it at https://github.com/AFLplusplus/AFLplusplus[0m
[1;92m[+] [0mNOTE: This is v3.x which changes defaults and behaviours - see README.md[0m
[1;94m[*] [0mGetting to work...[0m
[1;92m[+] [0mUsing exploration-based constant power schedule (EXPLORE)[0m
[1;92m[+] [0mEnabled testcache with 50 MB[0m
[1;92m[+] [0mGenerating fuzz data with a a length of min=1 max=1048576[0m
[1;94m[*] [0mChecking core_pattern...[0m
[1;92m[+] [0mDisabling the UI because AFL_NO_UI is set.[0m
[1;92m[+] [0mYou have 12 CPU cores and 6 runnable tasks (utilization: 50%).[0m
[1;92m[+] [0mTry parallel jobs - see /usr/local/share/doc/afl/parallel_fuzzing.md.[0m
[1;94m[*] [0mSetting up output directories...[0m
[1;93m[!] [1;97mWARNING: [0mNot binding to a CPU core (AFL_NO_AFFINITY set).[0m
[1;94m[*] [0mLoading custom mutator library from '/efcf/src/ethmutator/target/release/libafl_ethmutator.so'...[0m
[1;94m[*] [0moptional symbol 'afl_custom_post_process' not found.[0m
[1;94m[*] [0moptional symbol 'afl_custom_havoc_mutation' not found.[0m
[1;94m[*] [0moptional symbol 'afl_custom_havoc_mutation_probability' not found.[0m
[1;94m[*] [0moptional symbol 'afl_custom_queue_new_entry' not found[0m
[1;92m[+] [0mCustom mutator '/efcf/src/ethmutator/target/release/libafl_ethmutator.so' installed successfully.[0m
[1;94m[*] [0mScanning 'seeds'...[0m
[1;92m[+] [0mLoaded a total of 3 seeds.[0m
[1;94m[*] [0mCreating hard links for all input files...[0m
[1;94m[*] [0mValidating target binary...[0m
[1;92m[+] [0m[1;95mPersistent mode binary detected.[0m
[1;92m[+] [0m[1;95mDeferred forkserver binary detected.[0m
[1;94m[*] [0mSpinning up the fork server...[0m
[1;92m[+] [0mAll right - fork server is up.[0m
[1;94m[*] [0mUsing SHARED MEMORY FUZZING feature.[0m
[1;94m[*] [0mTarget map size: 4633[0m
[1;94m[*] [0mNo auto-generated dictionary tokens to reuse.[0m
[1;94m[*] [0mLoading extra dictionary from '/tmp/efcf/wallet_02_refund_nosub.bin.e14f7c966295802dece10637289d1ac2.nqp5_w3f.fuzz/fuzz/dict/wallet_02_refund_nosub.dict' (level 0)...[0m
[1;94m[*] [0mLoaded 12 extra tokens, size range 1 B to 17 B.[0m
[1;92m[+] [0mLoaded a total of 12 extras.[0m
[1;94m[*] [0mAttempting dry run with 'id:000000,time:0,execs:0,orig:receive.bin'...[0m
[1;90m    len = 56, map size = 120, exec speed = 104 us
[0m[1;94m[*] [0mAttempting dry run with 'id:000001,time:0,execs:0,orig:nullbyte'...[0m
[1;90m    len = 1, map size = 4, exec speed = 30 us
[0m[1;94m[*] [0mAttempting dry run with 'id:000002,time:0,execs:0,orig:fallback.bin'...[0m
[1;90m    len = 56, map size = 113, exec speed = 59 us
[0m[1;92m[+] [0mAll test cases processed.[0m
[1;92m[+] [0mHere are some useful stats:

[1;90m    Test case count : [0m3 favored, 0 variable, 0 ignored, 3 total
[1;90m       Bitmap range : [0m4 to 120 bits (average: 79.00 bits)
[1;90m        Exec timing : [0m30 to 104 us (average: 64 us)
[0m
[1;94m[*] [0mNo -t option specified, so I'll use an exec timeout of 50 ms.[0m
[1;92m[+] [0mAll set and ready to roll![0m
[1;94m[*] [0mEntering queue cycle 1.[0m
[1;94m[*] [0mFuzzing test case #2 (3 total, 0 crashes saved, perf_score=150, exec_us=59, hits=0, map=113, ascii=0)...[0m
[EthMutator] init trim with 56 bytes 56 parsed bytes and 6 expected steps
[EthMutator] trim finish in 402 μsec with 56 bytes
[EthMutator] new queue entry with 56 bytes and 1 tx - total queue len 1
[EthMutator] starting fuzzing round on FuzzCase with 1 tx with 768 rounds (Some(768) base mutations, Some(60) deterministic round, and 109 additional havocs; fuzzer requested 384 rounds; queue size 1; previously fuzzed 0)
[1;94m[*] [0mFuzzing test case #39 (138 total, 0 crashes saved, perf_score=100, exec_us=60, hits=0, map=225, ascii=0)...[0m
[EthMutator] init trim with 112 bytes 112 parsed bytes and 9 expected steps
[EthMutator] trim finish in 4231 μsec with 112 bytes
[EthMutator] new queue entry with 112 bytes and 2 tx - total queue len 2
[EthMutator] starting fuzzing round on FuzzCase with 2 tx with 748 rounds (Some(748) base mutations, Some(120) deterministic round, and 106 additional havocs; fuzzer requested 256 rounds; queue size 2; previously fuzzed 0)
[1;94m[*] [0mFuzzing test case #83 (139 total, 0 crashes saved, perf_score=100, exec_us=49, hits=0, map=152, ascii=0)...[0m
[EthMutator] init trim with 23 bytes 63 parsed bytes and 8 expected steps
[EthMutator] starting fuzzing round on FuzzCase with 1 tx with 646 rounds (Some(646) base mutations, Some(60) deterministic round, and 92 additional havocs; fuzzer requested 256 rounds; queue size 2; previously fuzzed 0)
[?25h[1;91m

+++ Testing aborted by user +++
[0m[1;94m[*] [0mStatistics: 82 new corpus items found, 8.40% coverage achieved, 0 crashes saved, 0 timeouts saved, total runtime 0 days, 0 hrs, 0 min, 5 sec[0m
[1;92m[+] [0mWe're done here. Have a nice day!
[0m
