[using trimmer code]
[Trimmer Stage: Start]
[Trimmer Stage: Transactions(2)] ✔️
[Trimmer Stage: Transactions(1)] ❌
[Trimmer Stage: Transactions(0)] ❌
[Trimmer Stage: Returns(1, 0)] ❌
[Trimmer Stage: Inputs(1, 0)] ❌
[Trimmer Stage: Inputs(0, 4)] ❌
[Trimmer Stage: Inputs(0, 0)] ❌
[Trimmer Stage: Sender(1, 2)] ✔️
[Trimmer Stage: Sender(1, 1)] ❌
[Trimmer Stage: Sender(1, 0)] ❌
[Trimmer Stage: Sender(0, 0)] ✔️
[Trimmer Stage: Receiver(1, 0)] ✔️
[Trimmer Stage: Receiver(0, 0)] ✔️
[Trimmer Stage: BlockHeader(Number(0))] ✔️
[Trimmer Stage: BlockHeader(InitialEther(10))] ✔️
[Trimmer Stage: BlockHeader(InitialEther(5))] ✔️
[Trimmer Stage: BlockHeader(InitialEther(2))] ✔️
[Trimmer Stage: BlockHeader(InitialEther(1))] ✔️
[Trimmer Stage: BlockHeader(InitialEther(0))] ❌
[minimizing difficulty]
[ sender/receiver selector TX[0] ]
[ sender/receiver selector TX[1] ]
[ we try sorting the transaction list ]
reduced testcases from 522 to 116 bytes (by 78 %) edit distance 407
=== Before minimizing: ===
Block header:
  number: 0
  difficulty: 0
  gas_limit: 0
  timestamp: 0
  initial_ether: 128

TX[0] with tx_sender[0]; tx_receiver[0]; call_value: 0x0; length: 36; block+=0; #returns=0
  func: newOwner(address):(bool) (0x85952454)
  input: { address(0xc2018c3f08417e77b94fb541fed2bf1e09093edd),  }
TX[1] with tx_sender[2]; tx_receiver[0]; call_value: 0x0; length: 4; block+=0; #returns=1
  func: withdrawAll() (0x853828b6)
  input: {  }
  returns:
    return val: 1; allows reenter: 0; data: 0x
TX[2] with tx_sender[2]; tx_receiver[0]; call_value: 0x0; length: 68; block+=0; #returns=1
  func: withdrawAll() (0x853828b6)
  input: {  }
  returns:
    return val: 56; allows reenter: 40; data: 0x00000004000100020000000000000000000000853828b60100000004000100020000000000000000000000853828b60100000004000100020000000000000000000000853828b60100000004000100020000000000000000000000853828b60100000004000100020000000000000000000000853828b60100000004000111020000000000000000000000853828b60100000005000000000000000000000000000000022914a70004000100000000000000f6ffff00020000000000000000000000853828b60100000004000100020000000000001000000000853828b60100000004000100020000000000000000000000853828b60100000004000100020000000000000000000000853828b601000000040001000200000000000000ff000000853828b60100000004000000020000000000000000000000853828b6
=== After minimizing: ===
Block header:
  number: 0
  difficulty: 0
  gas_limit: 0
  timestamp: 0
  initial_ether: 1

TX[0] with tx_sender[0]; tx_receiver[0]; call_value: 0x0; length: 36; block+=0; #returns=0
  func: newOwner(address):(bool) (0x85952454)
  input: { address(0xc2018c3f08417e77b94fb541fed2bf1e09093edd),  }
TX[1] with tx_sender[2]; tx_receiver[0]; call_value: 0x0; length: 4; block+=0; #returns=1
  func: withdrawAll() (0x853828b6)
  input: {  }
  returns:
    return val: 1; allows reenter: 0; data: 0x
