[using trimmer code]
[Trimmer Stage: Start]
[Trimmer Stage: Transactions(22)] ✔️
[Trimmer Stage: Transactions(21)] ✔️
[Trimmer Stage: Transactions(20)] ✔️
[Trimmer Stage: Transactions(19)] ✔️
[Trimmer Stage: Transactions(18)] ✔️
[Trimmer Stage: Transactions(17)] ✔️
[Trimmer Stage: Transactions(16)] ✔️
[Trimmer Stage: Transactions(15)] ✔️
[Trimmer Stage: Transactions(14)] ✔️
[Trimmer Stage: Transactions(13)] ✔️
[Trimmer Stage: Transactions(12)] ✔️
[Trimmer Stage: Transactions(11)] ✔️
[Trimmer Stage: Transactions(10)] ✔️
[Trimmer Stage: Transactions(9)] ✔️
[Trimmer Stage: Transactions(8)] ❌
[Trimmer Stage: Transactions(7)] ✔️
[Trimmer Stage: Transactions(6)] ✔️
[Trimmer Stage: Transactions(5)] ✔️
[Trimmer Stage: Transactions(4)] ✔️
[Trimmer Stage: Transactions(3)] ✔️
[Trimmer Stage: Transactions(2)] ❌
[Trimmer Stage: Transactions(1)] ✔️
[Trimmer Stage: Transactions(0)] ✔️
[Trimmer Stage: Inputs(1, 0)] ❌
[Trimmer Stage: Inputs(0, 4)] ❌
[Trimmer Stage: Inputs(0, 0)] ❌
[Trimmer Stage: Sender(1, 4)] ✔️
[Trimmer Stage: Sender(1, 3)] ❌
[Trimmer Stage: Sender(1, 2)] ❌
[Trimmer Stage: Sender(1, 1)] ❌
[Trimmer Stage: Sender(1, 0)] ❌
[Trimmer Stage: Sender(0, 0)] ✔️
[Trimmer Stage: Receiver(1, 0)] ✔️
[Trimmer Stage: Receiver(0, 0)] ✔️
[Trimmer Stage: BlockHeader(Number(788529152))] ✔️
[Trimmer Stage: BlockHeader(Number(100000))] ✔️
[Trimmer Stage: BlockHeader(Number(10000))] ✔️
[Trimmer Stage: BlockHeader(Number(10))] ✔️
[Trimmer Stage: BlockHeader(Number(5))] ✔️
[Trimmer Stage: BlockHeader(Number(2))] ✔️
[Trimmer Stage: BlockHeader(Number(1))] ✔️
[Trimmer Stage: BlockHeader(Number(0))] ✔️
[Trimmer Stage: BlockHeader(Difficulty(100000))] ✔️
[Trimmer Stage: BlockHeader(Difficulty(10000))] ✔️
[Trimmer Stage: BlockHeader(Difficulty(10))] ✔️
[Trimmer Stage: BlockHeader(Difficulty(5))] ✔️
[Trimmer Stage: BlockHeader(Difficulty(2))] ✔️
[Trimmer Stage: BlockHeader(Difficulty(1))] ✔️
[Trimmer Stage: BlockHeader(Difficulty(0))] ✔️
[Trimmer Stage: BlockHeader(GasLimit(100000))] ✔️
[Trimmer Stage: BlockHeader(GasLimit(10000))] ✔️
[Trimmer Stage: BlockHeader(GasLimit(10))] ✔️
[Trimmer Stage: BlockHeader(GasLimit(5))] ✔️
[Trimmer Stage: BlockHeader(GasLimit(2))] ✔️
[Trimmer Stage: BlockHeader(GasLimit(1))] ✔️
[Trimmer Stage: BlockHeader(GasLimit(0))] ✔️
[Trimmer Stage: BlockHeader(InitialEther(3814697265625))] ✔️
[Trimmer Stage: BlockHeader(InitialEther(100000))] ✔️
[Trimmer Stage: BlockHeader(InitialEther(10000))] ✔️
[Trimmer Stage: BlockHeader(InitialEther(10))] ✔️
[Trimmer Stage: BlockHeader(InitialEther(5))] ✔️
[Trimmer Stage: BlockHeader(InitialEther(2))] ✔️
[Trimmer Stage: BlockHeader(InitialEther(1))] ✔️
[Trimmer Stage: BlockHeader(InitialEther(0))] ❌
[minimizing difficulty]
[ sender/receiver selector TX[0] ]
[ sender/receiver selector TX[1] ]
[ we try sorting the transaction list ]
reduced testcases from 972 to 112 bytes (by 89 %) edit distance 919
=== Before minimizing: ===
Block header:
  number: 788529152
  difficulty: 4072661438026481664
  gas_limit: 2405928
  timestamp: 0
  initial_ether: 5597844219406288033

TX[0] with tx_sender[0]; tx_receiver[0]; call_value: 0x0; length: 0; block+=0; #returns=0
  input: 
TX[1] with tx_sender[1]; tx_receiver[0]; call_value: 0x0; length: 36; block+=0; #returns=0
  func: newOwner(address):(bool) (0x85952454)
  input: { address(0xc1af1d7e20374a20d4d3914c1a1b0ddfef99cc61),  }
TX[2] with tx_sender[0]; tx_receiver[0]; call_value: 0x0; length: 36; block+=0; #returns=0
  func: newOwner(address):(bool) (0x85952454)
  input: { address(0xc4b803ea8bc30894cc4672a9159ca000d377d9a3),  }
TX[3] with tx_sender[4]; tx_receiver[0]; call_value: 0x0; length: 36; block+=16; #returns=0
  func: newOwner(address):(bool) (0x85952454)
  input: { address(0xc4b803ea8bc30894cc4672a9159ca000d377d9a3),  }
TX[4] with tx_sender[0]; tx_receiver[0]; call_value: 0x0; length: 36; block+=0; #returns=0
  func: newOwner(address):(bool) (0x85952454)
  input: { address(0xc4b803ea8bc30894cc4672a9159ca000d377d9a3),  }
TX[5] with tx_sender[0]; tx_receiver[0]; call_value: 0x0; length: 36; block+=0; #returns=0
  func: newOwner(address):(bool) (0x85952454)
  input: { address(0xc4b803ea8bc30894cc4672a9159ca000d377d9a3),  }
TX[6] with tx_sender[0]; tx_receiver[0]; call_value: 0x0; length: 36; block+=0; #returns=0
  func: newOwner(address):(bool) (0x85952454)
  input: { address(0xc04689c0c5d48cec7275152b3026b53f6f78d03d),  }
TX[7] with tx_sender[0]; tx_receiver[0]; call_value: 0x0; length: 36; block+=0; #returns=0
  func: newOwner(address):(bool) (0x85952454)
  input: { address(0xc4b803ea8bc30894cc4672a9159ca000d377d9a3),  }
TX[8] with tx_sender[4]; tx_receiver[0]; call_value: 0x0; length: 4; block+=0; #returns=0
  func: withdrawAll() (0x853828b6)
  input: {  }
TX[9] with tx_sender[4]; tx_receiver[0]; call_value: 0x0; length: 4; block+=0; #returns=0
  func: withdrawAll() (0x853828b6)
  input: {  }
TX[10] with tx_sender[4]; tx_receiver[0]; call_value: 0x0; length: 4; block+=0; #returns=0
  func: withdrawAll() (0x853828b6)
  input: {  }
TX[11] with tx_sender[4]; tx_receiver[0]; call_value: 0x0; length: 4; block+=0; #returns=0
  func: withdrawAll() (0x853828b6)
  input: {  }
TX[12] with tx_sender[1]; tx_receiver[0]; call_value: 0x0; length: 36; block+=0; #returns=0
  func: newOwner(address):(bool) (0x85952454)
  input: { address(0xc1af1d7e20374a20d4d3914c1a1b0ddfef99cc61),  }
TX[13] with tx_sender[0]; tx_receiver[0]; call_value: 0x0; length: 36; block+=0; #returns=0
  func: newOwner(address):(bool) (0x85952454)
  input: { address(0xc4b803ea8bc30894cc6972a9159ca000d377d9a3),  }
TX[14] with tx_sender[0]; tx_receiver[0]; call_value: 0x0; length: 36; block+=0; #returns=0
  func: newOwner(address):(bool) (0x85952454)
  input: { address(0xd1b803ea8bc30894cc4672a9159ca000d377d9a3),  }
TX[15] with tx_sender[0]; tx_receiver[0]; call_value: 0x0; length: 36; block+=0; #returns=0
  func: newOwner(address):(bool) (0x85952454)
  input: { address(0xc4b803ea8bc30894cc4672a9159ca000d377d9a3),  }
TX[16] with tx_sender[4]; tx_receiver[0]; call_value: 0x0; length: 36; block+=0; #returns=0
  func: newOwner(address):(bool) (0x85952454)
  input: { address(0xc4b803ea8bc30894cc4672a9159ca000d377d9a3),  }
TX[17] with tx_sender[0]; tx_receiver[0]; call_value: 0x0; length: 36; block+=0; #returns=0
  func: newOwner(address):(bool) (0x85952454)
  input: { address(0xc04689c0c5d48cec7275152b3026b53f6f78d03d),  }
TX[18] with tx_sender[0]; tx_receiver[0]; call_value: 0x0; length: 36; block+=0; #returns=0
  func: newOwner(address):(bool) (0x85952454)
  input: { address(0xc4b803ea8bc30894cc4672a9159ca000d377d9a3),  }
TX[19] with tx_sender[4]; tx_receiver[0]; call_value: 0x0; length: 4; block+=0; #returns=0
  func: withdrawAll() (0x853828b6)
  input: {  }
TX[20] with tx_sender[4]; tx_receiver[0]; call_value: 0x0; length: 4; block+=0; #returns=0
  func: withdrawAll() (0x853828b6)
  input: {  }
TX[21] with tx_sender[4]; tx_receiver[0]; call_value: 0x0; length: 4; block+=0; #returns=0
  func: withdrawAll() (0x853828b6)
  input: {  }
TX[22] with tx_sender[220]; tx_receiver[0]; call_value: 0x0; length: 32; block+=1; #returns=0
  func: deleteOwner(address):(bool) (0xcd5c4c70)
  input: 000000000000000000000000c04689c0c5d48cec7275152b3026b53f  [failed to decode]
=== After minimizing: ===
Block header:
  number: 0
  difficulty: 0
  gas_limit: 0
  timestamp: 0
  initial_ether: 1

TX[0] with tx_sender[0]; tx_receiver[0]; call_value: 0x0; length: 36; block+=0; #returns=0
  func: newOwner(address):(bool) (0x85952454)
  input: { address(0xc4b803ea8bc30894cc4672a9159ca000d377d9a3),  }
TX[1] with tx_sender[4]; tx_receiver[0]; call_value: 0x0; length: 4; block+=0; #returns=0
  func: withdrawAll() (0x853828b6)
  input: {  }
