[using trimmer code]
[Trimmer Stage: Start]
[Trimmer Stage: Transactions(6)] ✔️
[Trimmer Stage: Transactions(5)] ✔️
[Trimmer Stage: Transactions(4)] ❌
[Trimmer Stage: Transactions(3)] ❌
[Trimmer Stage: Transactions(2)] ✔️
[Trimmer Stage: Transactions(1)] ✔️
[Trimmer Stage: Transactions(0)] ✔️
[Trimmer Stage: TransactionHeader(1, BlockAdvance(0))] ✔️
[Trimmer Stage: TransactionHeader(0, BlockAdvance(0))] ✔️
[Trimmer Stage: Returns(1, 0)] ❌
[Trimmer Stage: ReturnData(1, 0, 0)] ✔️
[Trimmer Stage: Reenter(1, 0, 0)] ✔️
[Trimmer Stage: Inputs(1, 0)] ❌
[Trimmer Stage: Inputs(0, 4)] ❌
[Trimmer Stage: Inputs(0, 0)] ❌
[Trimmer Stage: Sender(1, 2)] ✔️
[Trimmer Stage: Sender(1, 1)] ❌
[Trimmer Stage: Sender(1, 0)] ❌
[Trimmer Stage: Sender(0, 2)] ✔️
[Trimmer Stage: Sender(0, 1)] ✔️
[Trimmer Stage: Sender(0, 0)] ✔️
[Trimmer Stage: Receiver(1, 0)] ✔️
[Trimmer Stage: Receiver(0, 20)] ✔️
[Trimmer Stage: Receiver(0, 19)] ✔️
[Trimmer Stage: Receiver(0, 18)] ✔️
[Trimmer Stage: Receiver(0, 17)] ✔️
[Trimmer Stage: Receiver(0, 16)] ✔️
[Trimmer Stage: Receiver(0, 15)] ✔️
[Trimmer Stage: Receiver(0, 14)] ✔️
[Trimmer Stage: Receiver(0, 13)] ✔️
[Trimmer Stage: Receiver(0, 12)] ✔️
[Trimmer Stage: Receiver(0, 11)] ✔️
[Trimmer Stage: Receiver(0, 10)] ✔️
[Trimmer Stage: Receiver(0, 9)] ✔️
[Trimmer Stage: Receiver(0, 8)] ✔️
[Trimmer Stage: Receiver(0, 7)] ✔️
[Trimmer Stage: Receiver(0, 6)] ✔️
[Trimmer Stage: Receiver(0, 5)] ✔️
[Trimmer Stage: Receiver(0, 4)] ✔️
[Trimmer Stage: Receiver(0, 3)] ✔️
[Trimmer Stage: Receiver(0, 2)] ✔️
[Trimmer Stage: Receiver(0, 1)] ✔️
[Trimmer Stage: Receiver(0, 0)] ✔️
[Trimmer Stage: BlockHeader(Number(4295032576))] ✔️
[Trimmer Stage: BlockHeader(Number(100000))] ✔️
[Trimmer Stage: BlockHeader(Number(10000))] ✔️
[Trimmer Stage: BlockHeader(Number(10))] ✔️
[Trimmer Stage: BlockHeader(Number(5))] ✔️
[Trimmer Stage: BlockHeader(Number(2))] ✔️
[Trimmer Stage: BlockHeader(Number(1))] ✔️
[Trimmer Stage: BlockHeader(Number(0))] ✔️
[Trimmer Stage: BlockHeader(InitialEther(3814697265625))] ✔️
[Trimmer Stage: BlockHeader(InitialEther(100000))] ✔️
[Trimmer Stage: BlockHeader(InitialEther(10000))] ✔️
[Trimmer Stage: BlockHeader(InitialEther(10))] ✔️
[Trimmer Stage: BlockHeader(InitialEther(5))] ✔️
[Trimmer Stage: BlockHeader(InitialEther(2))] ✔️
[Trimmer Stage: BlockHeader(InitialEther(1))] ✔️
[Trimmer Stage: BlockHeader(InitialEther(0))] ❌
[minimizing difficulty]
[ sender/receiver selector TX[0] ]
[ sender/receiver selector TX[1] ]
[ we try sorting the transaction list ]
reduced testcases from 309 to 116 bytes (by 63 %) edit distance 226
=== Before minimizing: ===
Block header:
  number: 4295032576
  difficulty: 0
  gas_limit: 0
  timestamp: 0
  initial_ether: 9224497936761618432

TX[0] with tx_sender[0]; tx_receiver[0]; call_value: 0x0; length: 36; block+=0; #returns=0
  func: newOwner(address):(bool) (0x85952454)
  input: { address(0x00c2018c3f08417e77b94fb50000000000000000),  }
TX[1] with tx_sender[0]; tx_receiver[0]; call_value: 0x0; length: 0; block+=0; #returns=0
  input: 
TX[2] with tx_sender[0]; tx_receiver[0]; call_value: 0x0; length: 0; block+=0; #returns=0
  input: 
TX[3] with tx_sender[2]; tx_receiver[253]; call_value: 0x0; length: 36; block+=1; #returns=0
  func: newOwner(address):(bool) (0x85952454)
  input: { address(0xc2018c3f08417e77b94fb541fed2bf1e09093edd),  }
TX[4] with tx_sender[2]; tx_receiver[0]; call_value: 0x0; length: 4; block+=1; #returns=1
  func: withdrawAll() (0x853828b6)
  input: {  }
  returns:
    return val: 1; allows reenter: 2; data: 0x00000000000000000000fffffff6000000000000000000000000000000000000
TX[5] with tx_sender[2]; tx_receiver[0]; call_value: 0x0; length: 4; block+=1; #returns=1
  func: withdrawAll() (0x853828b6)
  input: {  }
  returns:
    return val: 1; allows reenter: 1; data: 0x0000000000000000000000000000000000000000000000000000000000000000
TX[6] with tx_sender[2]; tx_receiver[0]; call_value: 0x0; length: 5; block+=1; #returns=0
  func: deleteOwner(address):(bool) (0xcd5c4c70)
  input: 00  [failed to decode]
=== After minimizing: ===
Block header:
  number: 0
  difficulty: 0
  gas_limit: 0
  timestamp: 0
  initial_ether: 1

TX[0] with tx_sender[0]; tx_receiver[0]; call_value: 0x0; length: 36; block+=0; #returns=0
  func: newOwner(address):(bool) (0x85952454)
  input: { address(0xc2018c3f08417e77b94fb541fed2bf1e09093edd),  }
TX[1] with tx_sender[2]; tx_receiver[0]; call_value: 0x0; length: 4; block+=0; #returns=1
  func: withdrawAll() (0x853828b6)
  input: {  }
  returns:
    return val: 1; allows reenter: 0; data: 0x
