[using trimmer code]
[Trimmer Stage: Start]
[Trimmer Stage: Transactions(255)] ❌
[Trimmer Stage: Transactions(254)] ✔️
[Trimmer Stage: Transactions(253)] ✔️
[Trimmer Stage: Transactions(252)] ✔️
[Trimmer Stage: Transactions(251)] ✔️
[Trimmer Stage: Transactions(250)] ✔️
[Trimmer Stage: Transactions(249)] ✔️
[Trimmer Stage: Transactions(248)] ✔️
[Trimmer Stage: Transactions(247)] ✔️
[Trimmer Stage: Transactions(246)] ✔️
[Trimmer Stage: Transactions(245)] ✔️
[Trimmer Stage: Transactions(244)] ✔️
[Trimmer Stage: Transactions(243)] ✔️
[Trimmer Stage: Transactions(242)] ✔️
[Trimmer Stage: Transactions(241)] ✔️
[Trimmer Stage: Transactions(240)] ✔️
[Trimmer Stage: Transactions(239)] ✔️
[Trimmer Stage: Transactions(238)] ✔️
[Trimmer Stage: Transactions(237)] ✔️
[Trimmer Stage: Transactions(236)] ✔️
[Trimmer Stage: Transactions(235)] ✔️
[Trimmer Stage: Transactions(234)] ✔️
[Trimmer Stage: Transactions(233)] ✔️
[Trimmer Stage: Transactions(232)] ✔️
[Trimmer Stage: Transactions(231)] ✔️
[Trimmer Stage: Transactions(230)] ✔️
[Trimmer Stage: Transactions(229)] ✔️
[Trimmer Stage: Transactions(228)] ✔️
[Trimmer Stage: Transactions(227)] ✔️
[Trimmer Stage: Transactions(226)] ✔️
[Trimmer Stage: Transactions(225)] ✔️
[Trimmer Stage: Transactions(224)] ✔️
[Trimmer Stage: Transactions(223)] ✔️
[Trimmer Stage: Transactions(222)] ✔️
[Trimmer Stage: Transactions(221)] ✔️
[Trimmer Stage: Transactions(220)] ✔️
[Trimmer Stage: Transactions(219)] ✔️
[Trimmer Stage: Transactions(218)] ✔️
[Trimmer Stage: Transactions(217)] ✔️
[Trimmer Stage: Transactions(216)] ✔️
[Trimmer Stage: Transactions(215)] ✔️
[Trimmer Stage: Transactions(214)] ✔️
[Trimmer Stage: Transactions(213)] ✔️
[Trimmer Stage: Transactions(212)] ✔️
[Trimmer Stage: Transactions(211)] ✔️
[Trimmer Stage: Transactions(210)] ✔️
[Trimmer Stage: Transactions(209)] ✔️
[Trimmer Stage: Transactions(208)] ✔️
[Trimmer Stage: Transactions(207)] ✔️
[Trimmer Stage: Transactions(206)] ✔️
[Trimmer Stage: Transactions(205)] ✔️
[Trimmer Stage: Transactions(204)] ✔️
[Trimmer Stage: Transactions(203)] ✔️
[Trimmer Stage: Transactions(202)] ✔️
[Trimmer Stage: Transactions(201)] ✔️
[Trimmer Stage: Transactions(200)] ✔️
[Trimmer Stage: Transactions(199)] ✔️
[Trimmer Stage: Transactions(198)] ✔️
[Trimmer Stage: Transactions(197)] ✔️
[Trimmer Stage: Transactions(196)] ✔️
[Trimmer Stage: Transactions(195)] ✔️
[Trimmer Stage: Transactions(194)] ✔️
[Trimmer Stage: Transactions(193)] ✔️
[Trimmer Stage: Transactions(192)] ✔️
[Trimmer Stage: Transactions(191)] ✔️
[Trimmer Stage: Transactions(190)] ✔️
[Trimmer Stage: Transactions(189)] ✔️
[Trimmer Stage: Transactions(188)] ✔️
[Trimmer Stage: Transactions(187)] ✔️
[Trimmer Stage: Transactions(186)] ✔️
[Trimmer Stage: Transactions(185)] ✔️
[Trimmer Stage: Transactions(184)] ✔️
[Trimmer Stage: Transactions(183)] ✔️
[Trimmer Stage: Transactions(182)] ✔️
[Trimmer Stage: Transactions(181)] ✔️
[Trimmer Stage: Transactions(180)] ✔️
[Trimmer Stage: Transactions(179)] ✔️
[Trimmer Stage: Transactions(178)] ✔️
[Trimmer Stage: Transactions(177)] ✔️
[Trimmer Stage: Transactions(176)] ✔️
[Trimmer Stage: Transactions(175)] ✔️
[Trimmer Stage: Transactions(174)] ✔️
[Trimmer Stage: Transactions(173)] ✔️
[Trimmer Stage: Transactions(172)] ✔️
[Trimmer Stage: Transactions(171)] ✔️
[Trimmer Stage: Transactions(170)] ✔️
[Trimmer Stage: Transactions(169)] ✔️
[Trimmer Stage: Transactions(168)] ✔️
[Trimmer Stage: Transactions(167)] ✔️
[Trimmer Stage: Transactions(166)] ✔️
[Trimmer Stage: Transactions(165)] ✔️
[Trimmer Stage: Transactions(164)] ✔️
[Trimmer Stage: Transactions(163)] ✔️
[Trimmer Stage: Transactions(162)] ✔️
[Trimmer Stage: Transactions(161)] ✔️
[Trimmer Stage: Transactions(160)] ✔️
[Trimmer Stage: Transactions(159)] ✔️
[Trimmer Stage: Transactions(158)] ✔️
[Trimmer Stage: Transactions(157)] ✔️
[Trimmer Stage: Transactions(156)] ✔️
[Trimmer Stage: Transactions(155)] ✔️
[Trimmer Stage: Transactions(154)] ✔️
[Trimmer Stage: Transactions(153)] ✔️
[Trimmer Stage: Transactions(152)] ✔️
[Trimmer Stage: Transactions(151)] ✔️
[Trimmer Stage: Transactions(150)] ❌
[Trimmer Stage: Transactions(149)] ✔️
[Trimmer Stage: Transactions(148)] ✔️
[Trimmer Stage: Transactions(147)] ✔️
[Trimmer Stage: Transactions(146)] ✔️
[Trimmer Stage: Transactions(145)] ✔️
[Trimmer Stage: Transactions(144)] ✔️
[Trimmer Stage: Transactions(143)] ✔️
[Trimmer Stage: Transactions(142)] ✔️
[Trimmer Stage: Transactions(141)] ✔️
[Trimmer Stage: Transactions(140)] ✔️
[Trimmer Stage: Transactions(139)] ✔️
[Trimmer Stage: Transactions(138)] ✔️
[Trimmer Stage: Transactions(137)] ✔️
[Trimmer Stage: Transactions(136)] ✔️
[Trimmer Stage: Transactions(135)] ✔️
[Trimmer Stage: Transactions(134)] ✔️
[Trimmer Stage: Transactions(133)] ✔️
[Trimmer Stage: Transactions(132)] ✔️
[Trimmer Stage: Transactions(131)] ✔️
[Trimmer Stage: Transactions(130)] ✔️
[Trimmer Stage: Transactions(129)] ✔️
[Trimmer Stage: Transactions(128)] ✔️
[Trimmer Stage: Transactions(127)] ✔️
[Trimmer Stage: Transactions(126)] ✔️
[Trimmer Stage: Transactions(125)] ✔️
[Trimmer Stage: Transactions(124)] ✔️
[Trimmer Stage: Transactions(123)] ✔️
[Trimmer Stage: Transactions(122)] ✔️
[Trimmer Stage: Transactions(121)] ✔️
[Trimmer Stage: Transactions(120)] ✔️
[Trimmer Stage: Transactions(119)] ✔️
[Trimmer Stage: Transactions(118)] ✔️
[Trimmer Stage: Transactions(117)] ✔️
[Trimmer Stage: Transactions(116)] ✔️
[Trimmer Stage: Transactions(115)] ✔️
[Trimmer Stage: Transactions(114)] ✔️
[Trimmer Stage: Transactions(113)] ✔️
[Trimmer Stage: Transactions(112)] ✔️
[Trimmer Stage: Transactions(111)] ✔️
[Trimmer Stage: Transactions(110)] ✔️
[Trimmer Stage: Transactions(109)] ✔️
[Trimmer Stage: Transactions(108)] ✔️
[Trimmer Stage: Transactions(107)] ✔️
[Trimmer Stage: Transactions(106)] ✔️
[Trimmer Stage: Transactions(105)] ✔️
[Trimmer Stage: Transactions(104)] ✔️
[Trimmer Stage: Transactions(103)] ✔️
[Trimmer Stage: Transactions(102)] ✔️
[Trimmer Stage: Transactions(101)] ✔️
[Trimmer Stage: Transactions(100)] ✔️
[Trimmer Stage: Transactions(99)] ✔️
[Trimmer Stage: Transactions(98)] ✔️
[Trimmer Stage: Transactions(97)] ✔️
[Trimmer Stage: Transactions(96)] ✔️
[Trimmer Stage: Transactions(95)] ✔️
[Trimmer Stage: Transactions(94)] ✔️
[Trimmer Stage: Transactions(93)] ✔️
[Trimmer Stage: Transactions(92)] ✔️
[Trimmer Stage: Transactions(91)] ✔️
[Trimmer Stage: Transactions(90)] ✔️
[Trimmer Stage: Transactions(89)] ✔️
[Trimmer Stage: Transactions(88)] ✔️
[Trimmer Stage: Transactions(87)] ✔️
[Trimmer Stage: Transactions(86)] ✔️
[Trimmer Stage: Transactions(85)] ✔️
[Trimmer Stage: Transactions(84)] ✔️
[Trimmer Stage: Transactions(83)] ✔️
[Trimmer Stage: Transactions(82)] ✔️
[Trimmer Stage: Transactions(81)] ✔️
[Trimmer Stage: Transactions(80)] ✔️
[Trimmer Stage: Transactions(79)] ✔️
[Trimmer Stage: Transactions(78)] ✔️
[Trimmer Stage: Transactions(77)] ✔️
[Trimmer Stage: Transactions(76)] ✔️
[Trimmer Stage: Transactions(75)] ✔️
[Trimmer Stage: Transactions(74)] ✔️
[Trimmer Stage: Transactions(73)] ✔️
[Trimmer Stage: Transactions(72)] ✔️
[Trimmer Stage: Transactions(71)] ✔️
[Trimmer Stage: Transactions(70)] ✔️
[Trimmer Stage: Transactions(69)] ✔️
[Trimmer Stage: Transactions(68)] ✔️
[Trimmer Stage: Transactions(67)] ✔️
[Trimmer Stage: Transactions(66)] ✔️
[Trimmer Stage: Transactions(65)] ✔️
[Trimmer Stage: Transactions(64)] ✔️
[Trimmer Stage: Transactions(63)] ✔️
[Trimmer Stage: Transactions(62)] ✔️
[Trimmer Stage: Transactions(61)] ✔️
[Trimmer Stage: Transactions(60)] ✔️
[Trimmer Stage: Transactions(59)] ✔️
[Trimmer Stage: Transactions(58)] ✔️
[Trimmer Stage: Transactions(57)] ✔️
[Trimmer Stage: Transactions(56)] ✔️
[Trimmer Stage: Transactions(55)] ✔️
[Trimmer Stage: Transactions(54)] ✔️
[Trimmer Stage: Transactions(53)] ✔️
[Trimmer Stage: Transactions(52)] ✔️
[Trimmer Stage: Transactions(51)] ✔️
[Trimmer Stage: Transactions(50)] ✔️
[Trimmer Stage: Transactions(49)] ✔️
[Trimmer Stage: Transactions(48)] ✔️
[Trimmer Stage: Transactions(47)] ✔️
[Trimmer Stage: Transactions(46)] ✔️
[Trimmer Stage: Transactions(45)] ✔️
[Trimmer Stage: Transactions(44)] ✔️
[Trimmer Stage: Transactions(43)] ✔️
[Trimmer Stage: Transactions(42)] ✔️
[Trimmer Stage: Transactions(41)] ✔️
[Trimmer Stage: Transactions(40)] ✔️
[Trimmer Stage: Transactions(39)] ✔️
[Trimmer Stage: Transactions(38)] ✔️
[Trimmer Stage: Transactions(37)] ✔️
[Trimmer Stage: Transactions(36)] ✔️
[Trimmer Stage: Transactions(35)] ✔️
[Trimmer Stage: Transactions(34)] ✔️
[Trimmer Stage: Transactions(33)] ✔️
[Trimmer Stage: Transactions(32)] ✔️
[Trimmer Stage: Transactions(31)] ✔️
[Trimmer Stage: Transactions(30)] ✔️
[Trimmer Stage: Transactions(29)] ✔️
[Trimmer Stage: Transactions(28)] ✔️
[Trimmer Stage: Transactions(27)] ✔️
[Trimmer Stage: Transactions(26)] ✔️
[Trimmer Stage: Transactions(25)] ✔️
[Trimmer Stage: Transactions(24)] ✔️
[Trimmer Stage: Transactions(23)] ✔️
[Trimmer Stage: Transactions(22)] ✔️
[Trimmer Stage: Transactions(21)] ✔️
[Trimmer Stage: Transactions(20)] ✔️
[Trimmer Stage: Transactions(19)] ✔️
[Trimmer Stage: Transactions(18)] ✔️
[Trimmer Stage: Transactions(17)] ✔️
[Trimmer Stage: Transactions(16)] ✔️
[Trimmer Stage: Transactions(15)] ✔️
[Trimmer Stage: Transactions(14)] ✔️
[Trimmer Stage: Transactions(13)] ✔️
[Trimmer Stage: Transactions(12)] ✔️
[Trimmer Stage: Transactions(11)] ✔️
[Trimmer Stage: Transactions(10)] ✔️
[Trimmer Stage: Transactions(9)] ✔️
[Trimmer Stage: Transactions(8)] ✔️
[Trimmer Stage: Transactions(7)] ✔️
[Trimmer Stage: Transactions(6)] ✔️
[Trimmer Stage: Transactions(5)] ✔️
[Trimmer Stage: Transactions(4)] ✔️
[Trimmer Stage: Transactions(3)] ✔️
[Trimmer Stage: Transactions(2)] ✔️
[Trimmer Stage: Transactions(1)] ✔️
[Trimmer Stage: Transactions(0)] ✔️
[Trimmer Stage: Returns(1, 1)] ✔️
[Trimmer Stage: Returns(1, 0)] ❌
[Trimmer Stage: ReturnData(1, 0, 0)] ✔️
[Trimmer Stage: Reenter(1, 0, 0)] ✔️
[Trimmer Stage: Inputs(1, 0)] ❌
[Trimmer Stage: Inputs(0, 4)] ❌
[Trimmer Stage: Inputs(0, 0)] ❌
[Trimmer Stage: Sender(1, 2)] ✔️
[Trimmer Stage: Sender(1, 1)] ❌
[Trimmer Stage: Sender(1, 0)] ❌
[Trimmer Stage: Sender(0, 2)] ✔️
[Trimmer Stage: Sender(0, 1)] ✔️
[Trimmer Stage: Sender(0, 0)] ✔️
[Trimmer Stage: Receiver(1, 0)] ✔️
[Trimmer Stage: Receiver(0, 0)] ✔️
[Trimmer Stage: BlockHeader(Number(0))] ✔️
[Trimmer Stage: BlockHeader(InitialEther(3814697265625))] ✔️
[Trimmer Stage: BlockHeader(InitialEther(100000))] ✔️
[Trimmer Stage: BlockHeader(InitialEther(10000))] ✔️
[Trimmer Stage: BlockHeader(InitialEther(10))] ✔️
[Trimmer Stage: BlockHeader(InitialEther(5))] ✔️
[Trimmer Stage: BlockHeader(InitialEther(2))] ✔️
[Trimmer Stage: BlockHeader(InitialEther(1))] ✔️
[Trimmer Stage: BlockHeader(InitialEther(0))] ❌
[minimizing difficulty]
[ sender/receiver selector TX[0] ]
[ sender/receiver selector TX[1] ]
[ we try sorting the transaction list ]
reduced testcases from 4328 to 116 bytes (by 98 %) edit distance 4255
=== Before minimizing: ===
Block header:
  number: 0
  difficulty: 0
  gas_limit: 0
  timestamp: 0
  initial_ether: 9223635250966103933

TX[0] with tx_sender[1]; tx_receiver[0]; call_value: 0x1; length: 4; block+=0; #returns=0
  func: fallback()
  input: 00000000 
TX[1] with tx_sender[0]; tx_receiver[0]; call_value: 0x0; length: 0; block+=0; #returns=0
  input: 
TX[2] with tx_sender[0]; tx_receiver[0]; call_value: 0x0; length: 0; block+=0; #returns=0
  input: 
TX[3] with tx_sender[0]; tx_receiver[0]; call_value: 0x1; length: 0; block+=0; #returns=0
  input: 
TX[4] with tx_sender[0]; tx_receiver[0]; call_value: 0x0; length: 0; block+=0; #returns=0
  input: 
TX[5] with tx_sender[0]; tx_receiver[0]; call_value: 0x0; length: 0; block+=0; #returns=0
  input: 
TX[6] with tx_sender[0]; tx_receiver[0]; call_value: 0x1; length: 0; block+=0; #returns=0
  input: 
TX[7] with tx_sender[0]; tx_receiver[0]; call_value: 0x1; length: 0; block+=0; #returns=0
  input: 
TX[8] with tx_sender[0]; tx_receiver[0]; call_value: 0x0; length: 0; block+=0; #returns=0
  input: 
TX[9] with tx_sender[0]; tx_receiver[0]; call_value: 0x0; length: 0; block+=0; #returns=0
  input: 
TX[10] with tx_sender[0]; tx_receiver[0]; call_value: 0x0; length: 0; block+=0; #returns=0
  input: 
TX[11] with tx_sender[0]; tx_receiver[0]; call_value: 0x0; length: 0; block+=0; #returns=0
  input: 
TX[12] with tx_sender[1]; tx_receiver[0]; call_value: 0x0; length: 0; block+=0; #returns=0
  input: 
TX[13] with tx_sender[0]; tx_receiver[0]; call_value: 0x0; length: 0; block+=0; #returns=0
  input: 
TX[14] with tx_sender[3]; tx_receiver[0]; call_value: 0x0; length: 0; block+=0; #returns=0
  input: 
TX[15] with tx_sender[0]; tx_receiver[0]; call_value: 0x0; length: 0; block+=0; #returns=0
  input: 
TX[16] with tx_sender[0]; tx_receiver[0]; call_value: 0x0; length: 0; block+=0; #returns=0
  input: 
TX[17] with tx_sender[0]; tx_receiver[0]; call_value: 0x0; length: 0; block+=0; #returns=0
  input: 
TX[18] with tx_sender[0]; tx_receiver[0]; call_value: 0x0; length: 0; block+=0; #returns=0
  input: 
TX[19] with tx_sender[0]; tx_receiver[0]; call_value: 0x0; length: 0; block+=0; #returns=0
  input: 
TX[20] with tx_sender[0]; tx_receiver[0]; call_value: 0x0; length: 0; block+=0; #returns=0
  input: 
TX[21] with tx_sender[0]; tx_receiver[0]; call_value: 0x1; length: 0; block+=0; #returns=0
  input: 
TX[22] with tx_sender[0]; tx_receiver[0]; call_value: 0x1; length: 0; block+=0; #returns=0
  input: 
TX[23] with tx_sender[0]; tx_receiver[0]; call_value: 0x0; length: 0; block+=0; #returns=0
  input: 
TX[24] with tx_sender[0]; tx_receiver[0]; call_value: 0x1; length: 0; block+=0; #returns=0
  input: 
TX[25] with tx_sender[0]; tx_receiver[0]; call_value: 0x0; length: 0; block+=0; #returns=0
  input: 
TX[26] with tx_sender[0]; tx_receiver[0]; call_value: 0x0; length: 0; block+=0; #returns=0
  input: 
TX[27] with tx_sender[0]; tx_receiver[0]; call_value: 0x0; length: 0; block+=0; #returns=0
  input: 
TX[28] with tx_sender[0]; tx_receiver[0]; call_value: 0x0; length: 0; block+=0; #returns=0
  input: 
TX[29] with tx_sender[0]; tx_receiver[0]; call_value: 0x0; length: 0; block+=0; #returns=0
  input: 
TX[30] with tx_sender[0]; tx_receiver[0]; call_value: 0x1; length: 0; block+=0; #returns=0
  input: 
TX[31] with tx_sender[0]; tx_receiver[0]; call_value: 0x0; length: 0; block+=0; #returns=0
  input: 
TX[32] with tx_sender[0]; tx_receiver[0]; call_value: 0x0; length: 0; block+=0; #returns=0
  input: 
TX[33] with tx_sender[0]; tx_receiver[0]; call_value: 0x0; length: 0; block+=0; #returns=0
  input: 
TX[34] with tx_sender[0]; tx_receiver[0]; call_value: 0x0; length: 0; block+=0; #returns=0
  input: 
TX[35] with tx_sender[0]; tx_receiver[0]; call_value: 0x0; length: 0; block+=0; #returns=0
  input: 
TX[36] with tx_sender[0]; tx_receiver[0]; call_value: 0x0; length: 0; block+=0; #returns=0
  input: 
TX[37] with tx_sender[0]; tx_receiver[0]; call_value: 0x0; length: 0; block+=0; #returns=0
  input: 
TX[38] with tx_sender[0]; tx_receiver[0]; call_value: 0x0; length: 0; block+=0; #returns=0
  input: 
TX[39] with tx_sender[1]; tx_receiver[0]; call_value: 0x0; length: 0; block+=0; #returns=0
  input: 
TX[40] with tx_sender[0]; tx_receiver[0]; call_value: 0x0; length: 0; block+=0; #returns=0
  input: 
TX[41] with tx_sender[0]; tx_receiver[0]; call_value: 0x0; length: 0; block+=0; #returns=0
  input: 
TX[42] with tx_sender[0]; tx_receiver[0]; call_value: 0x0; length: 0; block+=0; #returns=0
  input: 
TX[43] with tx_sender[0]; tx_receiver[0]; call_value: 0x0; length: 0; block+=0; #returns=0
  input: 
TX[44] with tx_sender[4]; tx_receiver[0]; call_value: 0x0; length: 36; block+=0; #returns=0
  func: newOwner(address):(bool) (0x85952454)
  input: { address(0xc4b803ea8bc30894cc4672a9159ca000d377d9a3),  }
TX[45] with tx_sender[0]; tx_receiver[0]; call_value: 0x0; length: 0; block+=0; #returns=0
  input: 
TX[46] with tx_sender[4]; tx_receiver[0]; call_value: 0x0; length: 0; block+=0; #returns=0
  input: 
TX[47] with tx_sender[4]; tx_receiver[0]; call_value: 0x0; length: 0; block+=0; #returns=0
  input: 
TX[48] with tx_sender[4]; tx_receiver[0]; call_value: 0x0; length: 0; block+=0; #returns=0
  input: 
TX[49] with tx_sender[0]; tx_receiver[0]; call_value: 0x0; length: 0; block+=0; #returns=0
  input: 
TX[50] with tx_sender[0]; tx_receiver[0]; call_value: 0x0; length: 0; block+=0; #returns=0
  input: 
TX[51] with tx_sender[4]; tx_receiver[0]; call_value: 0x652a72a56b65b706; length: 0; block+=0; #returns=0
  input: 
TX[52] with tx_sender[4]; tx_receiver[0]; call_value: 0x0; length: 0; block+=0; #returns=0
  input: 
TX[53] with tx_sender[2]; tx_receiver[0]; call_value: 0x1; length: 0; block+=0; #returns=0
  input: 
TX[54] with tx_sender[0]; tx_receiver[0]; call_value: 0x0; length: 0; block+=0; #returns=0
  input: 
TX[55] with tx_sender[4]; tx_receiver[0]; call_value: 0x0; length: 0; block+=0; #returns=0
  input: 
TX[56] with tx_sender[4]; tx_receiver[0]; call_value: 0x0; length: 0; block+=0; #returns=0
  input: 
TX[57] with tx_sender[0]; tx_receiver[0]; call_value: 0x0; length: 0; block+=0; #returns=0
  input: 
TX[58] with tx_sender[4]; tx_receiver[0]; call_value: 0x0; length: 0; block+=0; #returns=0
  input: 
TX[59] with tx_sender[0]; tx_receiver[0]; call_value: 0x4c53ecdc18a6000000000000000000; length: 0; block+=0; #returns=0
  input: 
TX[60] with tx_sender[0]; tx_receiver[0]; call_value: 0x0; length: 0; block+=0; #returns=0
  input: 
TX[61] with tx_sender[0]; tx_receiver[0]; call_value: 0x0; length: 0; block+=0; #returns=0
  input: 
TX[62] with tx_sender[0]; tx_receiver[0]; call_value: 0x0; length: 0; block+=0; #returns=0
  input: 
TX[63] with tx_sender[4]; tx_receiver[0]; call_value: 0x0; length: 0; block+=0; #returns=0
  input: 
TX[64] with tx_sender[0]; tx_receiver[0]; call_value: 0x0; length: 0; block+=0; #returns=0
  input: 
TX[65] with tx_sender[0]; tx_receiver[0]; call_value: 0x0; length: 0; block+=0; #returns=0
  input: 
TX[66] with tx_sender[0]; tx_receiver[0]; call_value: 0x0; length: 0; block+=0; #returns=0
  input: 
TX[67] with tx_sender[0]; tx_receiver[0]; call_value: 0x0; length: 0; block+=0; #returns=0
  input: 
TX[68] with tx_sender[0]; tx_receiver[0]; call_value: 0x0; length: 0; block+=0; #returns=0
  input: 
TX[69] with tx_sender[0]; tx_receiver[0]; call_value: 0x0; length: 0; block+=0; #returns=0
  input: 
TX[70] with tx_sender[0]; tx_receiver[0]; call_value: 0x0; length: 0; block+=0; #returns=0
  input: 
TX[71] with tx_sender[4]; tx_receiver[0]; call_value: 0x0; length: 0; block+=0; #returns=0
  input: 
TX[72] with tx_sender[0]; tx_receiver[0]; call_value: 0x1; length: 0; block+=0; #returns=0
  input: 
TX[73] with tx_sender[4]; tx_receiver[0]; call_value: 0x0; length: 0; block+=0; #returns=0
  input: 
TX[74] with tx_sender[4]; tx_receiver[0]; call_value: 0x0; length: 0; block+=0; #returns=0
  input: 
TX[75] with tx_sender[0]; tx_receiver[0]; call_value: 0x0; length: 0; block+=0; #returns=0
  input: 
TX[76] with tx_sender[0]; tx_receiver[0]; call_value: 0x0; length: 0; block+=0; #returns=0
  input: 
TX[77] with tx_sender[0]; tx_receiver[0]; call_value: 0x5dacd13ca9e3000000000000000000; length: 0; block+=0; #returns=0
  input: 
TX[78] with tx_sender[0]; tx_receiver[0]; call_value: 0x1; length: 0; block+=0; #returns=0
  input: 
TX[79] with tx_sender[0]; tx_receiver[0]; call_value: 0x0; length: 0; block+=0; #returns=0
  input: 
TX[80] with tx_sender[0]; tx_receiver[0]; call_value: 0x0; length: 0; block+=0; #returns=0
  input: 
TX[81] with tx_sender[0]; tx_receiver[0]; call_value: 0x0; length: 0; block+=0; #returns=0
  input: 
TX[82] with tx_sender[0]; tx_receiver[0]; call_value: 0x0; length: 0; block+=0; #returns=0
  input: 
TX[83] with tx_sender[0]; tx_receiver[0]; call_value: 0x0; length: 0; block+=0; #returns=0
  input: 
TX[84] with tx_sender[0]; tx_receiver[0]; call_value: 0x0; length: 0; block+=0; #returns=0
  input: 
TX[85] with tx_sender[1]; tx_receiver[0]; call_value: 0x0; length: 0; block+=0; #returns=0
  input: 
TX[86] with tx_sender[0]; tx_receiver[0]; call_value: 0x0; length: 0; block+=0; #returns=0
  input: 
TX[87] with tx_sender[0]; tx_receiver[0]; call_value: 0x0; length: 0; block+=0; #returns=0
  input: 
TX[88] with tx_sender[1]; tx_receiver[0]; call_value: 0x18a7d9b8314c0000000000000000000000; length: 0; block+=0; #returns=0
  input: 
TX[89] with tx_sender[0]; tx_receiver[0]; call_value: 0x0; length: 0; block+=0; #returns=0
  input: 
TX[90] with tx_sender[0]; tx_receiver[0]; call_value: 0x0; length: 0; block+=0; #returns=0
  input: 
TX[91] with tx_sender[4]; tx_receiver[0]; call_value: 0x0; length: 0; block+=0; #returns=0
  input: 
TX[92] with tx_sender[0]; tx_receiver[0]; call_value: 0x0; length: 0; block+=0; #returns=0
  input: 
TX[93] with tx_sender[0]; tx_receiver[0]; call_value: 0x1; length: 0; block+=0; #returns=0
  input: 
TX[94] with tx_sender[0]; tx_receiver[0]; call_value: 0x0; length: 0; block+=0; #returns=0
  input: 
TX[95] with tx_sender[4]; tx_receiver[0]; call_value: 0x1; length: 0; block+=0; #returns=0
  input: 
TX[96] with tx_sender[1]; tx_receiver[0]; call_value: 0x1; length: 0; block+=0; #returns=0
  input: 
TX[97] with tx_sender[4]; tx_receiver[0]; call_value: 0x0; length: 0; block+=0; #returns=0
  input: 
TX[98] with tx_sender[0]; tx_receiver[0]; call_value: 0x1; length: 0; block+=0; #returns=0
  input: 
TX[99] with tx_sender[0]; tx_receiver[0]; call_value: 0x0; length: 0; block+=0; #returns=0
  input: 
TX[100] with tx_sender[0]; tx_receiver[0]; call_value: 0x0; length: 0; block+=0; #returns=0
  input: 
TX[101] with tx_sender[1]; tx_receiver[0]; call_value: 0x0; length: 0; block+=0; #returns=0
  input: 
TX[102] with tx_sender[0]; tx_receiver[0]; call_value: 0x0; length: 0; block+=0; #returns=0
  input: 
TX[103] with tx_sender[0]; tx_receiver[0]; call_value: 0x7f00000000000000000000000000000000; length: 0; block+=0; #returns=0
  input: 
TX[104] with tx_sender[0]; tx_receiver[0]; call_value: 0x0; length: 0; block+=0; #returns=0
  input: 
TX[105] with tx_sender[0]; tx_receiver[0]; call_value: 0x0; length: 0; block+=0; #returns=0
  input: 
TX[106] with tx_sender[4]; tx_receiver[0]; call_value: 0x0; length: 0; block+=0; #returns=0
  input: 
TX[107] with tx_sender[0]; tx_receiver[0]; call_value: 0x0; length: 0; block+=0; #returns=0
  input: 
TX[108] with tx_sender[0]; tx_receiver[0]; call_value: 0x0; length: 0; block+=0; #returns=0
  input: 
TX[109] with tx_sender[0]; tx_receiver[0]; call_value: 0x0; length: 0; block+=0; #returns=0
  input: 
TX[110] with tx_sender[0]; tx_receiver[0]; call_value: 0x0; length: 0; block+=0; #returns=0
  input: 
TX[111] with tx_sender[0]; tx_receiver[0]; call_value: 0x0; length: 0; block+=0; #returns=0
  input: 
TX[112] with tx_sender[4]; tx_receiver[0]; call_value: 0x0; length: 0; block+=0; #returns=0
  input: 
TX[113] with tx_sender[0]; tx_receiver[0]; call_value: 0x1; length: 0; block+=0; #returns=0
  input: 
TX[114] with tx_sender[0]; tx_receiver[0]; call_value: 0x1; length: 0; block+=0; #returns=0
  input: 
TX[115] with tx_sender[0]; tx_receiver[0]; call_value: 0x0; length: 0; block+=0; #returns=0
  input: 
TX[116] with tx_sender[0]; tx_receiver[0]; call_value: 0x0; length: 0; block+=0; #returns=0
  input: 
TX[117] with tx_sender[4]; tx_receiver[0]; call_value: 0x0; length: 0; block+=0; #returns=0
  input: 
TX[118] with tx_sender[0]; tx_receiver[0]; call_value: 0x0; length: 0; block+=0; #returns=0
  input: 
TX[119] with tx_sender[0]; tx_receiver[0]; call_value: 0x55cc1bb677a2cf35000000000000000000; length: 0; block+=0; #returns=0
  input: 
TX[120] with tx_sender[0]; tx_receiver[0]; call_value: 0x0; length: 0; block+=0; #returns=0
  input: 
TX[121] with tx_sender[4]; tx_receiver[0]; call_value: 0x1314fb3706298000000000000000000; length: 0; block+=0; #returns=0
  input: 
TX[122] with tx_sender[0]; tx_receiver[0]; call_value: 0x0; length: 0; block+=0; #returns=0
  input: 
TX[123] with tx_sender[0]; tx_receiver[0]; call_value: 0x150894e849b39000000000000000000; length: 0; block+=0; #returns=0
  input: 
TX[124] with tx_sender[0]; tx_receiver[0]; call_value: 0x0; length: 0; block+=0; #returns=0
  input: 
TX[125] with tx_sender[0]; tx_receiver[0]; call_value: 0x0; length: 0; block+=0; #returns=0
  input: 
TX[126] with tx_sender[0]; tx_receiver[0]; call_value: 0x0; length: 0; block+=0; #returns=0
  input: 
TX[127] with tx_sender[0]; tx_receiver[0]; call_value: 0x0; length: 0; block+=0; #returns=0
  input: 
TX[128] with tx_sender[4]; tx_receiver[0]; call_value: 0x0; length: 0; block+=0; #returns=0
  input: 
TX[129] with tx_sender[4]; tx_receiver[0]; call_value: 0x0; length: 0; block+=0; #returns=0
  input: 
TX[130] with tx_sender[4]; tx_receiver[0]; call_value: 0x0; length: 0; block+=0; #returns=0
  input: 
TX[131] with tx_sender[0]; tx_receiver[0]; call_value: 0x0; length: 0; block+=0; #returns=0
  input: 
TX[132] with tx_sender[4]; tx_receiver[0]; call_value: 0x0; length: 36; block+=0; #returns=0
  func: newOwner(address):(bool) (0x85952454)
  input: { address(0xa2b0e2c57d7a1232a80b59354f5a3d49c19c6c4a),  }
TX[133] with tx_sender[4]; tx_receiver[0]; call_value: 0x0; length: 0; block+=0; #returns=0
  input: 
TX[134] with tx_sender[0]; tx_receiver[0]; call_value: 0xc5c22b801151000000000000000000; length: 0; block+=0; #returns=0
  input: 
TX[135] with tx_sender[0]; tx_receiver[0]; call_value: 0x0; length: 0; block+=0; #returns=0
  input: 
TX[136] with tx_sender[0]; tx_receiver[0]; call_value: 0x0; length: 0; block+=0; #returns=0
  input: 
TX[137] with tx_sender[0]; tx_receiver[0]; call_value: 0x0; length: 0; block+=0; #returns=0
  input: 
TX[138] with tx_sender[0]; tx_receiver[0]; call_value: 0x0; length: 0; block+=0; #returns=0
  input: 
TX[139] with tx_sender[0]; tx_receiver[0]; call_value: 0x0; length: 0; block+=0; #returns=0
  input: 
TX[140] with tx_sender[0]; tx_receiver[0]; call_value: 0x0; length: 0; block+=0; #returns=0
  input: 
TX[141] with tx_sender[0]; tx_receiver[0]; call_value: 0x0; length: 0; block+=0; #returns=0
  input: 
TX[142] with tx_sender[0]; tx_receiver[0]; call_value: 0x0; length: 0; block+=0; #returns=0
  input: 
TX[143] with tx_sender[0]; tx_receiver[0]; call_value: 0x0; length: 0; block+=0; #returns=0
  input: 
TX[144] with tx_sender[0]; tx_receiver[0]; call_value: 0x0; length: 0; block+=0; #returns=0
  input: 
TX[145] with tx_sender[4]; tx_receiver[0]; call_value: 0x0; length: 0; block+=0; #returns=0
  input: 
TX[146] with tx_sender[0]; tx_receiver[0]; call_value: 0x0; length: 0; block+=0; #returns=0
  input: 
TX[147] with tx_sender[0]; tx_receiver[0]; call_value: 0x0; length: 0; block+=0; #returns=0
  input: 
TX[148] with tx_sender[0]; tx_receiver[0]; call_value: 0x7fffffffffffffff000000000000000000; length: 0; block+=0; #returns=0
  input: 
TX[149] with tx_sender[4]; tx_receiver[0]; call_value: 0x0; length: 0; block+=0; #returns=0
  input: 
TX[150] with tx_sender[2]; tx_receiver[0]; call_value: 0x0; length: 36; block+=0; #returns=0
  func: newOwner(address):(bool) (0x85952454)
  input: { address(0xc2018c3f08417e77b94fb541fed2bf1e09093edd),  }
TX[151] with tx_sender[0]; tx_receiver[0]; call_value: 0x0; length: 0; block+=0; #returns=0
  input: 
TX[152] with tx_sender[0]; tx_receiver[0]; call_value: 0x0; length: 0; block+=0; #returns=0
  input: 
TX[153] with tx_sender[0]; tx_receiver[0]; call_value: 0x77fadec9fc189550; length: 0; block+=0; #returns=0
  input: 
TX[154] with tx_sender[0]; tx_receiver[0]; call_value: 0x0; length: 0; block+=0; #returns=0
  input: 
TX[155] with tx_sender[0]; tx_receiver[0]; call_value: 0x80000000000000000000000000000000; length: 0; block+=0; #returns=0
  input: 
TX[156] with tx_sender[0]; tx_receiver[0]; call_value: 0x0; length: 0; block+=0; #returns=0
  input: 
TX[157] with tx_sender[2]; tx_receiver[0]; call_value: 0x7fff000000000000000000000000000000; length: 0; block+=0; #returns=0
  input: 
TX[158] with tx_sender[0]; tx_receiver[0]; call_value: 0x0; length: 0; block+=0; #returns=0
  input: 
TX[159] with tx_sender[0]; tx_receiver[0]; call_value: 0x0; length: 0; block+=0; #returns=0
  input: 
TX[160] with tx_sender[0]; tx_receiver[0]; call_value: 0x0; length: 0; block+=0; #returns=0
  input: 
TX[161] with tx_sender[2]; tx_receiver[0]; call_value: 0x0; length: 0; block+=0; #returns=0
  input: 
TX[162] with tx_sender[0]; tx_receiver[0]; call_value: 0x0; length: 0; block+=0; #returns=0
  input: 
TX[163] with tx_sender[2]; tx_receiver[0]; call_value: 0x0; length: 0; block+=0; #returns=0
  input: 
TX[164] with tx_sender[0]; tx_receiver[0]; call_value: 0x0; length: 0; block+=0; #returns=0
  input: 
TX[165] with tx_sender[2]; tx_receiver[0]; call_value: 0x0; length: 0; block+=0; #returns=0
  input: 
TX[166] with tx_sender[0]; tx_receiver[0]; call_value: 0x0; length: 0; block+=0; #returns=0
  input: 
TX[167] with tx_sender[0]; tx_receiver[0]; call_value: 0x4fcc1a89027f000000000000000000; length: 0; block+=0; #returns=0
  input: 
TX[168] with tx_sender[2]; tx_receiver[0]; call_value: 0x0; length: 0; block+=0; #returns=0
  input: 
TX[169] with tx_sender[3]; tx_receiver[0]; call_value: 0x1; length: 0; block+=0; #returns=0
  input: 
TX[170] with tx_sender[0]; tx_receiver[0]; call_value: 0x0; length: 0; block+=0; #returns=0
  input: 
TX[171] with tx_sender[0]; tx_receiver[0]; call_value: 0x0; length: 0; block+=0; #returns=0
  input: 
TX[172] with tx_sender[0]; tx_receiver[0]; call_value: 0x0; length: 0; block+=0; #returns=0
  input: 
TX[173] with tx_sender[0]; tx_receiver[0]; call_value: 0x0; length: 0; block+=0; #returns=0
  input: 
TX[174] with tx_sender[2]; tx_receiver[0]; call_value: 0x0; length: 0; block+=0; #returns=0
  input: 
TX[175] with tx_sender[1]; tx_receiver[0]; call_value: 0x502ab486cedc0000000000000000000000; length: 0; block+=0; #returns=0
  input: 
TX[176] with tx_sender[0]; tx_receiver[0]; call_value: 0x0; length: 0; block+=0; #returns=0
  input: 
TX[177] with tx_sender[0]; tx_receiver[0]; call_value: 0x0; length: 0; block+=0; #returns=0
  input: 
TX[178] with tx_sender[0]; tx_receiver[0]; call_value: 0x0; length: 0; block+=0; #returns=0
  input: 
TX[179] with tx_sender[0]; tx_receiver[0]; call_value: 0x0; length: 0; block+=0; #returns=0
  input: 
TX[180] with tx_sender[0]; tx_receiver[0]; call_value: 0x0; length: 0; block+=0; #returns=0
  input: 
TX[181] with tx_sender[0]; tx_receiver[0]; call_value: 0x1; length: 0; block+=0; #returns=0
  input: 
TX[182] with tx_sender[0]; tx_receiver[0]; call_value: 0x0; length: 0; block+=0; #returns=0
  input: 
TX[183] with tx_sender[0]; tx_receiver[0]; call_value: 0x0; length: 0; block+=0; #returns=0
  input: 
TX[184] with tx_sender[2]; tx_receiver[0]; call_value: 0x0; length: 0; block+=0; #returns=0
  input: 
TX[185] with tx_sender[0]; tx_receiver[0]; call_value: 0x0; length: 0; block+=0; #returns=0
  input: 
TX[186] with tx_sender[2]; tx_receiver[0]; call_value: 0x91b77e5e5d9a000000000000000000; length: 0; block+=0; #returns=0
  input: 
TX[187] with tx_sender[2]; tx_receiver[0]; call_value: 0x0; length: 0; block+=0; #returns=0
  input: 
TX[188] with tx_sender[0]; tx_receiver[0]; call_value: 0x0; length: 0; block+=0; #returns=0
  input: 
TX[189] with tx_sender[2]; tx_receiver[0]; call_value: 0x0; length: 0; block+=0; #returns=0
  input: 
TX[190] with tx_sender[2]; tx_receiver[0]; call_value: 0x649406c40adc1376; length: 0; block+=0; #returns=0
  input: 
TX[191] with tx_sender[0]; tx_receiver[0]; call_value: 0x0; length: 0; block+=0; #returns=0
  input: 
TX[192] with tx_sender[0]; tx_receiver[0]; call_value: 0x0; length: 0; block+=0; #returns=0
  input: 
TX[193] with tx_sender[0]; tx_receiver[0]; call_value: 0x0; length: 0; block+=0; #returns=0
  input: 
TX[194] with tx_sender[0]; tx_receiver[0]; call_value: 0x0; length: 0; block+=0; #returns=0
  input: 
TX[195] with tx_sender[0]; tx_receiver[0]; call_value: 0x1; length: 0; block+=0; #returns=0
  input: 
TX[196] with tx_sender[2]; tx_receiver[0]; call_value: 0x0; length: 0; block+=0; #returns=0
  input: 
TX[197] with tx_sender[0]; tx_receiver[0]; call_value: 0x0; length: 0; block+=0; #returns=0
  input: 
TX[198] with tx_sender[0]; tx_receiver[0]; call_value: 0xde0b6b3a7640000; length: 0; block+=0; #returns=0
  input: 
TX[199] with tx_sender[0]; tx_receiver[0]; call_value: 0x1; length: 0; block+=0; #returns=0
  input: 
TX[200] with tx_sender[0]; tx_receiver[0]; call_value: 0x0; length: 0; block+=0; #returns=0
  input: 
TX[201] with tx_sender[0]; tx_receiver[0]; call_value: 0x0; length: 0; block+=0; #returns=0
  input: 
TX[202] with tx_sender[4]; tx_receiver[0]; call_value: 0x1; length: 0; block+=0; #returns=0
  input: 
TX[203] with tx_sender[2]; tx_receiver[0]; call_value: 0x0; length: 0; block+=0; #returns=0
  input: 
TX[204] with tx_sender[2]; tx_receiver[0]; call_value: 0xd02ab486cedc000000000000000000; length: 0; block+=0; #returns=0
  input: 
TX[205] with tx_sender[2]; tx_receiver[0]; call_value: 0x4563918244f4000000000000000000; length: 0; block+=0; #returns=0
  input: 
TX[206] with tx_sender[0]; tx_receiver[0]; call_value: 0x0; length: 0; block+=0; #returns=0
  input: 
TX[207] with tx_sender[0]; tx_receiver[0]; call_value: 0x0; length: 0; block+=0; #returns=0
  input: 
TX[208] with tx_sender[2]; tx_receiver[0]; call_value: 0x0; length: 0; block+=0; #returns=0
  input: 
TX[209] with tx_sender[2]; tx_receiver[0]; call_value: 0x15bda4bbd31fbe60000000000000000000; length: 0; block+=0; #returns=0
  input: 
TX[210] with tx_sender[2]; tx_receiver[0]; call_value: 0x0; length: 0; block+=0; #returns=0
  input: 
TX[211] with tx_sender[0]; tx_receiver[0]; call_value: 0x0; length: 36; block+=0; #returns=0
  func: fallback()
  input: 0000000000000000000000000000000000000000000000000000000000000000 00000000 
TX[212] with tx_sender[0]; tx_receiver[0]; call_value: 0x805e99fdcc5d000000000000000000; length: 0; block+=0; #returns=0
  input: 
TX[213] with tx_sender[0]; tx_receiver[0]; call_value: 0x0; length: 0; block+=0; #returns=0
  input: 
TX[214] with tx_sender[2]; tx_receiver[0]; call_value: 0x4000000000000000000000000000000000; length: 0; block+=0; #returns=0
  input: 
TX[215] with tx_sender[2]; tx_receiver[0]; call_value: 0x1; length: 0; block+=0; #returns=0
  input: 
TX[216] with tx_sender[2]; tx_receiver[0]; call_value: 0x0; length: 0; block+=0; #returns=0
  input: 
TX[217] with tx_sender[0]; tx_receiver[0]; call_value: 0x0; length: 0; block+=0; #returns=0
  input: 
TX[218] with tx_sender[0]; tx_receiver[0]; call_value: 0x0; length: 0; block+=0; #returns=0
  input: 
TX[219] with tx_sender[2]; tx_receiver[0]; call_value: 0x0; length: 0; block+=0; #returns=0
  input: 
TX[220] with tx_sender[0]; tx_receiver[0]; call_value: 0x0; length: 0; block+=0; #returns=0
  input: 
TX[221] with tx_sender[0]; tx_receiver[0]; call_value: 0x0; length: 0; block+=0; #returns=0
  input: 
TX[222] with tx_sender[0]; tx_receiver[0]; call_value: 0x12a5f58168ee6000000000000000000; length: 0; block+=0; #returns=0
  input: 
TX[223] with tx_sender[0]; tx_receiver[0]; call_value: 0x1; length: 0; block+=0; #returns=0
  input: 
TX[224] with tx_sender[2]; tx_receiver[0]; call_value: 0x0; length: 0; block+=0; #returns=0
  input: 
TX[225] with tx_sender[2]; tx_receiver[0]; call_value: 0x0; length: 0; block+=0; #returns=0
  input: 
TX[226] with tx_sender[0]; tx_receiver[0]; call_value: 0x0; length: 0; block+=0; #returns=0
  input: 
TX[227] with tx_sender[0]; tx_receiver[0]; call_value: 0x1; length: 0; block+=0; #returns=0
  input: 
TX[228] with tx_sender[0]; tx_receiver[0]; call_value: 0x0; length: 0; block+=0; #returns=0
  input: 
TX[229] with tx_sender[0]; tx_receiver[0]; call_value: 0x0; length: 0; block+=0; #returns=0
  input: 
TX[230] with tx_sender[0]; tx_receiver[0]; call_value: 0x0; length: 0; block+=0; #returns=0
  input: 
TX[231] with tx_sender[0]; tx_receiver[0]; call_value: 0xd02ab486cedc000000000000000000; length: 0; block+=0; #returns=0
  input: 
TX[232] with tx_sender[0]; tx_receiver[0]; call_value: 0x0; length: 0; block+=0; #returns=0
  input: 
TX[233] with tx_sender[0]; tx_receiver[0]; call_value: 0x0; length: 0; block+=0; #returns=0
  input: 
TX[234] with tx_sender[0]; tx_receiver[0]; call_value: 0x15779a9de6eeb000000000000000000; length: 0; block+=0; #returns=0
  input: 
TX[235] with tx_sender[0]; tx_receiver[0]; call_value: 0x1; length: 0; block+=0; #returns=0
  input: 
TX[236] with tx_sender[0]; tx_receiver[0]; call_value: 0x0; length: 0; block+=0; #returns=0
  input: 
TX[237] with tx_sender[0]; tx_receiver[0]; call_value: 0x0; length: 0; block+=0; #returns=0
  input: 
TX[238] with tx_sender[0]; tx_receiver[0]; call_value: 0x0; length: 0; block+=0; #returns=0
  input: 
TX[239] with tx_sender[0]; tx_receiver[0]; call_value: 0x0; length: 0; block+=0; #returns=0
  input: 
TX[240] with tx_sender[0]; tx_receiver[0]; call_value: 0xa31062beeed7000000000000000000; length: 0; block+=0; #returns=0
  input: 
TX[241] with tx_sender[2]; tx_receiver[0]; call_value: 0x1190673b5fda9000000000000000000; length: 0; block+=0; #returns=0
  input: 
TX[242] with tx_sender[0]; tx_receiver[0]; call_value: 0x56bc75e2d631000000000000000000; length: 0; block+=0; #returns=0
  input: 
TX[243] with tx_sender[0]; tx_receiver[0]; call_value: 0x0; length: 0; block+=0; #returns=0
  input: 
TX[244] with tx_sender[0]; tx_receiver[0]; call_value: 0x0; length: 0; block+=0; #returns=0
  input: 
TX[245] with tx_sender[0]; tx_receiver[0]; call_value: 0x0; length: 0; block+=0; #returns=0
  input: 
TX[246] with tx_sender[0]; tx_receiver[0]; call_value: 0x0; length: 0; block+=0; #returns=0
  input: 
TX[247] with tx_sender[0]; tx_receiver[0]; call_value: 0x1; length: 0; block+=0; #returns=0
  input: 
TX[248] with tx_sender[0]; tx_receiver[0]; call_value: 0x0; length: 0; block+=0; #returns=0
  input: 
TX[249] with tx_sender[0]; tx_receiver[0]; call_value: 0x0; length: 0; block+=0; #returns=0
  input: 
TX[250] with tx_sender[0]; tx_receiver[0]; call_value: 0x0; length: 0; block+=0; #returns=0
  input: 
TX[251] with tx_sender[0]; tx_receiver[0]; call_value: 0x1; length: 0; block+=0; #returns=0
  input: 
TX[252] with tx_sender[2]; tx_receiver[0]; call_value: 0x1; length: 0; block+=0; #returns=0
  input: 
TX[253] with tx_sender[0]; tx_receiver[0]; call_value: 0x1; length: 0; block+=0; #returns=0
  input: 
TX[254] with tx_sender[0]; tx_receiver[0]; call_value: 0x0; length: 0; block+=0; #returns=0
  input: 
TX[255] with tx_sender[2]; tx_receiver[0]; call_value: 0x0; length: 4; block+=0; #returns=2
  func: withdrawAll() (0x853828b6)
  input: {  }
  returns:
    return val: 1; allows reenter: 1; data: 0x0000000000000000000000000000000000000000000000000000000000000000
    return val: 1; allows reenter: 0; data: 0x
=== After minimizing: ===
Block header:
  number: 0
  difficulty: 0
  gas_limit: 0
  timestamp: 0
  initial_ether: 1

TX[0] with tx_sender[0]; tx_receiver[0]; call_value: 0x0; length: 36; block+=0; #returns=0
  func: newOwner(address):(bool) (0x85952454)
  input: { address(0xc2018c3f08417e77b94fb541fed2bf1e09093edd),  }
TX[1] with tx_sender[2]; tx_receiver[0]; call_value: 0x0; length: 4; block+=0; #returns=1
  func: withdrawAll() (0x853828b6)
  input: {  }
  returns:
    return val: 1; allows reenter: 0; data: 0x
