[using trimmer code]
[Trimmer Stage: Start]
[Trimmer Stage: Transactions(3)] ✔️
[Trimmer Stage: Transactions(2)] ❌
[Trimmer Stage: Transactions(1)] ❌
[Trimmer Stage: Transactions(0)] ✔️
[Trimmer Stage: TransactionHeader(1, BlockAdvance(0))] ✔️
[Trimmer Stage: TransactionHeader(0, BlockAdvance(0))] ✔️
[Trimmer Stage: Returns(1, 0)] ✔️
[Trimmer Stage: Inputs(1, 0)] ❌
[Trimmer Stage: Inputs(0, 4)] ❌
[Trimmer Stage: Inputs(0, 0)] ❌
[Trimmer Stage: Sender(1, 5)] ✔️
[Trimmer Stage: Sender(1, 4)] ❌
[Trimmer Stage: Sender(1, 3)] ❌
[Trimmer Stage: Sender(1, 2)] ❌
[Trimmer Stage: Sender(1, 1)] ❌
[Trimmer Stage: Sender(1, 0)] ❌
[Trimmer Stage: Sender(0, 5)] ✔️
[Trimmer Stage: Sender(0, 4)] ✔️
[Trimmer Stage: Sender(0, 3)] ✔️
[Trimmer Stage: Sender(0, 2)] ✔️
[Trimmer Stage: Sender(0, 1)] ✔️
[Trimmer Stage: Sender(0, 0)] ✔️
[Trimmer Stage: Receiver(1, 20)] ✔️
[Trimmer Stage: Receiver(1, 19)] ✔️
[Trimmer Stage: Receiver(1, 18)] ✔️
[Trimmer Stage: Receiver(1, 17)] ✔️
[Trimmer Stage: Receiver(1, 16)] ✔️
[Trimmer Stage: Receiver(1, 15)] ✔️
[Trimmer Stage: Receiver(1, 14)] ✔️
[Trimmer Stage: Receiver(1, 13)] ✔️
[Trimmer Stage: Receiver(1, 12)] ✔️
[Trimmer Stage: Receiver(1, 11)] ✔️
[Trimmer Stage: Receiver(1, 10)] ✔️
[Trimmer Stage: Receiver(1, 9)] ✔️
[Trimmer Stage: Receiver(1, 8)] ✔️
[Trimmer Stage: Receiver(1, 7)] ✔️
[Trimmer Stage: Receiver(1, 6)] ✔️
[Trimmer Stage: Receiver(1, 5)] ✔️
[Trimmer Stage: Receiver(1, 4)] ✔️
[Trimmer Stage: Receiver(1, 3)] ✔️
[Trimmer Stage: Receiver(1, 2)] ✔️
[Trimmer Stage: Receiver(1, 1)] ✔️
[Trimmer Stage: Receiver(1, 0)] ✔️
[Trimmer Stage: Receiver(0, 0)] ✔️
[Trimmer Stage: BlockHeader(Number(0))] ✔️
[Trimmer Stage: BlockHeader(InitialEther(100000))] ✔️
[Trimmer Stage: BlockHeader(InitialEther(10000))] ✔️
[Trimmer Stage: BlockHeader(InitialEther(10))] ✔️
[Trimmer Stage: BlockHeader(InitialEther(5))] ✔️
[Trimmer Stage: BlockHeader(InitialEther(2))] ✔️
[Trimmer Stage: BlockHeader(InitialEther(1))] ✔️
[Trimmer Stage: BlockHeader(InitialEther(0))] ❌
[minimizing difficulty]
[ sender/receiver selector TX[0] ]
[ sender/receiver selector TX[1] ]
[ we try sorting the transaction list ]
reduced testcases from 252 to 112 bytes (by 56 %) edit distance 193
=== Before minimizing: ===
Block header:
  number: 0
  difficulty: 0
  gas_limit: 0
  timestamp: 0
  initial_ether: 2241143892

TX[0] with tx_sender[1]; tx_receiver[0]; call_value: 0x0; length: 4; block+=0; #returns=0
  func: root():(address) (0xebf0c717)
  input: {  }
TX[1] with tx_sender[5]; tx_receiver[0]; call_value: 0x0; length: 36; block+=1; #returns=0
  func: newOwner(address):(bool) (0x85952454)
  input: { address(0xc5442b23ea5ca66c3441e62bf6456f010646ae94),  }
TX[2] with tx_sender[5]; tx_receiver[231]; call_value: 0x0; length: 4; block+=1; #returns=1
  func: withdrawAll() (0x853828b6)
  input: {  }
  returns:
    return val: 1; allows reenter: 1; data: 0x00000000000000000000000000000000000000000000000000000000000000000000000000000000000000000000000000000000000000000000000000000003
TX[3] with tx_sender[87]; tx_receiver[0]; call_value: 0x0; length: 36; block+=1; #returns=0
  func: deleteOwner(address):(bool) (0xcd5c4c70)
  input: { address(0xffffffffffffffffffffffffffffffffffffffff),  }
=== After minimizing: ===
Block header:
  number: 0
  difficulty: 0
  gas_limit: 0
  timestamp: 0
  initial_ether: 1

TX[0] with tx_sender[0]; tx_receiver[0]; call_value: 0x0; length: 36; block+=0; #returns=0
  func: newOwner(address):(bool) (0x85952454)
  input: { address(0xc5442b23ea5ca66c3441e62bf6456f010646ae94),  }
TX[1] with tx_sender[5]; tx_receiver[0]; call_value: 0x0; length: 4; block+=0; #returns=0
  func: withdrawAll() (0x853828b6)
  input: {  }
