[using trimmer code]
[Trimmer Stage: Start]
[Trimmer Stage: Transactions(4)] ✔️
[Trimmer Stage: Transactions(3)] ✔️
[Trimmer Stage: Transactions(2)] ✔️
[Trimmer Stage: Transactions(1)] ❌
[Trimmer Stage: Transactions(0)] ❌
[Trimmer Stage: Returns(1, 0)] ❌
[Trimmer Stage: ReturnData(1, 0, 0)] ✔️
[Trimmer Stage: Inputs(1, 0)] ❌
[Trimmer Stage: Inputs(0, 4)] ❌
[Trimmer Stage: Inputs(0, 0)] ❌
[Trimmer Stage: Sender(1, 1)] ✔️
[Trimmer Stage: Sender(1, 0)] ❌
[Trimmer Stage: Sender(0, 1)] ✔️
[Trimmer Stage: Sender(0, 0)] ✔️
[Trimmer Stage: Receiver(1, 0)] ✔️
[Trimmer Stage: Receiver(0, 0)] ✔️
[Trimmer Stage: BlockHeader(Number(0))] ✔️
[Trimmer Stage: BlockHeader(InitialEther(10))] ✔️
[Trimmer Stage: BlockHeader(InitialEther(5))] ✔️
[Trimmer Stage: BlockHeader(InitialEther(2))] ✔️
[Trimmer Stage: BlockHeader(InitialEther(1))] ✔️
[Trimmer Stage: BlockHeader(InitialEther(0))] ❌
[minimizing difficulty]
[ sender/receiver selector TX[0] ]
[ sender/receiver selector TX[1] ]
[ we try sorting the transaction list ]
reduced testcases from 2689 to 116 bytes (by 96 %) edit distance 2576
=== Before minimizing: ===
Block header:
  number: 0
  difficulty: 0
  gas_limit: 0
  timestamp: 0
  initial_ether: 32

TX[0] with tx_sender[1]; tx_receiver[0]; call_value: 0x0; length: 36; block+=0; #returns=0
  func: newOwner(address):(bool) (0x85952454)
  input: { address(0xc1af1d7e20374a20d4d3914c1a1b0ddfef99cc61),  }
TX[1] with tx_sender[1]; tx_receiver[0]; call_value: 0x0; length: 4; block+=0; #returns=1
  func: withdrawAll() (0x853828b6)
  input: {  }
  returns:
    return val: 1; allows reenter: 0; data: 0x0000000000000000000000000000000000000000000000000000000000000000
TX[2] with tx_sender[0]; tx_receiver[0]; call_value: 0x0; length: 36; block+=0; #returns=0
  func: newOwner(address):(bool) (0x85952454)
  input: { address(0xc04689c0c5d48cec7275152b3026b53f6f78d03d),  }
TX[3] with tx_sender[3]; tx_receiver[0]; call_value: 0x0; length: 32; block+=0; #returns=0
  func: newOwner(address):(bool) (0x85952454)
  input: 000000000000000000000000c4b803ea8bc30894cc4672a9159ca000  [failed to decode]
TX[4] with tx_sender[36]; tx_receiver[163]; call_value: 0x1; length: 2425; block+=0; #returns=0
  func: fallback()
  input: 0000000085952454000000000000000000000000c4b803ea8bc30894cc4672a9 159ca000d377d9a324000000000000000000000000000000cd5c4c7000000000 0000000000000000c04689c0c5d48cec7275152b3026b53f6f78d03d09000000 0100000001000000000000000000000000000000002400000001000000000000 000000000085952454000000000000000000000000c4b803ea8bc30894cc4672 a9159ca000d377d9a32400000001000000000000000000000085952454000000 000000000000000000c4b803ea8bc30894cc4672a9159ca000d377d9a3240000 0001000000000000000000000085952454000000000000000000000000c4b803 ea8bc30894cc4672a9159ca000d377d9a3240000000000000000000000000000 0085952454000000000000000000000000c4b803ea8bc30894cc4672a9159ca0 00d377d9a3240000000100000000000000000000008595245400000000000000 000000000000000000000000000000853828b624000000010000000000000000 00000085952454000000000000000000000000c1af1d7e20374a20d4d3914c1a 1b0ddfef99cc6124000000010000000000000000000000859524540000000000 00000000000000c4b803ea8bc30894cc4672a9159ca000d377d9a32400000001 000000000000000000000085952454000000000000000000000000c4b803ea8b c30894cc4672a9159ca000d377d9a32400000000000000000000000000000085 952454000000000000000000000000c2018c3f08417e77b94fb541fed2bf1e09 093edd2400000001000000000000000000000085952454000000000000000000 000000c4b803ea8bc30894cc4672a9159ca000d377d9a3240000000100000000 0000000000000085952454000000000000000000000000c4b803ea8bc30894cc 4672a9159ca000d377d9a304000000040000000000000000000000853828b624 00000000000000000000000000000085952454000000000000000000000000c0 4689c0c5d48cec7275152b3026b53f6f78d03d24000000010000000000000000 00000085952454000000000000000000000000c4b803ea8bc30894cc4672a915 9ca000d3000000cd5c4c70000000000000000000000000deadbeefc5d48cec72 75152b3026b53f6f78d03d240000000100000000000000000000008595245400 000000000000000000000077d9a3240000000100000000000000000000008595 2454000000000000000000000000a2b0e2c57d7a1232a80b59354f5a3d49c19c 6c4a240000000100000000000000000000008595245400000000000000000000 0000c4b803ea8bc3089400000000000000000000000000010000000000000013 00000000000000000000000000000000000000000000c1af1d7e20374a0200d3 914c1a1b0ddfef99cc6124000000000000000000000000000000859524540000 00000000000000000000c1af1d7e20374a20d4d3914c1a1b0ddfef99cc000100 000000000000000000000000000085952454000000000000000000000000c4b8 03ea8bc30894cc4672a9159ca000d377d9a30000000004000000010000000000 000004000000040000000000000000000000853828b624000000040000000000 00000000000085952454000000000000000000000000deadbeefc5d48cec7275 152b3026b53f6f78d03d24000000010000000000000000000000859524540000 00000000000000000000c4b803ea8bc30894cc4672a9159ca000d377d9a30400 0000040000000000000000000000853828b60400000004000000000000000000 0000853828b604000000040000000000000000000000853828b6090000000400 0000010000000000000000000000000000000004000000040000000000000000 000000853828b604000000040000000000000000000000853828b60400010001 0000000000000000000000853828b60100000024000000000000000000000000 000000cd5c4c70000000000000000000000000c04689c0c5d48cec7275152b30 26b53f6f78d03d24000000040000000000000000000000cd5c4c700000000000 00000000000000deadbeefc5d48cec7275152b3026b53f6f78d03d2400000001 0000000000000000000000859524540000e5000000000000000000c4b803ea8b c30894cc4672a9159ca000d377d9a32400000001000000000000000000000085 952454000000000000000000000000c4b803ea8bc30894cc4672a9159ca000d3 77d9a304000000040000000000000000000000853828b6240000000000000000 0000000000000085952454000000000000000000000000c04689c0c5d48cec72 75152b3026b53f6f78d03d240000000100000000000000000000008595245400 0000000000000000000000c4b803ea8bc30894cc4672a9159ca000d377d9a324 00000001000000000000000000000085952454000000000000000000000000a2 b0e2c57d7a1232a80b59354f5a3d49c19c6c4a24000000010000000000000000 00000085952454000000000000000000000f00c4b803ea8bc30894cc4672a915 9ca000d377d9a324000000010000000000000000000000859524540000000000 00000000000000c1af1d7e20374a20d4d3914c1a400ddf0e9acc612400000000 000000000000000000000085952454000000000000000000000000c1af1d7e20 374a20d4d3914c1a1b0ddfef99cc612400000000000000000000000000000085 952454000000000000000000000000c4b803ea8bc30894cc4672a9259ca000d3 77d9a30000000004000000010000000000000004000000040000000000000000 000000853828b624000000040000000000000000000000859524540000000000 00000000000000deadbeefc5d48cec7275152b00c5442b23ea5ca66c3441e62b f6456f010646ae9404000000040000000000df0000000000853828b604000000 040000000000000000000000853828b604000000040000000000000000000000 853828b609000000010000000000000000000000000000000000000000040000 00040000000000000000000000858b8b8b8b8b8b8b8b8b8b8b8b8b8b8b8b8b8b 8b8b8b8b8b8b8b8b8b8b8b8b8b8b8b8b8b8b8b8b8b8b8b8b8b8b8b8b8b8b8b8b 8b8b8b8b8b8b8b8b8b8b8b8b8b8b8b8b8b8b8b8b8b8b8b8b8b8b8b8b8b8b8b8b 8b8b8b8b8b8b8b8b8b8b8b8b8b8b8b8b8b8b8b8b8b8b8b8b8b8b8b8b00000000 00cd5c4c70000000000000000000000000deadbeefc5d48cec7275152b3026b5 3f6f78d03d24000000010000000000000000000000cd5c4c7000000000000000 0000000000c1af1d7e20374a20d4d3914c1a1b0ddfef99cc61 
=== After minimizing: ===
Block header:
  number: 0
  difficulty: 0
  gas_limit: 0
  timestamp: 0
  initial_ether: 1

TX[0] with tx_sender[0]; tx_receiver[0]; call_value: 0x0; length: 36; block+=0; #returns=0
  func: newOwner(address):(bool) (0x85952454)
  input: { address(0xc1af1d7e20374a20d4d3914c1a1b0ddfef99cc61),  }
TX[1] with tx_sender[1]; tx_receiver[0]; call_value: 0x0; length: 4; block+=0; #returns=1
  func: withdrawAll() (0x853828b6)
  input: {  }
  returns:
    return val: 1; allows reenter: 0; data: 0x
