[using trimmer code]
[Trimmer Stage: Start]
[Trimmer Stage: Transactions(5)] ✔️
[Trimmer Stage: Transactions(4)] ✔️
[Trimmer Stage: Transactions(3)] ✔️
[Trimmer Stage: Transactions(2)] ✔️
[Trimmer Stage: Transactions(1)] ❌
[Trimmer Stage: Transactions(0)] ❌
[Trimmer Stage: Returns(1, 0)] ❌
[Trimmer Stage: ReturnData(1, 0, 0)] ✔️
[Trimmer Stage: Inputs(1, 0)] ❌
[Trimmer Stage: Inputs(0, 4)] ❌
[Trimmer Stage: Inputs(0, 0)] ❌
[Trimmer Stage: Sender(1, 1)] ✔️
[Trimmer Stage: Sender(1, 0)] ❌
[Trimmer Stage: Sender(0, 1)] ✔️
[Trimmer Stage: Sender(0, 0)] ✔️
[Trimmer Stage: Receiver(1, 0)] ✔️
[Trimmer Stage: Receiver(0, 0)] ✔️
[Trimmer Stage: BlockHeader(Number(0))] ✔️
[Trimmer Stage: BlockHeader(InitialEther(10))] ✔️
[Trimmer Stage: BlockHeader(InitialEther(5))] ✔️
[Trimmer Stage: BlockHeader(InitialEther(2))] ✔️
[Trimmer Stage: BlockHeader(InitialEther(1))] ✔️
[Trimmer Stage: BlockHeader(InitialEther(0))] ❌
[minimizing difficulty]
[ sender/receiver selector TX[0] ]
[ sender/receiver selector TX[1] ]
[ we try sorting the transaction list ]
reduced testcases from 4302 to 116 bytes (by 98 %) edit distance 4189
=== Before minimizing: ===
Block header:
  number: 0
  difficulty: 0
  gas_limit: 0
  timestamp: 0
  initial_ether: 239

TX[0] with tx_sender[1]; tx_receiver[0]; call_value: 0x0; length: 36; block+=0; #returns=0
  func: newOwner(address):(bool) (0x85952454)
  input: { address(0xc1af1d7e20374a20d4d3914c1a1b0ddfef99cc61),  }
TX[1] with tx_sender[1]; tx_receiver[0]; call_value: 0x0; length: 4; block+=0; #returns=1
  func: withdrawAll() (0x853828b6)
  input: {  }
  returns:
    return val: 1; allows reenter: 0; data: 0x0000000000000000000000000000000000000000000000000000000000000000
TX[2] with tx_sender[0]; tx_receiver[0]; call_value: 0x0; length: 36; block+=0; #returns=0
  func: newOwner(address):(bool) (0x85952454)
  input: { address(0xc046000100000000000000000000000000000000),  }
TX[3] with tx_sender[235]; tx_receiver[0]; call_value: 0x0; length: 4; block+=240; #returns=0
  func: newOwner(address):(bool) (0x85952454)
  input:  [failed to decode]
TX[4] with tx_sender[0]; tx_receiver[0]; call_value: 0x6a03b8c400000000000000000000000000; length: 0; block+=0; #returns=0
  input: 
TX[5] with tx_sender[204]; tx_receiver[148]; call_value: 0x23d977d300a09c15000000000000000000; length: 4050; block+=70; #returns=0
  func: fallback()
  input: 2400000001000000000000000000000085952454000000000000000000000000 c4b803ea8bc30894cc4672a9159ca000d377d9a3240000000000000000000000 00000000cd5c4c70000000000000000000000000c04689c0c5d48cec7275152b 3026b53f6f78d03d240000000100000000000000000000008595245400000000 0000000000000000c4b803ea8bc30894cc4672a9159ca000d377d9a324000000 01000000000000000000000085952454000000000000000000000000c1af1d7e 20374a20d4d3914c1a1b0ddfef99cc6104000100010000000000000000000000 853828b601002000000000000000000000000000000000000000000000000000 0000000000000000240000000000000000000000000000008595245400000000 0000000000000000c04689c0c5d48cec7275152b3026b53f6f78d03d24000000 03000000000000000000000085952454000000000000000000000000c4b803ea 8bc30894cc4672a9159ca000d377d9a324000000010000000000000000000000 85952454000000000000000000000000c4b803ea8bc30894cc4672a9159ca000 d377d9a324000000000000000000000000000000cd5c4c700000000000000000 00000000c04689c0c5d48cec7275152b3026b53f6f78d03d0900000001000000 0100000000000000000000000000000000240000000100000000000000000000 0085952454000000000000000000000000c4b803ea8bc30894cc4672a9159ca0 00d377d9a3240000000100000000000000000000008595245400000000000000 0000000000c4b803ea8bc30894cc4672a9159ca000d377d9a324000000010000 00000000000000000085952454ee0000000000000000000000c4b803ea8bc308 94cc4672a9159ca000d377d9a324000000000000000000000000000000859524 54000000000000000000000000c4b803ea8bc30894cc4672a9159ca000d377d9 a32400000001000000000000000000000085ffffff0000000000000000000085 952454000000000000000000000000c1af1d7e20374a20d4d3914c1a1b0ddfef 99cc6124000000000000000000000000000000859524536c4a24000000000000 0000000000000000008594cc4672a9159ca000d377d9a3000000000400000001 0000000000ff0000000000000000000000c4b803ea8bc30894cc4672a9159ca0 00d377d9a3240000000000000000000000000000008595245400000000000000 0000000000c04689c0c5d48cec7275152b3026b53f6f78d03d04000000040000 000000000000000000853828b624000000010000000000000000000000859524 54000000000000000000000000c1af1d7e20374a20d4d3914c1a1b0ddfef99cc 6124000000010000000000000000000000859524540000000000000000000000 00c4b803ea8bc30894cc4672a9159ca000d377d9a32400000001000000000000 000000000085952454000000000000000000000000c4b803ea8bc30894cc4672 a9159ca000d377d9a32400000000000000000000000000000085952454000000 000000000000000000c2018c3f08417e77b94fb541fed2bf1e09093edd240000 0001000000000000000000000085952454000000000000000000000000c4b803 ea8bc30894cc4672a9159ca000d377d9a3240000000100000000000000000000 0085952454000000100000000000000000c4b803ea8bc30894cc4672a9159ca0 00d377d9a304000000040000000000000000000000853828b624000000000000 00000000000000000085952454000000000000000000000000c04689c0c5d48c ec7275152b3026b53f6f78d03d24000000010000000000000000000000859524 54000000000000000000000000c4b803ea8bc30894cc4672a9159ca000d377d9 a324000000010000000000000000000000859524540000000000000000000000 00a2b0e2c57d7a1232a80b59354f5a3d49c19c6c4a2400000001000000000000 000000000085952454000000000000000000000000c4b803ea8bc30894cc4672 a9159ca000d377d9a32400000001000000000000000000000085952454000000 000000000000000000c1af1d7e20374a20d4d3914c1a1b0ddfef99cc61240000 0000000000000000000000000085952454000000000000000000000000c1af1d 7e20374a20d4d3914c1a1b0ddfef99cc61240000000000000000000000000000 00859524536c4a240000000000000000000000000000008594cc4672a9159ca0 00d377d9a3000000000400000001000000000000000400000004000000000000 0000000000853828b62400000004000000000000000000000085952454000000 000000000000000000deadbeefc5d48cec7275152b3026b53f6f78d03d240000 0001000000000000000000000085952454000000000000000000000000c4b803 ea8bc30894cc4672a9159ca000d377d9a3040000000400000000000000000000 00853828b604000000040000000000000000000000853828b604000000040000 000000000000000000853828b609000000040000000100000000000000000000 00000000000004000000040000000000000000000000853828b6040000000400 00000000000000000000853828b6040001000100000000000000000000008538 28b60100000024000000000000000000000000000000cd5c4c70000000000000 000000000000c04689c0c5d48cec7275152b3026b53f6f78d03d24000000041b 00000000000000000000cd5c4c70000000000000000000000000deadbeefc5d4 8cec7275152b3026b53f6f78d03d240000000100000000000000000000008595 2454000000000000000000000000c4b803ea8bc30894cc4672a9159ca000d377 d9a3240000000100000000000000000000008595245400000000000000000000 0000c4b803ea8bc30894cc4672a9159ca000d377d9a304000000040000000000 000000000000853828b624000000000000000000000000000000859524540000 00000000000000000000c04689c0c5d48cec7275152b3026b53f6f78d03d2400 0000010000000000000000000000859524540000000000000000000000859524 54000000000000000000000000c04689c0c5d48cec7275152b3026b53f6f78d0 3d24000000000000000000000000000000859524540000000000000000000000 00c4b803ea8bc30894cc4672a9159ca000d377d9a32400000000000000000000 000000000000c4b803ea8bc30894cc4672a9159ca000d377d9a3240000000100 0000000000000000000085952454000000000000000000000000c1af1d7e2037 4a20d4d3914c1a1b0ddfef99cc61240000000000000000000000000000008595 2454000000000000000000000000c1af1d7e20374a20d4d3914c1a1b0ddfef99 cc61240000000000000000000000000000008595245400000000000000000000 0000c4b803ea8bc30894cc4672a9159ca000d377d9a300000000040000000100 0000000000000400000004b0e2c57d7a1232a80b59354f5a3d49c19c6c4a2400 000001000000000000000000000085952454000000000000000000000000c4b8 03ea8bc30894cc4672a9159ca000d377d9a32400000001000000000000000000 000085952454000000000000000000000000c1af1d7e20374a20d4d3914c1a1b 0ddfef99cc612400000000000000000000000000000085952454000000000000 000000000000c1af1d7e20374a20d4d3914c1a1b0ddfef99cc61240000000000 0000000000000000000085952454000000000000000000000000c4b803ea8b00 00007f4672a9159ca000d377d9a3040000000400000000000000000000008538 28b6240000000400000000000000000000008595245400000000000000000000 0000deadbeefc5d48cec7275152b3026b53f6f78d03d24000000010000000000 00000000000085952454000000000000000000000000c4b803ea8bc30894cc46 72a9159ca000d377d9a304000000040000000000000000000000853828b60400 0000040000000000000000000000853828b60400000004000000000000000000 0000853828b60900000001000000000000000000000000000000000000000004 000000040000000000000000000000853828b604000000040000000000000000 000000853828b624000000000000000000000000000000cd5c4c700000000000 00000000000000c04689c0c5d48cec7275152b3026b53f6f78d03d2400000004 0000000000000000000000cd5c4c70000000000000000000000000deadbeefc5 d48cec7275152b3026b53f6f78d03d2400000001000000000000000000000085 952454000000000000000000000000c4b803ea8bc30894cc4672a900c4b803ea 8bc30894cc4672a9159ca000d3159ca000d377d9a32400000001000000000000 000000000085952454000000000000000000000000c4b803ea8bc30894cc4672 a9159ca000d377d9a304000000040000000000000000000000853828b6240000 0000000000000000000000000085952454000000000000000000000000c04689 c0c5d48cec7275152b3026b53f6f78d03d240000000000000000000000000000 0085952454000000000000000000000000c4b803ea8bc30894cc4672a9159ca0 00d377d9a3240000000000000000000000000000008595245400000000000000 0000000000a2b0e2c57d7a1232a80b59354f5a3d49c19c6c4a24000000000000 00000000000000000085952454000000000000000000000000c4b803ea8bc308 94cc4672a9159ca000d377d9a324000000000000000000000000000000859524 54000000000000000000000000c1af1d7e20374a20d4d3914c1a1b0ddfef99cc 6124000000000000000000000000000000859524540000000000000000000000 00c1af1d7e20374a20d4d3914c1a1b0ddfef99cc612400000000000000000000 000000000085952454000000000000000000000000c4b803ea8bc30894cc4672 a9159ca000d377d9a30000000000000000000000000000000004000000040000 000000000000000000853828b624000000040000000000000000000000859524 54000000000000000000000000deadbeefc5d48cec7275152b30262424242424 2424242424242424242424242424242424242424242424242424240000000000 00c5442b23ea5ca66c3441e62bf6456f010646ae940400000004000000000000 0000000000853828b604000000040000000000000000000000853828b6090000 0000000000000000000000000000000000000000000004000000040000000000 000000000000853828b604000000040000000000000000000000853828b60400 0100000000000000000000000000853828b60100000024000000000000000000 000000000000cd5c4c70000000000000000000000000c04689c0c5d48cec7275 152b3026b53f6f78d03d24000000040000000000000000000000cd5c4c700000 00000000000000000000deadbeefc5d48cec7275152b3026b53f6f78d03d2400 0000000000000000000000000000cd5c4c70000000000000000000000000c1af 1d7e20374a20d4d3914c1a1b0ddfef99cc61 
=== After minimizing: ===
Block header:
  number: 0
  difficulty: 0
  gas_limit: 0
  timestamp: 0
  initial_ether: 1

TX[0] with tx_sender[0]; tx_receiver[0]; call_value: 0x0; length: 36; block+=0; #returns=0
  func: newOwner(address):(bool) (0x85952454)
  input: { address(0xc1af1d7e20374a20d4d3914c1a1b0ddfef99cc61),  }
TX[1] with tx_sender[1]; tx_receiver[0]; call_value: 0x0; length: 4; block+=0; #returns=1
  func: withdrawAll() (0x853828b6)
  input: {  }
  returns:
    return val: 1; allows reenter: 0; data: 0x
