[using trimmer code]
[Trimmer Stage: Start]
[Trimmer Stage: Transactions(255)] ✔️
[Trimmer Stage: Transactions(254)] ❌
[Trimmer Stage: Transactions(253)] ✔️
[Trimmer Stage: Transactions(252)] ✔️
[Trimmer Stage: Transactions(251)] ✔️
[Trimmer Stage: Transactions(250)] ✔️
[Trimmer Stage: Transactions(249)] ✔️
[Trimmer Stage: Transactions(248)] ✔️
[Trimmer Stage: Transactions(247)] ✔️
[Trimmer Stage: Transactions(246)] ✔️
[Trimmer Stage: Transactions(245)] ✔️
[Trimmer Stage: Transactions(244)] ✔️
[Trimmer Stage: Transactions(243)] ✔️
[Trimmer Stage: Transactions(242)] ✔️
[Trimmer Stage: Transactions(241)] ✔️
[Trimmer Stage: Transactions(240)] ✔️
[Trimmer Stage: Transactions(239)] ✔️
[Trimmer Stage: Transactions(238)] ✔️
[Trimmer Stage: Transactions(237)] ✔️
[Trimmer Stage: Transactions(236)] ✔️
[Trimmer Stage: Transactions(235)] ✔️
[Trimmer Stage: Transactions(234)] ✔️
[Trimmer Stage: Transactions(233)] ✔️
[Trimmer Stage: Transactions(232)] ✔️
[Trimmer Stage: Transactions(231)] ✔️
[Trimmer Stage: Transactions(230)] ✔️
[Trimmer Stage: Transactions(229)] ✔️
[Trimmer Stage: Transactions(228)] ✔️
[Trimmer Stage: Transactions(227)] ✔️
[Trimmer Stage: Transactions(226)] ✔️
[Trimmer Stage: Transactions(225)] ✔️
[Trimmer Stage: Transactions(224)] ✔️
[Trimmer Stage: Transactions(223)] ✔️
[Trimmer Stage: Transactions(222)] ✔️
[Trimmer Stage: Transactions(221)] ✔️
[Trimmer Stage: Transactions(220)] ✔️
[Trimmer Stage: Transactions(219)] ✔️
[Trimmer Stage: Transactions(218)] ✔️
[Trimmer Stage: Transactions(217)] ✔️
[Trimmer Stage: Transactions(216)] ✔️
[Trimmer Stage: Transactions(215)] ✔️
[Trimmer Stage: Transactions(214)] ✔️
[Trimmer Stage: Transactions(213)] ✔️
[Trimmer Stage: Transactions(212)] ✔️
[Trimmer Stage: Transactions(211)] ✔️
[Trimmer Stage: Transactions(210)] ✔️
[Trimmer Stage: Transactions(209)] ✔️
[Trimmer Stage: Transactions(208)] ✔️
[Trimmer Stage: Transactions(207)] ✔️
[Trimmer Stage: Transactions(206)] ✔️
[Trimmer Stage: Transactions(205)] ✔️
[Trimmer Stage: Transactions(204)] ✔️
[Trimmer Stage: Transactions(203)] ✔️
[Trimmer Stage: Transactions(202)] ✔️
[Trimmer Stage: Transactions(201)] ✔️
[Trimmer Stage: Transactions(200)] ✔️
[Trimmer Stage: Transactions(199)] ✔️
[Trimmer Stage: Transactions(198)] ✔️
[Trimmer Stage: Transactions(197)] ✔️
[Trimmer Stage: Transactions(196)] ✔️
[Trimmer Stage: Transactions(195)] ✔️
[Trimmer Stage: Transactions(194)] ✔️
[Trimmer Stage: Transactions(193)] ✔️
[Trimmer Stage: Transactions(192)] ✔️
[Trimmer Stage: Transactions(191)] ✔️
[Trimmer Stage: Transactions(190)] ✔️
[Trimmer Stage: Transactions(189)] ✔️
[Trimmer Stage: Transactions(188)] ✔️
[Trimmer Stage: Transactions(187)] ✔️
[Trimmer Stage: Transactions(186)] ✔️
[Trimmer Stage: Transactions(185)] ✔️
[Trimmer Stage: Transactions(184)] ✔️
[Trimmer Stage: Transactions(183)] ✔️
[Trimmer Stage: Transactions(182)] ✔️
[Trimmer Stage: Transactions(181)] ✔️
[Trimmer Stage: Transactions(180)] ✔️
[Trimmer Stage: Transactions(179)] ✔️
[Trimmer Stage: Transactions(178)] ✔️
[Trimmer Stage: Transactions(177)] ✔️
[Trimmer Stage: Transactions(176)] ✔️
[Trimmer Stage: Transactions(175)] ✔️
[Trimmer Stage: Transactions(174)] ✔️
[Trimmer Stage: Transactions(173)] ✔️
[Trimmer Stage: Transactions(172)] ✔️
[Trimmer Stage: Transactions(171)] ✔️
[Trimmer Stage: Transactions(170)] ✔️
[Trimmer Stage: Transactions(169)] ✔️
[Trimmer Stage: Transactions(168)] ✔️
[Trimmer Stage: Transactions(167)] ✔️
[Trimmer Stage: Transactions(166)] ✔️
[Trimmer Stage: Transactions(165)] ✔️
[Trimmer Stage: Transactions(164)] ✔️
[Trimmer Stage: Transactions(163)] ✔️
[Trimmer Stage: Transactions(162)] ✔️
[Trimmer Stage: Transactions(161)] ✔️
[Trimmer Stage: Transactions(160)] ✔️
[Trimmer Stage: Transactions(159)] ✔️
[Trimmer Stage: Transactions(158)] ✔️
[Trimmer Stage: Transactions(157)] ✔️
[Trimmer Stage: Transactions(156)] ✔️
[Trimmer Stage: Transactions(155)] ✔️
[Trimmer Stage: Transactions(154)] ✔️
[Trimmer Stage: Transactions(153)] ✔️
[Trimmer Stage: Transactions(152)] ✔️
[Trimmer Stage: Transactions(151)] ✔️
[Trimmer Stage: Transactions(150)] ✔️
[Trimmer Stage: Transactions(149)] ✔️
[Trimmer Stage: Transactions(148)] ✔️
[Trimmer Stage: Transactions(147)] ✔️
[Trimmer Stage: Transactions(146)] ✔️
[Trimmer Stage: Transactions(145)] ✔️
[Trimmer Stage: Transactions(144)] ✔️
[Trimmer Stage: Transactions(143)] ✔️
[Trimmer Stage: Transactions(142)] ✔️
[Trimmer Stage: Transactions(141)] ✔️
[Trimmer Stage: Transactions(140)] ✔️
[Trimmer Stage: Transactions(139)] ✔️
[Trimmer Stage: Transactions(138)] ✔️
[Trimmer Stage: Transactions(137)] ✔️
[Trimmer Stage: Transactions(136)] ✔️
[Trimmer Stage: Transactions(135)] ✔️
[Trimmer Stage: Transactions(134)] ✔️
[Trimmer Stage: Transactions(133)] ✔️
[Trimmer Stage: Transactions(132)] ✔️
[Trimmer Stage: Transactions(131)] ✔️
[Trimmer Stage: Transactions(130)] ✔️
[Trimmer Stage: Transactions(129)] ✔️
[Trimmer Stage: Transactions(128)] ✔️
[Trimmer Stage: Transactions(127)] ✔️
[Trimmer Stage: Transactions(126)] ✔️
[Trimmer Stage: Transactions(125)] ✔️
[Trimmer Stage: Transactions(124)] ✔️
[Trimmer Stage: Transactions(123)] ✔️
[Trimmer Stage: Transactions(122)] ✔️
[Trimmer Stage: Transactions(121)] ✔️
[Trimmer Stage: Transactions(120)] ✔️
[Trimmer Stage: Transactions(119)] ✔️
[Trimmer Stage: Transactions(118)] ✔️
[Trimmer Stage: Transactions(117)] ✔️
[Trimmer Stage: Transactions(116)] ✔️
[Trimmer Stage: Transactions(115)] ✔️
[Trimmer Stage: Transactions(114)] ✔️
[Trimmer Stage: Transactions(113)] ✔️
[Trimmer Stage: Transactions(112)] ✔️
[Trimmer Stage: Transactions(111)] ✔️
[Trimmer Stage: Transactions(110)] ✔️
[Trimmer Stage: Transactions(109)] ✔️
[Trimmer Stage: Transactions(108)] ✔️
[Trimmer Stage: Transactions(107)] ✔️
[Trimmer Stage: Transactions(106)] ✔️
[Trimmer Stage: Transactions(105)] ✔️
[Trimmer Stage: Transactions(104)] ✔️
[Trimmer Stage: Transactions(103)] ✔️
[Trimmer Stage: Transactions(102)] ✔️
[Trimmer Stage: Transactions(101)] ✔️
[Trimmer Stage: Transactions(100)] ✔️
[Trimmer Stage: Transactions(99)] ✔️
[Trimmer Stage: Transactions(98)] ✔️
[Trimmer Stage: Transactions(97)] ✔️
[Trimmer Stage: Transactions(96)] ✔️
[Trimmer Stage: Transactions(95)] ✔️
[Trimmer Stage: Transactions(94)] ✔️
[Trimmer Stage: Transactions(93)] ✔️
[Trimmer Stage: Transactions(92)] ✔️
[Trimmer Stage: Transactions(91)] ✔️
[Trimmer Stage: Transactions(90)] ✔️
[Trimmer Stage: Transactions(89)] ✔️
[Trimmer Stage: Transactions(88)] ✔️
[Trimmer Stage: Transactions(87)] ✔️
[Trimmer Stage: Transactions(86)] ✔️
[Trimmer Stage: Transactions(85)] ✔️
[Trimmer Stage: Transactions(84)] ✔️
[Trimmer Stage: Transactions(83)] ✔️
[Trimmer Stage: Transactions(82)] ✔️
[Trimmer Stage: Transactions(81)] ✔️
[Trimmer Stage: Transactions(80)] ✔️
[Trimmer Stage: Transactions(79)] ✔️
[Trimmer Stage: Transactions(78)] ✔️
[Trimmer Stage: Transactions(77)] ✔️
[Trimmer Stage: Transactions(76)] ✔️
[Trimmer Stage: Transactions(75)] ✔️
[Trimmer Stage: Transactions(74)] ✔️
[Trimmer Stage: Transactions(73)] ✔️
[Trimmer Stage: Transactions(72)] ✔️
[Trimmer Stage: Transactions(71)] ✔️
[Trimmer Stage: Transactions(70)] ✔️
[Trimmer Stage: Transactions(69)] ✔️
[Trimmer Stage: Transactions(68)] ✔️
[Trimmer Stage: Transactions(67)] ✔️
[Trimmer Stage: Transactions(66)] ✔️
[Trimmer Stage: Transactions(65)] ✔️
[Trimmer Stage: Transactions(64)] ✔️
[Trimmer Stage: Transactions(63)] ✔️
[Trimmer Stage: Transactions(62)] ✔️
[Trimmer Stage: Transactions(61)] ✔️
[Trimmer Stage: Transactions(60)] ✔️
[Trimmer Stage: Transactions(59)] ✔️
[Trimmer Stage: Transactions(58)] ✔️
[Trimmer Stage: Transactions(57)] ✔️
[Trimmer Stage: Transactions(56)] ✔️
[Trimmer Stage: Transactions(55)] ✔️
[Trimmer Stage: Transactions(54)] ✔️
[Trimmer Stage: Transactions(53)] ✔️
[Trimmer Stage: Transactions(52)] ✔️
[Trimmer Stage: Transactions(51)] ✔️
[Trimmer Stage: Transactions(50)] ✔️
[Trimmer Stage: Transactions(49)] ✔️
[Trimmer Stage: Transactions(48)] ✔️
[Trimmer Stage: Transactions(47)] ✔️
[Trimmer Stage: Transactions(46)] ✔️
[Trimmer Stage: Transactions(45)] ✔️
[Trimmer Stage: Transactions(44)] ✔️
[Trimmer Stage: Transactions(43)] ✔️
[Trimmer Stage: Transactions(42)] ✔️
[Trimmer Stage: Transactions(41)] ✔️
[Trimmer Stage: Transactions(40)] ✔️
[Trimmer Stage: Transactions(39)] ✔️
[Trimmer Stage: Transactions(38)] ✔️
[Trimmer Stage: Transactions(37)] ✔️
[Trimmer Stage: Transactions(36)] ✔️
[Trimmer Stage: Transactions(35)] ✔️
[Trimmer Stage: Transactions(34)] ✔️
[Trimmer Stage: Transactions(33)] ✔️
[Trimmer Stage: Transactions(32)] ✔️
[Trimmer Stage: Transactions(31)] ✔️
[Trimmer Stage: Transactions(30)] ✔️
[Trimmer Stage: Transactions(29)] ✔️
[Trimmer Stage: Transactions(28)] ✔️
[Trimmer Stage: Transactions(27)] ✔️
[Trimmer Stage: Transactions(26)] ✔️
[Trimmer Stage: Transactions(25)] ✔️
[Trimmer Stage: Transactions(24)] ✔️
[Trimmer Stage: Transactions(23)] ✔️
[Trimmer Stage: Transactions(22)] ✔️
[Trimmer Stage: Transactions(21)] ✔️
[Trimmer Stage: Transactions(20)] ✔️
[Trimmer Stage: Transactions(19)] ✔️
[Trimmer Stage: Transactions(18)] ✔️
[Trimmer Stage: Transactions(17)] ✔️
[Trimmer Stage: Transactions(16)] ✔️
[Trimmer Stage: Transactions(15)] ✔️
[Trimmer Stage: Transactions(14)] ✔️
[Trimmer Stage: Transactions(13)] ✔️
[Trimmer Stage: Transactions(12)] ✔️
[Trimmer Stage: Transactions(11)] ✔️
[Trimmer Stage: Transactions(10)] ✔️
[Trimmer Stage: Transactions(9)] ✔️
[Trimmer Stage: Transactions(8)] ✔️
[Trimmer Stage: Transactions(7)] ✔️
[Trimmer Stage: Transactions(6)] ✔️
[Trimmer Stage: Transactions(5)] ✔️
[Trimmer Stage: Transactions(4)] ✔️
[Trimmer Stage: Transactions(3)] ✔️
[Trimmer Stage: Transactions(2)] ❌
[Trimmer Stage: Transactions(1)] ✔️
[Trimmer Stage: Transactions(0)] ✔️
[Trimmer Stage: Inputs(1, 4)] ✔️
[Trimmer Stage: Inputs(1, 0)] ❌
[Trimmer Stage: Inputs(0, 4)] ❌
[Trimmer Stage: Inputs(0, 0)] ❌
[Trimmer Stage: Sender(1, 4)] ✔️
[Trimmer Stage: Sender(1, 3)] ❌
[Trimmer Stage: Sender(1, 2)] ❌
[Trimmer Stage: Sender(1, 1)] ❌
[Trimmer Stage: Sender(1, 0)] ❌
[Trimmer Stage: Sender(0, 0)] ✔️
[Trimmer Stage: Receiver(1, 0)] ✔️
[Trimmer Stage: Receiver(0, 0)] ✔️
[Trimmer Stage: BlockHeader(Number(0))] ✔️
[Trimmer Stage: BlockHeader(InitialEther(0))] ❌
[minimizing difficulty]
[ sender/receiver selector TX[0] ]
[ sender/receiver selector TX[1] ]
[ we try sorting the transaction list ]
reduced testcases from 12940 to 112 bytes (by 100 %) edit distance 12870
=== Before minimizing: ===
Block header:
  number: 0
  difficulty: 0
  gas_limit: 0
  timestamp: 0
  initial_ether: 1

TX[0] with tx_sender[0]; tx_receiver[0]; call_value: 0x0; length: 9; block+=0; #returns=0
  func: fallback()
  input: 000000000000000000 
TX[1] with tx_sender[0]; tx_receiver[0]; call_value: 0x0; length: 36; block+=0; #returns=0
  func: newOwner(address):(bool) (0x85952454)
  input: { address(0xc04689c0c5d48cec7275152b3026b53f6f78d03d),  }
TX[2] with tx_sender[0]; tx_receiver[0]; call_value: 0x0; length: 36; block+=0; #returns=0
  func: newOwner(address):(bool) (0x85952454)
  input: { address(0xc4b803ea8bc30894cc4672a9159ca000d377d9a3),  }
TX[3] with tx_sender[4]; tx_receiver[0]; call_value: 0x0; length: 4; block+=0; #returns=0
  func: withdrawAll() (0x853828b6)
  input: {  }
TX[4] with tx_sender[0]; tx_receiver[0]; call_value: 0x0; length: 20; block+=0; #returns=0
  func: owners(address):(address) (0x22914a7)
  input: 0000000000000000000000dfef99cc10  [failed to decode]
TX[5] with tx_sender[0]; tx_receiver[0]; call_value: 0x0; length: 0; block+=0; #returns=0
  input: 
TX[6] with tx_sender[0]; tx_receiver[0]; call_value: 0x0; length: 9; block+=0; #returns=0
  func: fallback()
  input: 000000000000000000 
TX[7] with tx_sender[0]; tx_receiver[0]; call_value: 0x0; length: 20; block+=0; #returns=0
  func: owners(address):(address) (0x22914a7)
  input: 0000000000000000000000dfef99cc10  [failed to decode]
TX[8] with tx_sender[0]; tx_receiver[0]; call_value: 0x0; length: 36; block+=0; #returns=0
  func: newOwner(address):(bool) (0x85952454)
  input: { address(0xc4b803ea8bc30894cc4672a9159ca000d377d9a3),  }
TX[9] with tx_sender[0]; tx_receiver[0]; call_value: 0x1; length: 0; block+=0; #returns=0
  input: 
TX[10] with tx_sender[0]; tx_receiver[0]; call_value: 0x0; length: 36; block+=0; #returns=0
  func: newOwner(address):(bool) (0x85952454)
  input: { address(0xc4b803ea8bc30894cc4672a9159ca000d377d9a3),  }
TX[11] with tx_sender[0]; tx_receiver[0]; call_value: 0x1; length: 0; block+=0; #returns=0
  input: 
TX[12] with tx_sender[0]; tx_receiver[0]; call_value: 0x0; length: 36; block+=0; #returns=0
  func: newOwner(address):(bool) (0x85952454)
  input: { address(0xc4b803ea8bc30894cc4672a9159ca000d377d9a3),  }
TX[13] with tx_sender[1]; tx_receiver[0]; call_value: 0x1; length: 4; block+=0; #returns=0
  func: fallback()
  input: 00000000 
TX[14] with tx_sender[0]; tx_receiver[0]; call_value: 0x0; length: 36; block+=0; #returns=0
  func: newOwner(address):(bool) (0x85952454)
  input: { address(0xc4b803ea8bc30894cc4672a9159ca000d377d9a3),  }
TX[15] with tx_sender[0]; tx_receiver[0]; call_value: 0x0; length: 9; block+=0; #returns=0
  func: fallback()
  input: 000000000000000000 
TX[16] with tx_sender[0]; tx_receiver[0]; call_value: 0x0; length: 36; block+=0; #returns=0
  func: deleteOwner(address):(bool) (0xcd5c4c70)
  input: { address(0xc04689c0c5d48cec7275152b3026b53f6f78d03d),  }
TX[17] with tx_sender[0]; tx_receiver[0]; call_value: 0x0; length: 20; block+=0; #returns=0
  func: owners(address):(address) (0x22914a7)
  input: 0000000000000000000000dfef99cc10  [failed to decode]
TX[18] with tx_sender[4]; tx_receiver[0]; call_value: 0x0; length: 4; block+=0; #returns=0
  func: withdrawAll() (0x853828b6)
  input: {  }
TX[19] with tx_sender[1]; tx_receiver[0]; call_value: 0x1; length: 9; block+=0; #returns=0
  func: fallback()
  input: 000000000000000000 
TX[20] with tx_sender[0]; tx_receiver[0]; call_value: 0x0; length: 20; block+=0; #returns=0
  func: owners(address):(address) (0x22914a7)
  input: 0000000000000000000000dfef99cc10  [failed to decode]
TX[21] with tx_sender[4]; tx_receiver[0]; call_value: 0x0; length: 4; block+=0; #returns=0
  func: withdrawAll() (0x853828b6)
  input: {  }
TX[22] with tx_sender[0]; tx_receiver[0]; call_value: 0x0; length: 36; block+=0; #returns=0
  func: newOwner(address):(bool) (0x85952454)
  input: { address(0xc4b803ea8bc30894cc4672a9159ca000d377d9a3),  }
TX[23] with tx_sender[0]; tx_receiver[0]; call_value: 0x0; length: 0; block+=0; #returns=0
  input: 
TX[24] with tx_sender[0]; tx_receiver[0]; call_value: 0x0; length: 0; block+=0; #returns=0
  input: 
TX[25] with tx_sender[2]; tx_receiver[0]; call_value: 0x1; length: 4; block+=0; #returns=0
  func: fallback()
  input: 00000000 
TX[26] with tx_sender[0]; tx_receiver[0]; call_value: 0x0; length: 36; block+=0; #returns=0
  func: newOwner(address):(bool) (0x85952454)
  input: { address(0xc4b803ea8bc30894cc4672a9159ca000d377d9a3),  }
TX[27] with tx_sender[4]; tx_receiver[0]; call_value: 0x0; length: 4; block+=0; #returns=0
  func: withdrawAll() (0x853828b6)
  input: {  }
TX[28] with tx_sender[0]; tx_receiver[0]; call_value: 0x0; length: 36; block+=0; #returns=0
  func: newOwner(address):(bool) (0x85952454)
  input: { address(0xc4b803ea8bc30894cc4672a9159ca000d377d9a3),  }
TX[29] with tx_sender[0]; tx_receiver[0]; call_value: 0x0; length: 0; block+=0; #returns=0
  input: 
TX[30] with tx_sender[0]; tx_receiver[0]; call_value: 0x1; length: 0; block+=0; #returns=0
  input: 
TX[31] with tx_sender[4]; tx_receiver[0]; call_value: 0x0; length: 4; block+=0; #returns=0
  func: withdrawAll() (0x853828b6)
  input: {  }
TX[32] with tx_sender[0]; tx_receiver[0]; call_value: 0x0; length: 36; block+=0; #returns=0
  func: newOwner(address):(bool) (0x85952454)
  input: { address(0xc4b803ea8bc30894cc4672a9159ca000d377d9a3),  }
TX[33] with tx_sender[4]; tx_receiver[0]; call_value: 0x0; length: 4; block+=0; #returns=0
  func: withdrawAll() (0x853828b6)
  input: {  }
TX[34] with tx_sender[0]; tx_receiver[0]; call_value: 0x0; length: 36; block+=0; #returns=0
  func: newOwner(address):(bool) (0x85952454)
  input: { address(0xc1af1d7e20374a20d4d3914c1a1b0ddfef99cc61),  }
TX[35] with tx_sender[0]; tx_receiver[0]; call_value: 0x1; length: 0; block+=0; #returns=0
  input: 
TX[36] with tx_sender[0]; tx_receiver[0]; call_value: 0x1; length: 0; block+=0; #returns=0
  input: 
TX[37] with tx_sender[0]; tx_receiver[0]; call_value: 0x0; length: 0; block+=0; #returns=0
  input: 
TX[38] with tx_sender[0]; tx_receiver[0]; call_value: 0x0; length: 18; block+=0; #returns=0
  func: newOwner(address):(bool) (0x85952454)
  input: 000000000000000000000000cc07  [failed to decode]
TX[39] with tx_sender[0]; tx_receiver[0]; call_value: 0x0; length: 32; block+=0; #returns=0
  func: fallback()
  input: 0000000000000000000000000000000000000101200000000000000000000000 
TX[40] with tx_sender[4]; tx_receiver[0]; call_value: 0x0; length: 4; block+=0; #returns=0
  func: withdrawAll() (0x853828b6)
  input: {  }
TX[41] with tx_sender[0]; tx_receiver[0]; call_value: 0x0; length: 36; block+=0; #returns=0
  func: newOwner(address):(bool) (0x85952454)
  input: { address(0xc4b803ea8bc30894cc4672a9159ca000d377d9a3),  }
TX[42] with tx_sender[0]; tx_receiver[0]; call_value: 0x0; length: 36; block+=0; #returns=0
  func: newOwner(address):(bool) (0x85952454)
  input: { address(0xc4b803ea8bc30894cc4672a9159ca000d377d9a3),  }
TX[43] with tx_sender[0]; tx_receiver[0]; call_value: 0x0; length: 36; block+=0; #returns=0
  func: newOwner(address):(bool) (0x85952454)
  input: { address(0xc5442b23ea5ca66c3441e62bf6456f010646ae94),  }
TX[44] with tx_sender[0]; tx_receiver[0]; call_value: 0x0; length: 36; block+=0; #returns=0
  func: newOwner(address):(bool) (0x85952454)
  input: { address(0xc4b803ea8bc30894cc4672a9159ca000d377d9a3),  }
TX[45] with tx_sender[0]; tx_receiver[0]; call_value: 0x1; length: 0; block+=0; #returns=0
  input: 
TX[46] with tx_sender[0]; tx_receiver[0]; call_value: 0x0; length: 36; block+=0; #returns=0
  func: newOwner(address):(bool) (0x85952454)
  input: { address(0xa2b0e2c57d7a1232a80b59354f5a3d49c19c6c4a),  }
TX[47] with tx_sender[0]; tx_receiver[0]; call_value: 0x1; length: 0; block+=0; #returns=0
  input: 
TX[48] with tx_sender[4]; tx_receiver[0]; call_value: 0x0; length: 4; block+=0; #returns=0
  func: withdrawAll() (0x853828b6)
  input: {  }
TX[49] with tx_sender[0]; tx_receiver[0]; call_value: 0x0; length: 36; block+=0; #returns=0
  func: newOwner(address):(bool) (0x85952454)
  input: { address(0xc4b803ea8bc30894cc4672a9159ca000d377d9a3),  }
TX[50] with tx_sender[0]; tx_receiver[0]; call_value: 0x0; length: 36; block+=0; #returns=0
  func: newOwner(address):(bool) (0x85952454)
  input: { address(0xc4b803ea8bc30894cc4672a9159ca000d377d9a3),  }
TX[51] with tx_sender[0]; tx_receiver[0]; call_value: 0x0; length: 0; block+=0; #returns=0
  input: 
TX[52] with tx_sender[0]; tx_receiver[0]; call_value: 0x0; length: 36; block+=0; #returns=0
  func: newOwner(address):(bool) (0x85952454)
  input: { address(0xc4b803ea8bc30894cc4672a9159ca000d377d9a3),  }
TX[53] with tx_sender[0]; tx_receiver[0]; call_value: 0x1; length: 0; block+=0; #returns=0
  input: 
TX[54] with tx_sender[0]; tx_receiver[0]; call_value: 0x0; length: 32; block+=0; #returns=0
  func: fallback()
  input: 0000000000000000000000000000000000000101200000000000000000000000 
TX[55] with tx_sender[0]; tx_receiver[0]; call_value: 0x0; length: 36; block+=0; #returns=0
  func: newOwner(address):(bool) (0x85952454)
  input: { address(0xc04689c0c5d48cec7275152b3026b53f6f78d03d),  }
TX[56] with tx_sender[0]; tx_receiver[0]; call_value: 0x1; length: 0; block+=0; #returns=0
  input: 
TX[57] with tx_sender[0]; tx_receiver[0]; call_value: 0x0; length: 0; block+=0; #returns=0
  input: 
TX[58] with tx_sender[0]; tx_receiver[0]; call_value: 0x0; length: 32; block+=0; #returns=0
  func: fallback()
  input: 0000000000000000000000000000000000000101200000000000000000000000 
TX[59] with tx_sender[0]; tx_receiver[0]; call_value: 0x1; length: 0; block+=0; #returns=0
  input: 
TX[60] with tx_sender[0]; tx_receiver[0]; call_value: 0x0; length: 36; block+=0; #returns=0
  func: newOwner(address):(bool) (0x85952454)
  input: { address(0xc04689c0c5d48cec7275152b3026b53f6f78d03d),  }
TX[61] with tx_sender[4]; tx_receiver[0]; call_value: 0x0; length: 4; block+=0; #returns=0
  func: withdrawAll() (0x853828b6)
  input: {  }
TX[62] with tx_sender[4]; tx_receiver[0]; call_value: 0x0; length: 4; block+=0; #returns=0
  func: withdrawAll() (0x853828b6)
  input: {  }
TX[63] with tx_sender[0]; tx_receiver[0]; call_value: 0x1; length: 0; block+=0; #returns=0
  input: 
TX[64] with tx_sender[0]; tx_receiver[0]; call_value: 0x0; length: 0; block+=0; #returns=0
  input: 
TX[65] with tx_sender[0]; tx_receiver[0]; call_value: 0x0; length: 0; block+=0; #returns=0
  input: 
TX[66] with tx_sender[0]; tx_receiver[0]; call_value: 0x0; length: 36; block+=0; #returns=0
  func: newOwner(address):(bool) (0x85952454)
  input: { address(0xc4b803ea8bc30894cc4672a9159ca000d377d9a3),  }
TX[67] with tx_sender[0]; tx_receiver[0]; call_value: 0x1; length: 0; block+=0; #returns=0
  input: 
TX[68] with tx_sender[0]; tx_receiver[0]; call_value: 0x0; length: 36; block+=0; #returns=0
  func: newOwner(address):(bool) (0x85952454)
  input: { address(0xc4b803ea8bc30894cc4672a9159ca000d377d9a3),  }
TX[69] with tx_sender[0]; tx_receiver[0]; call_value: 0x0; length: 32; block+=0; #returns=0
  func: fallback()
  input: 0000000000000000000000000000000000000101200000000000000000000000 
TX[70] with tx_sender[0]; tx_receiver[0]; call_value: 0x0; length: 36; block+=0; #returns=0
  func: newOwner(address):(bool) (0x85952454)
  input: { address(0xc4b803ea8bc30894cc4672a9159ca000d377d9a3),  }
TX[71] with tx_sender[0]; tx_receiver[0]; call_value: 0x1; length: 0; block+=0; #returns=0
  input: 
TX[72] with tx_sender[0]; tx_receiver[0]; call_value: 0x1; length: 0; block+=0; #returns=0
  input: 
TX[73] with tx_sender[0]; tx_receiver[0]; call_value: 0x0; length: 36; block+=0; #returns=0
  func: newOwner(address):(bool) (0x85952454)
  input: { address(0xc4b803ea8bc30894cc4672a9159ca000d377d9a3),  }
TX[74] with tx_sender[0]; tx_receiver[0]; call_value: 0x0; length: 32; block+=0; #returns=0
  func: fallback()
  input: 0000000000000000000000000000000000000101200000000000000000000000 
TX[75] with tx_sender[0]; tx_receiver[0]; call_value: 0x0; length: 20; block+=0; #returns=0
  func: owners(address):(address) (0x22914a7)
  input: 0000000000000000000000dfef99cc10  [failed to decode]
TX[76] with tx_sender[0]; tx_receiver[0]; call_value: 0x0; length: 36; block+=0; #returns=0
  func: newOwner(address):(bool) (0x85952454)
  input: { address(0xc4b803ea8bc30894cc4672a9159ca000d377d9a3),  }
TX[77] with tx_sender[0]; tx_receiver[0]; call_value: 0x0; length: 36; block+=0; #returns=0
  func: newOwner(address):(bool) (0x85952454)
  input: { address(0xc1af1d7e20374a20d4d3914c1a1b0ddfef99cc61),  }
TX[78] with tx_sender[0]; tx_receiver[0]; call_value: 0x0; length: 18; block+=0; #returns=0
  func: newOwner(address):(bool) (0x85952454)
  input: 000000000000000000000000cc07  [failed to decode]
TX[79] with tx_sender[0]; tx_receiver[0]; call_value: 0x0; length: 32; block+=0; #returns=0
  func: fallback()
  input: 0000000000000000000000000000000000000101200000000000000000000000 
TX[80] with tx_sender[0]; tx_receiver[0]; call_value: 0x0; length: 36; block+=0; #returns=0
  func: newOwner(address):(bool) (0x85952454)
  input: { address(0xc4b803ea8bc30894cc4672a9159ca000d377d9a3),  }
TX[81] with tx_sender[0]; tx_receiver[0]; call_value: 0x0; length: 0; block+=0; #returns=0
  input: 
TX[82] with tx_sender[0]; tx_receiver[0]; call_value: 0x1; length: 0; block+=0; #returns=0
  input: 
TX[83] with tx_sender[4]; tx_receiver[0]; call_value: 0x0; length: 4; block+=0; #returns=0
  func: withdrawAll() (0x853828b6)
  input: {  }
TX[84] with tx_sender[0]; tx_receiver[0]; call_value: 0x0; length: 36; block+=0; #returns=0
  func: newOwner(address):(bool) (0x85952454)
  input: { address(0xa2b0e2c57d7a1232a80b59354f5a3d49c19c6c4a),  }
TX[85] with tx_sender[0]; tx_receiver[0]; call_value: 0x1; length: 0; block+=0; #returns=0
  input: 
TX[86] with tx_sender[0]; tx_receiver[0]; call_value: 0x0; length: 0; block+=0; #returns=0
  input: 
TX[87] with tx_sender[4]; tx_receiver[0]; call_value: 0x0; length: 4; block+=0; #returns=0
  func: withdrawAll() (0x853828b6)
  input: {  }
TX[88] with tx_sender[0]; tx_receiver[0]; call_value: 0x0; length: 36; block+=0; #returns=0
  func: newOwner(address):(bool) (0x85952454)
  input: { address(0xc4b803ea8bc30894cc4672a9159ca000d377d9a3),  }
TX[89] with tx_sender[0]; tx_receiver[0]; call_value: 0x1; length: 0; block+=0; #returns=0
  input: 
TX[90] with tx_sender[0]; tx_receiver[0]; call_value: 0x0; length: 36; block+=0; #returns=0
  func: newOwner(address):(bool) (0x85952454)
  input: { address(0xc4b803ea8bc30894cc4672a9159ca000d377d9a3),  }
TX[91] with tx_sender[0]; tx_receiver[0]; call_value: 0x0; length: 0; block+=0; #returns=0
  input: 
TX[92] with tx_sender[0]; tx_receiver[0]; call_value: 0x1; length: 0; block+=0; #returns=0
  input: 
TX[93] with tx_sender[0]; tx_receiver[0]; call_value: 0x0; length: 36; block+=0; #returns=0
  func: newOwner(address):(bool) (0x85952454)
  input: { address(0xc4b803ea8bc30894cc4672a9159ca000d377d9a3),  }
TX[94] with tx_sender[0]; tx_receiver[0]; call_value: 0x1; length: 0; block+=0; #returns=0
  input: 
TX[95] with tx_sender[4]; tx_receiver[0]; call_value: 0x0; length: 4; block+=0; #returns=0
  func: withdrawAll() (0x853828b6)
  input: {  }
TX[96] with tx_sender[0]; tx_receiver[0]; call_value: 0x1; length: 0; block+=0; #returns=0
  input: 
TX[97] with tx_sender[0]; tx_receiver[0]; call_value: 0x0; length: 0; block+=0; #returns=0
  input: 
TX[98] with tx_sender[0]; tx_receiver[0]; call_value: 0x0; length: 0; block+=0; #returns=0
  input: 
TX[99] with tx_sender[0]; tx_receiver[0]; call_value: 0x0; length: 32; block+=0; #returns=0
  func: fallback()
  input: 0000000000000000000000000000000000000101200000000000000000000000 
TX[100] with tx_sender[4]; tx_receiver[0]; call_value: 0x0; length: 4; block+=0; #returns=0
  func: withdrawAll() (0x853828b6)
  input: {  }
TX[101] with tx_sender[0]; tx_receiver[0]; call_value: 0x0; length: 0; block+=0; #returns=0
  input: 
TX[102] with tx_sender[0]; tx_receiver[0]; call_value: 0x0; length: 0; block+=0; #returns=0
  input: 
TX[103] with tx_sender[0]; tx_receiver[0]; call_value: 0x0; length: 36; block+=0; #returns=0
  func: newOwner(address):(bool) (0x85952454)
  input: { address(0xc4b803ea8bc30894cc4672a9159ca000d377d9a3),  }
TX[104] with tx_sender[0]; tx_receiver[0]; call_value: 0x1; length: 0; block+=0; #returns=0
  input: 
TX[105] with tx_sender[0]; tx_receiver[0]; call_value: 0x0; length: 36; block+=0; #returns=0
  func: newOwner(address):(bool) (0x85952454)
  input: { address(0xdeadbeefc5d48cec7275152b3026b53f6f78d03d),  }
TX[106] with tx_sender[0]; tx_receiver[0]; call_value: 0x1; length: 0; block+=0; #returns=0
  input: 
TX[107] with tx_sender[0]; tx_receiver[0]; call_value: 0x0; length: 20; block+=0; #returns=0
  func: owners(address):(address) (0x22914a7)
  input: 0000000000000000000000dfef99cc10  [failed to decode]
TX[108] with tx_sender[0]; tx_receiver[0]; call_value: 0x0; length: 20; block+=0; #returns=0
  func: owners(address):(address) (0x22914a7)
  input: 0000000000000000000000dfef99cc10  [failed to decode]
TX[109] with tx_sender[0]; tx_receiver[0]; call_value: 0x0; length: 36; block+=0; #returns=0
  func: newOwner(address):(bool) (0x85952454)
  input: { address(0xc4b803ea8bc30894cc4672a9159ca000d377d9a3),  }
TX[110] with tx_sender[0]; tx_receiver[0]; call_value: 0x0; length: 36; block+=0; #returns=0
  func: newOwner(address):(bool) (0x85952454)
  input: { address(0xc4b803ea8bc30894cc4672a9159ca000d377d9a3),  }
TX[111] with tx_sender[0]; tx_receiver[0]; call_value: 0x0; length: 0; block+=0; #returns=0
  input: 
TX[112] with tx_sender[0]; tx_receiver[0]; call_value: 0x0; length: 0; block+=0; #returns=0
  input: 
TX[113] with tx_sender[0]; tx_receiver[0]; call_value: 0x0; length: 36; block+=0; #returns=0
  func: newOwner(address):(bool) (0x85952454)
  input: { address(0xc4b803ea8bc30894cc4672a9159ca000d377d9a3),  }
TX[114] with tx_sender[0]; tx_receiver[0]; call_value: 0x1; length: 0; block+=0; #returns=0
  input: 
TX[115] with tx_sender[0]; tx_receiver[0]; call_value: 0x0; length: 32; block+=0; #returns=0
  func: fallback()
  input: 0000000000000000000000000000000000000101200000000000000000000000 
TX[116] with tx_sender[0]; tx_receiver[0]; call_value: 0x1; length: 0; block+=0; #returns=0
  input: 
TX[117] with tx_sender[0]; tx_receiver[0]; call_value: 0x0; length: 36; block+=0; #returns=0
  func: newOwner(address):(bool) (0x85952454)
  input: { address(0xc4b803ea8bc30894cc4672a9159ca000d377d9a3),  }
TX[118] with tx_sender[0]; tx_receiver[0]; call_value: 0x0; length: 0; block+=0; #returns=0
  input: 
TX[119] with tx_sender[0]; tx_receiver[0]; call_value: 0x0; length: 32; block+=0; #returns=0
  func: fallback()
  input: 0000000000000000000000000000000000000101200000000000000000000000 
TX[120] with tx_sender[0]; tx_receiver[0]; call_value: 0x1; length: 0; block+=0; #returns=0
  input: 
TX[121] with tx_sender[0]; tx_receiver[0]; call_value: 0x1585000000000000000000000000000000; length: 10; block+=0; #returns=0
  func: fallback()
  input: 24540000000000000000 
TX[122] with tx_sender[0]; tx_receiver[0]; call_value: 0x0; length: 36; block+=0; #returns=0
  func: newOwner(address):(bool) (0x85952454)
  input: { address(0xc4b803ea8bc30894cc4672a9159ca000d377d9a3),  }
TX[123] with tx_sender[0]; tx_receiver[0]; call_value: 0x1; length: 0; block+=0; #returns=0
  input: 
TX[124] with tx_sender[4]; tx_receiver[0]; call_value: 0x0; length: 4; block+=0; #returns=0
  func: withdrawAll() (0x853828b6)
  input: {  }
TX[125] with tx_sender[1]; tx_receiver[0]; call_value: 0x1; length: 9; block+=0; #returns=0
  func: fallback()
  input: 000000000000000000 
TX[126] with tx_sender[0]; tx_receiver[0]; call_value: 0x0; length: 0; block+=0; #returns=0
  input: 
TX[127] with tx_sender[0]; tx_receiver[0]; call_value: 0x1; length: 0; block+=0; #returns=0
  input: 
TX[128] with tx_sender[0]; tx_receiver[0]; call_value: 0x0; length: 36; block+=0; #returns=0
  func: newOwner(address):(bool) (0x85952454)
  input: { address(0xc4b803ea8bc30894cc4672a9159ca000d377d9a3),  }
TX[129] with tx_sender[0]; tx_receiver[0]; call_value: 0x0; length: 36; block+=0; #returns=0
  func: newOwner(address):(bool) (0x85952454)
  input: { address(0xc4b803ea8bc30894cc4672a9159ca000d377d9a3),  }
TX[130] with tx_sender[4]; tx_receiver[0]; call_value: 0x0; length: 4; block+=0; #returns=0
  func: withdrawAll() (0x853828b6)
  input: {  }
TX[131] with tx_sender[0]; tx_receiver[0]; call_value: 0x0; length: 36; block+=0; #returns=0
  func: newOwner(address):(bool) (0x85952454)
  input: { address(0xc4b803ea8bc30894cc4672a9159ca000d377d9a3),  }
TX[132] with tx_sender[0]; tx_receiver[0]; call_value: 0x0; length: 0; block+=0; #returns=0
  input: 
TX[133] with tx_sender[0]; tx_receiver[0]; call_value: 0x1; length: 0; block+=0; #returns=0
  input: 
TX[134] with tx_sender[0]; tx_receiver[0]; call_value: 0x0; length: 0; block+=0; #returns=0
  input: 
TX[135] with tx_sender[0]; tx_receiver[0]; call_value: 0x0; length: 20; block+=0; #returns=0
  func: owners(address):(address) (0x22914a7)
  input: 0000000000000000000000dfef99cc10  [failed to decode]
TX[136] with tx_sender[4]; tx_receiver[0]; call_value: 0x0; length: 4; block+=0; #returns=0
  func: withdrawAll() (0x853828b6)
  input: {  }
TX[137] with tx_sender[0]; tx_receiver[0]; call_value: 0x0; length: 36; block+=0; #returns=0
  func: newOwner(address):(bool) (0x85952454)
  input: { address(0xc4b803ea8bc30894cc4672a9159ca000d377d9a3),  }
TX[138] with tx_sender[0]; tx_receiver[0]; call_value: 0x0; length: 0; block+=0; #returns=0
  input: 
TX[139] with tx_sender[0]; tx_receiver[0]; call_value: 0x0; length: 0; block+=0; #returns=0
  input: 
TX[140] with tx_sender[0]; tx_receiver[0]; call_value: 0x0; length: 0; block+=0; #returns=0
  input: 
TX[141] with tx_sender[4]; tx_receiver[0]; call_value: 0x0; length: 4; block+=0; #returns=0
  func: withdrawAll() (0x853828b6)
  input: {  }
TX[142] with tx_sender[0]; tx_receiver[0]; call_value: 0x1; length: 0; block+=0; #returns=0
  input: 
TX[143] with tx_sender[1]; tx_receiver[0]; call_value: 0x1; length: 0; block+=0; #returns=0
  input: 
TX[144] with tx_sender[0]; tx_receiver[0]; call_value: 0x0; length: 36; block+=0; #returns=0
  func: newOwner(address):(bool) (0x85952454)
  input: { address(0xc04689c0c5d48cec7275152b3026b53f6f78d03d),  }
TX[145] with tx_sender[0]; tx_receiver[0]; call_value: 0x0; length: 0; block+=0; #returns=0
  input: 
TX[146] with tx_sender[4]; tx_receiver[0]; call_value: 0x0; length: 4; block+=0; #returns=0
  func: withdrawAll() (0x853828b6)
  input: {  }
TX[147] with tx_sender[0]; tx_receiver[0]; call_value: 0x0; length: 36; block+=0; #returns=0
  func: newOwner(address):(bool) (0x85952454)
  input: { address(0xc1af1d7e20374a20d4d3914c1a1b0ddfef99cc61),  }
TX[148] with tx_sender[0]; tx_receiver[0]; call_value: 0x0; length: 0; block+=0; #returns=0
  input: 
TX[149] with tx_sender[0]; tx_receiver[0]; call_value: 0x0; length: 32; block+=0; #returns=0
  func: fallback()
  input: 0000000000000000000000000000000000000101200000000000000000000000 
TX[150] with tx_sender[0]; tx_receiver[0]; call_value: 0x1; length: 0; block+=0; #returns=0
  input: 
TX[151] with tx_sender[0]; tx_receiver[0]; call_value: 0x0; length: 36; block+=0; #returns=0
  func: newOwner(address):(bool) (0x85952454)
  input: { address(0xc4b803ea8bc30894cc4672a9159ca000d377d9a3),  }
TX[152] with tx_sender[0]; tx_receiver[0]; call_value: 0x0; length: 36; block+=0; #returns=0
  func: newOwner(address):(bool) (0x85952454)
  input: { address(0xc4b803ea8bc30894cc4672a9159ca000d377d9a3),  }
TX[153] with tx_sender[0]; tx_receiver[0]; call_value: 0x0; length: 0; block+=0; #returns=0
  input: 
TX[154] with tx_sender[0]; tx_receiver[0]; call_value: 0x0; length: 36; block+=0; #returns=0
  func: newOwner(address):(bool) (0x85952454)
  input: { address(0xc3cf2af7ea37d6d9d0a23bdf84c71e8c099d03c2),  }
TX[155] with tx_sender[0]; tx_receiver[0]; call_value: 0x0; length: 36; block+=0; #returns=0
  func: newOwner(address):(bool) (0x85952454)
  input: { address(0xc4b803ea8bc30894cc4672a9159ca000d377d9a3),  }
TX[156] with tx_sender[4]; tx_receiver[0]; call_value: 0x0; length: 36; block+=0; #returns=0
  func: newOwner(address):(bool) (0x85952454)
  input: { address(0xdeadbeefc5d48cec7275152b3026b53f6f78d03d),  }
TX[157] with tx_sender[0]; tx_receiver[0]; call_value: 0x0; length: 36; block+=0; #returns=0
  func: newOwner(address):(bool) (0x85952454)
  input: { address(0xc04689c0c5d48cec7275152b3026b53f6f78d03d),  }
TX[158] with tx_sender[4]; tx_receiver[0]; call_value: 0x0; length: 4; block+=0; #returns=0
  func: withdrawAll() (0x853828b6)
  input: {  }
TX[159] with tx_sender[1]; tx_receiver[0]; call_value: 0x1; length: 9; block+=0; #returns=0
  func: fallback()
  input: 000000000000000000 
TX[160] with tx_sender[0]; tx_receiver[0]; call_value: 0x0; length: 32; block+=0; #returns=0
  func: fallback()
  input: 0000000000000000000000000000000000000101200000000000000000000000 
TX[161] with tx_sender[0]; tx_receiver[0]; call_value: 0x0; length: 36; block+=0; #returns=0
  func: newOwner(address):(bool) (0x85952454)
  input: { address(0xc04689c0c5d48cec7275152b3026b53f6f78d03d),  }
TX[162] with tx_sender[0]; tx_receiver[0]; call_value: 0x0; length: 9; block+=0; #returns=0
  func: fallback()
  input: 000000000000000000 
TX[163] with tx_sender[0]; tx_receiver[0]; call_value: 0x1; length: 0; block+=0; #returns=0
  input: 
TX[164] with tx_sender[4]; tx_receiver[0]; call_value: 0x0; length: 4; block+=0; #returns=0
  func: withdrawAll() (0x853828b6)
  input: {  }
TX[165] with tx_sender[0]; tx_receiver[0]; call_value: 0x0; length: 0; block+=0; #returns=0
  input: 
TX[166] with tx_sender[0]; tx_receiver[0]; call_value: 0x0; length: 0; block+=0; #returns=0
  input: 
TX[167] with tx_sender[0]; tx_receiver[0]; call_value: 0x0; length: 4; block+=0; #returns=0
  func: fallback()
  input: 00000000 
TX[168] with tx_sender[0]; tx_receiver[0]; call_value: 0x0; length: 36; block+=0; #returns=0
  func: newOwner(address):(bool) (0x85952454)
  input: { address(0xc4b803ea8bc30894cc4672a9159ca000d377d9a3),  }
TX[169] with tx_sender[1]; tx_receiver[0]; call_value: 0x1; length: 4; block+=0; #returns=0
  func: fallback()
  input: 00000000 
TX[170] with tx_sender[0]; tx_receiver[0]; call_value: 0x0; length: 20; block+=0; #returns=0
  func: owners(address):(address) (0x22914a7)
  input: 0000000000000000000000dfef99cc10  [failed to decode]
TX[171] with tx_sender[4]; tx_receiver[0]; call_value: 0x0; length: 4; block+=0; #returns=0
  func: withdrawAll() (0x853828b6)
  input: {  }
TX[172] with tx_sender[0]; tx_receiver[0]; call_value: 0x0; length: 0; block+=0; #returns=0
  input: 
TX[173] with tx_sender[0]; tx_receiver[0]; call_value: 0x0; length: 36; block+=0; #returns=0
  func: newOwner(address):(bool) (0x85952454)
  input: { address(0xc4b803ea8bc30894cc4672a9159ca000d377d9a3),  }
TX[174] with tx_sender[0]; tx_receiver[0]; call_value: 0x0; length: 20; block+=0; #returns=0
  func: owners(address):(address) (0x22914a7)
  input: 0000000000000000000000dfef99cc10  [failed to decode]
TX[175] with tx_sender[0]; tx_receiver[0]; call_value: 0x0; length: 0; block+=0; #returns=0
  input: 
TX[176] with tx_sender[0]; tx_receiver[0]; call_value: 0x1; length: 0; block+=0; #returns=0
  input: 
TX[177] with tx_sender[4]; tx_receiver[0]; call_value: 0x0; length: 4; block+=0; #returns=0
  func: withdrawAll() (0x853828b6)
  input: {  }
TX[178] with tx_sender[0]; tx_receiver[0]; call_value: 0x0; length: 20; block+=0; #returns=0
  func: owners(address):(address) (0x22914a7)
  input: 0000000000000000000000dfef99cc10  [failed to decode]
TX[179] with tx_sender[0]; tx_receiver[0]; call_value: 0x0; length: 36; block+=0; #returns=0
  func: newOwner(address):(bool) (0x85952454)
  input: { address(0xc4b803ea8bc30894cc4672a9159ca000d377d9a3),  }
TX[180] with tx_sender[0]; tx_receiver[0]; call_value: 0x1; length: 0; block+=0; #returns=0
  input: 
TX[181] with tx_sender[0]; tx_receiver[0]; call_value: 0x1; length: 0; block+=0; #returns=0
  input: 
TX[182] with tx_sender[0]; tx_receiver[0]; call_value: 0x0; length: 20; block+=0; #returns=0
  func: owners(address):(address) (0x22914a7)
  input: 0000000000000000000000dfef99cc10  [failed to decode]
TX[183] with tx_sender[0]; tx_receiver[0]; call_value: 0x0; length: 4; block+=0; #returns=1
  func: withdrawAll() (0x853828b6)
  input: {  }
  returns:
    return val: 1; allows reenter: 0; data: 0x
TX[184] with tx_sender[0]; tx_receiver[0]; call_value: 0x0; length: 0; block+=0; #returns=0
  input: 
TX[185] with tx_sender[0]; tx_receiver[0]; call_value: 0x0; length: 32; block+=0; #returns=0
  func: fallback()
  input: 0000000000000000000000000000000000000101200000000000000000000000 
TX[186] with tx_sender[0]; tx_receiver[0]; call_value: 0x1; length: 0; block+=0; #returns=0
  input: 
TX[187] with tx_sender[0]; tx_receiver[0]; call_value: 0x1; length: 0; block+=0; #returns=0
  input: 
TX[188] with tx_sender[0]; tx_receiver[0]; call_value: 0x1; length: 0; block+=0; #returns=0
  input: 
TX[189] with tx_sender[0]; tx_receiver[0]; call_value: 0x0; length: 36; block+=0; #returns=0
  func: newOwner(address):(bool) (0x85952454)
  input: { address(0xc4b803ea8bc30894cc4672a9159ca000d377d9a3),  }
TX[190] with tx_sender[0]; tx_receiver[0]; call_value: 0x0; length: 36; block+=0; #returns=0
  func: newOwner(address):(bool) (0x85952454)
  input: { address(0xc04689c0c5d48cec7275152b3026b53f6f78d03d),  }
TX[191] with tx_sender[0]; tx_receiver[0]; call_value: 0x0; length: 4; block+=0; #returns=0
  func: fallback()
  input: 00000000 
TX[192] with tx_sender[0]; tx_receiver[0]; call_value: 0x1; length: 0; block+=0; #returns=0
  input: 
TX[193] with tx_sender[0]; tx_receiver[0]; call_value: 0x0; length: 36; block+=0; #returns=0
  func: newOwner(address):(bool) (0x85952454)
  input: { address(0xc4b803ea8bc30894cc4672a9159ca000d377d9a3),  }
TX[194] with tx_sender[0]; tx_receiver[0]; call_value: 0x1; length: 0; block+=0; #returns=0
  input: 
TX[195] with tx_sender[4]; tx_receiver[0]; call_value: 0x0; length: 4; block+=0; #returns=0
  func: withdrawAll() (0x853828b6)
  input: {  }
TX[196] with tx_sender[0]; tx_receiver[0]; call_value: 0x0; length: 36; block+=0; #returns=0
  func: newOwner(address):(bool) (0x85952454)
  input: { address(0xc4b803ea8bc30894cc4672a9159ca000d377d9a3),  }
TX[197] with tx_sender[0]; tx_receiver[0]; call_value: 0x1; length: 0; block+=0; #returns=0
  input: 
TX[198] with tx_sender[0]; tx_receiver[0]; call_value: 0x1; length: 0; block+=0; #returns=0
  input: 
TX[199] with tx_sender[0]; tx_receiver[0]; call_value: 0x0; length: 36; block+=0; #returns=0
  func: newOwner(address):(bool) (0x85952454)
  input: { address(0xc4b803ea8bc30894cc4672a9159ca000d377d9a3),  }
TX[200] with tx_sender[4]; tx_receiver[0]; call_value: 0x0; length: 4; block+=0; #returns=0
  func: withdrawAll() (0x853828b6)
  input: {  }
TX[201] with tx_sender[0]; tx_receiver[0]; call_value: 0x0; length: 36; block+=0; #returns=0
  func: newOwner(address):(bool) (0x85952454)
  input: { address(0xc1af1d7e20374a20d4d3914c1a1b0ddfef99cc61),  }
TX[202] with tx_sender[0]; tx_receiver[0]; call_value: 0x0; length: 36; block+=0; #returns=0
  func: newOwner(address):(bool) (0x85952454)
  input: { address(0xc1af1d7e20374a20d4d3914c1a1b0ddfef99cc61),  }
TX[203] with tx_sender[4]; tx_receiver[0]; call_value: 0x0; length: 4; block+=0; #returns=0
  func: withdrawAll() (0x853828b6)
  input: {  }
TX[204] with tx_sender[0]; tx_receiver[0]; call_value: 0x1; length: 0; block+=0; #returns=0
  input: 
TX[205] with tx_sender[1]; tx_receiver[0]; call_value: 0x1; length: 4; block+=0; #returns=0
  func: fallback()
  input: 00000000 
TX[206] with tx_sender[0]; tx_receiver[0]; call_value: 0x0; length: 32; block+=0; #returns=0
  func: fallback()
  input: 0000000000000000000000000000000000000101200000000000000000000000 
TX[207] with tx_sender[0]; tx_receiver[0]; call_value: 0x0; length: 0; block+=0; #returns=0
  input: 
TX[208] with tx_sender[0]; tx_receiver[0]; call_value: 0x0; length: 36; block+=0; #returns=0
  func: newOwner(address):(bool) (0x85952454)
  input: { address(0xc1af1d7e20374a20d4d3914c1a1b0ddfef99cc61),  }
TX[209] with tx_sender[0]; tx_receiver[0]; call_value: 0x0; length: 0; block+=0; #returns=0
  input: 
TX[210] with tx_sender[0]; tx_receiver[0]; call_value: 0x0; length: 0; block+=0; #returns=0
  input: 
TX[211] with tx_sender[0]; tx_receiver[0]; call_value: 0x0; length: 32; block+=0; #returns=0
  func: fallback()
  input: 0000000000000000000000000000000000000101200000000000000000000000 
TX[212] with tx_sender[0]; tx_receiver[0]; call_value: 0x0; length: 0; block+=0; #returns=0
  input: 
TX[213] with tx_sender[0]; tx_receiver[0]; call_value: 0x0; length: 36; block+=0; #returns=0
  func: newOwner(address):(bool) (0x85952454)
  input: { address(0xc4b803ea8bc30894cc4672a9159ca000d377d9a3),  }
TX[214] with tx_sender[0]; tx_receiver[0]; call_value: 0x1; length: 0; block+=0; #returns=0
  input: 
TX[215] with tx_sender[4]; tx_receiver[0]; call_value: 0x0; length: 4; block+=0; #returns=0
  func: withdrawAll() (0x853828b6)
  input: {  }
TX[216] with tx_sender[0]; tx_receiver[0]; call_value: 0x0; length: 36; block+=0; #returns=0
  func: newOwner(address):(bool) (0x85952454)
  input: { address(0xc04689c0c5d48cec7275152b3026b53f6f78d03d),  }
TX[217] with tx_sender[0]; tx_receiver[0]; call_value: 0x0; length: 36; block+=0; #returns=0
  func: newOwner(address):(bool) (0x85952454)
  input: { address(0xc4b803ea8bc30894cc4672a9159ca000d377d9a3),  }
TX[218] with tx_sender[0]; tx_receiver[0]; call_value: 0x1; length: 0; block+=0; #returns=0
  input: 
TX[219] with tx_sender[0]; tx_receiver[0]; call_value: 0x0; length: 32; block+=0; #returns=0
  func: fallback()
  input: 0000000000000000000000000000000000000101200000000000000000000000 
TX[220] with tx_sender[0]; tx_receiver[0]; call_value: 0x0; length: 20; block+=0; #returns=0
  func: owners(address):(address) (0x22914a7)
  input: 0000040000000000000000dfef99cc10  [failed to decode]
TX[221] with tx_sender[0]; tx_receiver[0]; call_value: 0x0; length: 36; block+=0; #returns=0
  func: newOwner(address):(bool) (0x85952454)
  input: { address(0xc4b803ea8bc30894cc4672a9159ca000d377d9a3),  }
TX[222] with tx_sender[0]; tx_receiver[0]; call_value: 0x0; length: 0; block+=0; #returns=0
  input: 
TX[223] with tx_sender[4]; tx_receiver[0]; call_value: 0x0; length: 4; block+=0; #returns=0
  func: withdrawAll() (0x853828b6)
  input: {  }
TX[224] with tx_sender[0]; tx_receiver[0]; call_value: 0x0; length: 36; block+=0; #returns=0
  func: newOwner(address):(bool) (0x85952454)
  input: { address(0xc4b803ea8bc30894cc4672a9159ca000d377d9a3),  }
TX[225] with tx_sender[0]; tx_receiver[0]; call_value: 0x0; length: 36; block+=0; #returns=0
  func: newOwner(address):(bool) (0x85952454)
  input: { address(0xc4b803ea8bc30894cc4672a9159ca000d377d9a3),  }
TX[226] with tx_sender[0]; tx_receiver[0]; call_value: 0x1; length: 0; block+=0; #returns=0
  input: 
TX[227] with tx_sender[0]; tx_receiver[0]; call_value: 0x0; length: 36; block+=0; #returns=0
  func: newOwner(address):(bool) (0x85952454)
  input: { address(0xc1af1d7e20374a20d4d3914c1a1b0ddfef99cc61),  }
TX[228] with tx_sender[0]; tx_receiver[0]; call_value: 0x1; length: 0; block+=0; #returns=0
  input: 
TX[229] with tx_sender[0]; tx_receiver[0]; call_value: 0x0; length: 0; block+=0; #returns=0
  input: 
TX[230] with tx_sender[1]; tx_receiver[0]; call_value: 0x1; length: 0; block+=0; #returns=0
  input: 
TX[231] with tx_sender[0]; tx_receiver[0]; call_value: 0x0; length: 0; block+=0; #returns=0
  input: 
TX[232] with tx_sender[0]; tx_receiver[0]; call_value: 0x0; length: 0; block+=0; #returns=0
  input: 
TX[233] with tx_sender[4]; tx_receiver[0]; call_value: 0x0; length: 4; block+=0; #returns=0
  func: withdrawAll() (0x853828b6)
  input: {  }
TX[234] with tx_sender[0]; tx_receiver[0]; call_value: 0x1; length: 0; block+=0; #returns=0
  input: 
TX[235] with tx_sender[0]; tx_receiver[0]; call_value: 0x0; length: 36; block+=0; #returns=0
  func: deleteOwner(address):(bool) (0xcd5c4c70)
  input: { address(0xc04689c0c5d48cec7275152b3026b53f6f78d03d),  }
TX[236] with tx_sender[4]; tx_receiver[0]; call_value: 0x0; length: 4; block+=0; #returns=0
  func: withdrawAll() (0x853828b6)
  input: {  }
TX[237] with tx_sender[0]; tx_receiver[0]; call_value: 0x0; length: 36; block+=0; #returns=0
  func: newOwner(address):(bool) (0x85952454)
  input: { address(0xc04689c0c5d48cec7275152b3026b53f6f78d03d),  }
TX[238] with tx_sender[0]; tx_receiver[0]; call_value: 0x1; length: 0; block+=0; #returns=0
  input: 
TX[239] with tx_sender[4]; tx_receiver[0]; call_value: 0x0; length: 4; block+=0; #returns=0
  func: withdrawAll() (0x853828b6)
  input: {  }
TX[240] with tx_sender[0]; tx_receiver[0]; call_value: 0x0; length: 36; block+=0; #returns=0
  func: newOwner(address):(bool) (0x85952454)
  input: { address(0xc1af1d7e20374a20d4d3914c1a1b0ddfef99cc61),  }
TX[241] with tx_sender[0]; tx_receiver[0]; call_value: 0x0; length: 32; block+=0; #returns=0
  func: fallback()
  input: 0000000000000000000000000000000000000101200000000000000000000000 
TX[242] with tx_sender[4]; tx_receiver[0]; call_value: 0x0; length: 4; block+=0; #returns=0
  func: withdrawAll() (0x853828b6)
  input: {  }
TX[243] with tx_sender[0]; tx_receiver[0]; call_value: 0x0; length: 36; block+=0; #returns=0
  func: newOwner(address):(bool) (0x85952454)
  input: { address(0xc4b803ea8bc30894cc4672a9159ca000d377d9a3),  }
TX[244] with tx_sender[4]; tx_receiver[0]; call_value: 0x0; length: 4; block+=0; #returns=0
  func: withdrawAll() (0x853828b6)
  input: {  }
TX[245] with tx_sender[0]; tx_receiver[0]; call_value: 0x0; length: 36; block+=0; #returns=0
  func: newOwner(address):(bool) (0x85952454)
  input: { address(0xc1af1d7e20374a20d4d3914c1a1b0ddfef99cc61),  }
TX[246] with tx_sender[0]; tx_receiver[0]; call_value: 0x0; length: 36; block+=0; #returns=0
  func: newOwner(address):(bool) (0x85952454)
  input: { address(0xc4b803ea8bc30894cc4672a9159ca000d377d9a3),  }
TX[247] with tx_sender[0]; tx_receiver[0]; call_value: 0x0; length: 0; block+=0; #returns=0
  input: 
TX[248] with tx_sender[0]; tx_receiver[0]; call_value: 0x0; length: 36; block+=0; #returns=0
  func: newOwner(address):(bool) (0x85952454)
  input: { address(0xc1af1d7e20374a20d4d3914c1a1b0ddfef99cc61),  }
TX[249] with tx_sender[0]; tx_receiver[0]; call_value: 0x0; length: 0; block+=0; #returns=0
  input: 
TX[250] with tx_sender[0]; tx_receiver[0]; call_value: 0x0; length: 0; block+=0; #returns=0
  input: 
TX[251] with tx_sender[4]; tx_receiver[0]; call_value: 0x0; length: 36; block+=0; #returns=0
  func: deleteOwner(address):(bool) (0xcd5c4c70)
  input: { address(0xdeadbeefc5d48cec7275152b3026b53f6f78d03d),  }
TX[252] with tx_sender[0]; tx_receiver[0]; call_value: 0x0; length: 36; block+=0; #returns=0
  func: newOwner(address):(bool) (0x85952454)
  input: { address(0xc4b803ea8bc30894cc4672a9159ca000d377d9a3),  }
TX[253] with tx_sender[0]; tx_receiver[0]; call_value: 0x1; length: 0; block+=0; #returns=0
  input: 
TX[254] with tx_sender[4]; tx_receiver[0]; call_value: 0x0; length: 20; block+=0; #returns=0
  func: withdrawAll() (0x853828b6)
  input: {  }
TX[255] with tx_sender[0]; tx_receiver[84]; call_value: 0x0; length: 4859; block+=0; #returns=0
  func: fallback()
  input: c4b803ea8bc30894cc4672a9159ca000d377d9a3240000000000000000000000 0000000085952454000000000000000000000000c4b803ea8bc30894cc4672a9 159ca000d377d9a3240000000000000000000000000000008595245400000000 0000000000000000c1af1d7e20374a20d4d3914c1a1b0ddfef99cc6100000000 0000000000000000000000002000000000000000000000000000000000000000 0000000000000000000000000000010120000000000000000000000000000000 0000000000000000000000000000000000000000000000000000000024000000 00000000000000000000000085952454000000000000000000000000c4b803ea 8bc30894cc4672a9159ca000d377d9a309000000010000000100000000000000 0000000000000000002400000000000000000000000000000085952454000000 000000000000000000c4b803ea8bc30894cc4672a9159ca000d377d9a3140000 00000000000000000000000000022914a70000000000000000000000dfef99cc 1000000000000000000100000000000000000000000000000001000000000000 0000000000000000000100000000000000240000000000000000000000000000 0085952454000000000000000000000000c1af1d7e20374a20d4d3914c1a1b0d dfef99cc6104000000040000000000000000000000853828b604000000040000 000000000000000000853828b624000000000000000000000000000000859524 54000000000000000000000000c4b803ea8bc30894cc4672a9159ca000d377d9 a324000000000000000000000000000000859524540000000000000000000000 00c4b803ea8bc30894cc4672a9159ca000d377d9a32400000000000000000000 000000000085952454000000000000000000000000c1af1d7e20374a20d4d391 4c1a1b0ddfef99cc6104000000040000000000000000000000853828b6040000 0000000000000000000000000000000000000000000000000001000000000000 0004000000040000000000000000000000853828b60000000000000000010000 0000000000000000000000000000000000000000000000000000000000010000 0000000000000000000000000001000000000000000000000000000000000000 0000000000090000000100000001000000000000000000000000000000000400 0000000000000000000000000000000000000000000000000000010000000000 0000000000000000000001000000000000002400000000000000000000000000 000085952454000000000000000000000000c4b803ea8bc30894cc4672a9159c a000d377d9a30000000000000000010000000000000000000000000000000000 0000000000000000000000000000000000000000000004000000040000000000 000000000000853828b604000000040000000000000000000000853828b62400 000000000000000000000000000085952454000000000000000000000000c1af 1d7e20374a20d4d3914c1a1b0ddfef99cc612400000000000000000000000000 000085952454000000000000000000000000c4b803ea8bc30894cc4672a9159c a000d377d9a30000000000000000010000000000000004000000040000000000 000000000000853828b624000000000000000000000000000000859524540000 00000000000000000000c4b803ea8bc30894cc4672a9159ca000d377d9a30000 0000000000000000000000000000240000000000000000000000000000008595 2454000000000000000000000000c1af1d7e20374a20d4d3914c1a1b0ddfef99 cc6104000000040000000000000000000000853828b600000000000000000000 00000000000004000100000000000000000000000000853828b6010020000000 0000000000000000000000000000000000000000000000000000000000000900 0000010000000100000000000000000000000000000000040000000400000000 00000000000000853828b604000000040000000000000000000000853828b600 0000000000000000000000000000002400000000000000000000000000000085 952454000000000000000000000000c4b803ea8bc30894cc4672a9159ca000d3 77d9a30000000000000000000000000000000024000000000000000000000000 00000085952454000000000000000000000000c4b803ea8bc30894cc4672a915 9ca000d377d9a324000000000000000000000000000000859524540000000000 00000000000000c4b803ea8bc30894cc4672a9159ca000d377d9a30400000004 0000000000000000000000853828b62000000000000000000000000000000000 0000000000000000000000000000000000010120000000000000000000000000 0000000000000001000000000000002400000000000000000000000000000085 952454000000000000000000000000c4b803ea8bc30894cc4672a9159ca000d3 77d9a30000000000000000010000000000000024000000000000000000000000 00000085952454000000000000000000000000c4b803ea8bc30894cc4672a915 9ca000d377d9a324000000000000000000000000000000859524540000000000 00000000000000c4b803ea8bc30894cc4672a9159ca000d377d9a30000000000 0000000100000000000000240000000000000000000000000000008595245400 0000000000000000000000c1af1d7e20374a20d4d3914c1a1b0ddfef99cc6124 00000000000000000000000000000085952454000000000000000000000000c4 b803ea8bc30894cc4672a9159ca000d377d9a300000000000000000100000000 0000002400000000000000000000000000000085952454000000000000000000 000000c04689c0c5d48cec7275152b3026b53f6f78d03d000000000000000000 0000000000000004000000000000000000000000000000000000000000000000 0000000100000000000000090000000100000001000000000000000000000000 0000000004000000040000000000000000000000853828b62400000000000000 000000000000000085952454000000000000000000000000c4b803ea8bc30894 cc4672a9159ca000d377d9a30000000000000000000000000000000024000000 00000000000000000000000085952454000000000000000000000000c04689c0 c5d48cec7275152b3026b53f6f78d03d00000000000000000000000000000000 0400000000000000000000000000000000000000000000000000000000000000 0000000000000000000000000100000000000000040000000400000000000000 00000000853828b6000000000000000001000000000000000400000000000000 00000000000000000000000004000000040000000000000000000000853828b6 2400000000000000000000000000000085952454000000000000000000000000 c4b803ea8bc30894cc4672a9159ca000d377d9a3000000000000000000000000 0000000000000000000000000000000000000000000000000000000001000000 0000000024000000000000000000000000000000859524540000000000000000 00000000c1af1d7e20374a20d4d3914c1a1b0ddfef99cc612400000000000000 000000000000000085952454000000000000000000000000c4b803ea8bc30894 cc4672a9159ca000d377d9a30000000000000000010000000000000000000000 0100000001000000000000001200000000000000000000000000000085952454 000000000000000000000000cc07040000000400000000000000000000008538 28b614000000000000000000000000000000022914a700000000000000000000 00dfeb99cc1004000000040000000000000000000000853828b6240000000000 0000000000000000000085952454000000000000000000000000c4b803ea8bc3 0894cc4672a9159ca000d377d9a3000000000000000000000000000000000900 0000010000000100000000000000000000000000000000000000000000000001 0000000000000024000000000000000000000000000000859524540000000000 00000000000000c4b803ea8bc30894cc4672a9159ca000d377d9a30000000000 0000000000000000000000040000000000000000000000000000000000000000 0000000000000000000000000000000000000000000000010000000000000000 0000000000000000000000000000002400000000000000000000000000000085 952454000000000000000000000000c4b803ea8bc30894cc4672a9159ca000d3 77d9a32400000000000000000000000000000085952454000000000000000000 000000c04689c0c5d48cec7275152b3026b53f6f78d03d040000000400000000 00000000000000853828b6040000000000000000000000000000000000000004 000000040000000000000000000000853828b624000000000000000000000000 00000085952454000000000000000000000000c4b803ea8bc30894cc4672a915 9ca000d377d9a304000000040000000000000000000000853828b60400000004 0000000000000000000000853828b62400000000000000000000000000000085 952454000000000000000000000000c4b803ea8bc30894cc4672a9159ca000d3 77d9a304000000040000000000000000000000853828b6240000000000000000 0000000000000085952454000000000000000000000000c1af1d7e20374a20d4 d3914c1a1b0ddfef99cc61090000000100000001000000000000000000000000 0000000000000000000000000000000000000000240000000000000000000000 0000000085952454000000000000000000000000c2018c3f08417e77b94fb541 fed2bf1e09093edd000000000000000001000000000000000400000004000000 0000000000000000853828b62400000000000000000000000000000085952454 000000000000000000000000c4b803ea8bc30894cc4672a9159ca000d377d9a3 0400000000000000000000000000000000000000000000000000000000000000 0000000000000000000000000000000000000000000000000000000000000000 0000000024000000000000000000000000000000859524540000000000000000 00000000c4b803ea8bc30894cc4672a9159ca000d377d9a32400000000000000 000000000000000085952454000000000000000000000000c4b803ea8bc30894 cc4672a9159ca000d377d9a32400000000000000000000000000000085952454 000000000000000000000000c4b803ea8bc30894cc4672a9159ca000d377d9a3 2400000000000000000000000000000085952454000000000000000000000000 c4b803ea8bc30894cc4672a9159ca000d377d9a3000000000000000000000000 0000000004000000000000000000000000000000000000000400000004000000 0000000000000000853828b60000000000000000000000000000000009000000 0000000000000000000000000000000000000000000000000000000000000000 0000000000000000000000000000000000000000000400000000000000000000 0000000000000000002400000000000000000000000000000085952454000000 000000000000000000c4b803ea8bc30894cc4672a9159ca000d377d9a3000000 0000000000000000000000000024000000000000000000000000000000859524 54000000000000000000000000c4b803ea8bc30894cc4672a9159ca000d377d9 a324000000000000000000000000000000859524540000000000000000000000 00c04689c0c5d48cec7275152b3026b53f6f78d03d0000000000000000000000 0000000000090000000000000000000000000000000000000000000000002400 000000000000000000000000000085952454000000000000000000000000c4b8 03ea8bc30894cc4672a9159ca000d377d9a30000000000000000000000000000 0000240000000000000000000000000000008595245400000000000000000000 0000c4b803ea8bc30894cc4672a9159ca000d377d9a314000000000000000000 000000000000022914a70000000000000000000000dfef99cc10140000000000 00000000000000000000022914a70000000000000000000000dfef99cc101400 0000000000000000000000000000022914a70000000000000000000000dfef99 cc10240000000000000000000000000000008595245400000000000000000000 0000c1af1d7e20374a20d4d3914c1a1b0ddfef99cc6124000000000000000000 00000000000085952454000000000000000000000000c4b803ea8bc30894cc46 72a9159ca000d377d9a324000000000000000000000000000000859524540000 00000000000000000000c4b803ea8bc30894cc4672a9159ca000d377d9a32400 000000000000000000000000000085952454000000000000000000000000c1af 1d7e20374a20d4d3914c1a1b0ddfef99cc612400000000000000000000000000 000085952454000000000000000000000000c4b803ea8bc30894cc4672a9159c a000d377d9a32400000000000000000000000000000085952454000000000000 000000000000c4b803ea8bc30894cc4672a9159ca000d377d9a3040000000400 00000000000000000000853828b6090000000000000001000000000000000000 000000000000000400000000000000010000000000000000000000 
=== After minimizing: ===
Block header:
  number: 0
  difficulty: 0
  gas_limit: 0
  timestamp: 0
  initial_ether: 1

TX[0] with tx_sender[0]; tx_receiver[0]; call_value: 0x0; length: 36; block+=0; #returns=0
  func: newOwner(address):(bool) (0x85952454)
  input: { address(0xc4b803ea8bc30894cc4672a9159ca000d377d9a3),  }
TX[1] with tx_sender[4]; tx_receiver[0]; call_value: 0x0; length: 4; block+=0; #returns=0
  func: withdrawAll() (0x853828b6)
  input: {  }
