[using trimmer code]
[Trimmer Stage: Start]
[Trimmer Stage: Transactions(4)] ✔️
[Trimmer Stage: Transactions(3)] ✔️
[Trimmer Stage: Transactions(2)] ✔️
[Trimmer Stage: Transactions(1)] ❌
[Trimmer Stage: Transactions(0)] ❌
[Trimmer Stage: Inputs(1, 0)] ❌
[Trimmer Stage: Inputs(0, 4)] ❌
[Trimmer Stage: Inputs(0, 0)] ❌
[Trimmer Stage: Sender(1, 5)] ✔️
[Trimmer Stage: Sender(1, 4)] ❌
[Trimmer Stage: Sender(1, 3)] ❌
[Trimmer Stage: Sender(1, 2)] ❌
[Trimmer Stage: Sender(1, 1)] ❌
[Trimmer Stage: Sender(1, 0)] ❌
[Trimmer Stage: Sender(0, 1)] ✔️
[Trimmer Stage: Sender(0, 0)] ✔️
[Trimmer Stage: Receiver(1, 0)] ✔️
[Trimmer Stage: Receiver(0, 0)] ✔️
[Trimmer Stage: BlockHeader(Number(0))] ✔️
[Trimmer Stage: BlockHeader(GasLimit(10000))] ✔️
[Trimmer Stage: BlockHeader(GasLimit(10))] ✔️
[Trimmer Stage: BlockHeader(GasLimit(5))] ✔️
[Trimmer Stage: BlockHeader(GasLimit(2))] ✔️
[Trimmer Stage: BlockHeader(GasLimit(1))] ✔️
[Trimmer Stage: BlockHeader(GasLimit(0))] ✔️
[Trimmer Stage: BlockHeader(InitialEther(2))] ✔️
[Trimmer Stage: BlockHeader(InitialEther(1))] ✔️
[Trimmer Stage: BlockHeader(InitialEther(0))] ❌
[minimizing difficulty]
[ sender/receiver selector TX[0] ]
[ sender/receiver selector TX[1] ]
[ we try sorting the transaction list ]
reduced testcases from 200 to 112 bytes (by 44 %) edit distance 92
=== Before minimizing: ===
Block header:
  number: 0
  difficulty: 0
  gas_limit: 32767
  timestamp: 0
  initial_ether: 5

TX[0] with tx_sender[1]; tx_receiver[0]; call_value: 0x0; length: 36; block+=0; #returns=0
  func: newOwner(address):(bool) (0x85952454)
  input: { address(0xc5442b23ea5ca66c3441e62bf6456f010646ae94),  }
TX[1] with tx_sender[5]; tx_receiver[0]; call_value: 0x0; length: 4; block+=0; #returns=0
  func: withdrawAll() (0x853828b6)
  input: {  }
TX[2] with tx_sender[0]; tx_receiver[0]; call_value: 0x1; length: 0; block+=0; #returns=0
  input: 
TX[3] with tx_sender[0]; tx_receiver[0]; call_value: 0x0; length: 36; block+=0; #returns=0
  func: owners(address):(address) (0x22914a7)
  input: { address(0xc5442b23ea5ca66c3441e62bf6456f010646ae94),  }
TX[4] with tx_sender[255]; tx_receiver[0]; call_value: 0x0; length: 4; block+=1; #returns=0
  func: withdrawAll() (0x853828b6)
  input: {  }
=== After minimizing: ===
Block header:
  number: 0
  difficulty: 0
  gas_limit: 0
  timestamp: 0
  initial_ether: 1

TX[0] with tx_sender[0]; tx_receiver[0]; call_value: 0x0; length: 36; block+=0; #returns=0
  func: newOwner(address):(bool) (0x85952454)
  input: { address(0xc5442b23ea5ca66c3441e62bf6456f010646ae94),  }
TX[1] with tx_sender[5]; tx_receiver[0]; call_value: 0x0; length: 4; block+=0; #returns=0
  func: withdrawAll() (0x853828b6)
  input: {  }
