[EthMutator] initialized with dictionary Dict(#values=55, #4bytes=4, #address=9, #bytes=5, #strings=2)
[EthMutator] loaded contract ABI with 7 functions
[EthMutator] Dictionary Update => Dict(#values=73, #4bytes=12, #address=9, #bytes=26, #strings=12) (loaded from file "/tmp/efcf-fuzz/multi_gen_5.mode-2AT.10.NjXS7E.fuzz/fuzz/dict/multi_gen_5.dict") 
[1;92m[+] [0mLoaded environment variable AFL_SKIP_CPUFREQ with value 1[0m
[1;92m[+] [0mLoaded environment variable AFL_I_DONT_CARE_ABOUT_MISSING_CRASHES with value 1[0m
[1;92m[+] [0mLoaded environment variable AFL_NO_AFFINITY with value 1[0m
[1;93m[!] [1;97mWARNING: [0mPotentially mistyped AFL environment variable: USE_CUSTOM_MUTATOR=1, did you mean AFL_USE_CUSTOM_MUTATOR=1?[0m
[1;92m[+] [0mLoaded environment variable AFL_BENCH_UNTIL_CRASH with value 1[0m
[1;92m[+] [0mLoaded environment variable AFL_NO_UI with value 1[0m
[1;92m[+] [0mLoaded environment variable AFL_CUSTOM_MUTATOR_LIBRARY with value /efcf/src/ethmutator/target/release/libafl_ethmutator.so[0m
[1;92m[+] [0mLoaded environment variable AFL_CUSTOM_MUTATOR_ONLY with value 1[0m
[0;36mafl-fuzz++4.01a[0m based on afl by Michal Zalewski and a large online community
[1;92m[+] [0mafl++ is maintained by Marc "van Hauser" Heuse, Heiko "hexcoder" Eißfeldt, Andrea Fioraldi and Dominik Maier[0m
[1;92m[+] [0mafl++ is open source, get it at https://github.com/AFLplusplus/AFLplusplus[0m
[1;92m[+] [0mNOTE: This is v3.x which changes defaults and behaviours - see README.md[0m
[1;94m[*] [0mGetting to work...[0m
[1;92m[+] [0mUsing rare edge focus power schedule (RARE)[0m
[1;92m[+] [0mEnabled testcache with 50 MB[0m
[1;92m[+] [0mGenerating fuzz data with a a length of min=1 max=1048576[0m
[1;94m[*] [0mChecking core_pattern...[0m
[1;92m[+] [0mDisabling the UI because AFL_NO_UI is set.[0m
[1;92m[+] [0mYou have 8 CPU cores and 3 runnable tasks (utilization: 38%).[0m
[1;92m[+] [0mTry parallel jobs - see /usr/local/share/doc/afl/parallel_fuzzing.md.[0m
[1;94m[*] [0mSetting up output directories...[0m
[1;93m[!] [1;97mWARNING: [0mNot binding to a CPU core (AFL_NO_AFFINITY set).[0m
[1;94m[*] [0mLoading custom mutator library from '/efcf/src/ethmutator/target/release/libafl_ethmutator.so'...[0m
[1;94m[*] [0moptional symbol 'afl_custom_post_process' not found.[0m
[1;94m[*] [0moptional symbol 'afl_custom_havoc_mutation' not found.[0m
[1;94m[*] [0moptional symbol 'afl_custom_havoc_mutation_probability' not found.[0m
[1;94m[*] [0moptional symbol 'afl_custom_queue_new_entry' not found[0m
[1;92m[+] [0mCustom mutator '/efcf/src/ethmutator/target/release/libafl_ethmutator.so' installed successfully.[0m
[1;94m[*] [0mScanning 'seeds'...[0m
[1;92m[+] [0mLoaded a total of 3 seeds.[0m
[1;94m[*] [0mCreating hard links for all input files...[0m
[1;94m[*] [0mValidating target binary...[0m
[1;92m[+] [0m[1;95mPersistent mode binary detected.[0m
[1;92m[+] [0m[1;95mDeferred forkserver binary detected.[0m
[1;94m[*] [0mSpinning up the fork server...[0m
[1;92m[+] [0mAll right - fork server is up.[0m
[1;94m[*] [0mUsing SHARED MEMORY FUZZING feature.[0m
[1;94m[*] [0mTarget map size: 5761[0m
[1;94m[*] [0mNo auto-generated dictionary tokens to reuse.[0m
[1;94m[*] [0mLoading extra dictionary from '/tmp/efcf-fuzz/multi_gen_5.mode-2AT.10.NjXS7E.fuzz/fuzz/dict/multi_gen_5.dict' (level 0)...[0m
[1;94m[*] [0mLoaded 21 extra tokens, size range 1 B to 32 B.[0m
[1;92m[+] [0mLoaded a total of 21 extras.[0m
[1;94m[*] [0mAttempting dry run with 'id:000000,time:0,execs:0,orig:receive.bin'...[0m
[1;90m    len = 56, map size = 117, exec speed = 229 us
[0m[1;94m[*] [0mAttempting dry run with 'id:000001,time:0,execs:0,orig:nullbyte'...[0m
[1;90m    len = 1, map size = 4, exec speed = 170 us
[0m[1;94m[*] [0mAttempting dry run with 'id:000002,time:0,execs:0,orig:fallback.bin'...[0m
[1;90m    len = 56, map size = 122, exec speed = 155 us
[0m[1;92m[+] [0mAll test cases processed.[0m
[1;92m[+] [0mHere are some useful stats:

[1;90m    Test case count : [0m3 favored, 0 variable, 0 ignored, 3 total
[1;90m       Bitmap range : [0m4 to 122 bits (average: 81.00 bits)
[1;90m        Exec timing : [0m155 to 229 us (average: 185 us)
[0m
[1;94m[*] [0mNo -t option specified, so I'll use an exec timeout of 50 ms.[0m
[1;92m[+] [0mAll set and ready to roll![0m
[1;94m[*] [0mEntering queue cycle 1.[0m
[1;94m[*] [0mFuzzing test case #1 (3 total, 0 crashes saved, perf_score=65, exec_us=170, hits=0, map=4, ascii=0)...[0m
[EthMutator] init trim with 1 bytes 40 parsed bytes and 0 expected steps
[EthMutator] starting fuzzing round on FuzzCase with 0 tx with 332 rounds (Some(332) base mutations, Some(0) deterministic round, and 0 additional havocs; fuzzer requested 166 rounds; queue size 0; previously fuzzed 0)
[1;94m[*] [0mFuzzing test case #10 (37 total, 0 crashes saved, perf_score=399, exec_us=168, hits=60, map=171, ascii=0)...[0m
[EthMutator] init trim with 156 bytes 156 parsed bytes and 8 expected steps
[EthMutator] trim finish in 4809 μsec with 156 bytes
[EthMutator] new queue entry with 156 bytes and 1 tx - total queue len 1
[EthMutator] starting fuzzing round on FuzzCase with 1 tx with 2577 rounds (Some(2577) base mutations, Some(60) deterministic round, and 368 additional havocs; fuzzer requested 1021 rounds; queue size 1; previously fuzzed 0)
[1;94m[*] [0mFuzzing test case #2 (37 total, 0 crashes saved, perf_score=1280, exec_us=155, hits=0, map=122, ascii=0)...[0m
[EthMutator] init trim with 56 bytes 56 parsed bytes and 6 expected steps
[EthMutator] trim finish in 1425 μsec with 56 bytes
[EthMutator] new queue entry with 56 bytes and 1 tx - total queue len 2
[EthMutator] starting fuzzing round on FuzzCase with 1 tx with 6552 rounds (Some(6552) base mutations, Some(60) deterministic round, and 936 additional havocs; fuzzer requested 3276 rounds; queue size 2; previously fuzzed 0)
[1;94m[*] [0mFuzzing test case #26 (41 total, 0 crashes saved, perf_score=119, exec_us=193, hits=1, map=237, ascii=0)...[0m
[EthMutator] init trim with 664 bytes 664 parsed bytes and 23 expected steps
[EthMutator] trim finish in 11472 μsec with 240 bytes
[EthMutator] new queue entry with 240 bytes and 2 tx - total queue len 3
[EthMutator] starting fuzzing round on FuzzCase with 2 tx with 927 rounds (Some(927) base mutations, Some(120) deterministic round, and 132 additional havocs; fuzzer requested 304 rounds; queue size 3; previously fuzzed 0)
[1;94m[*] [0mFuzzing test case #37 (54 total, 0 crashes saved, perf_score=164, exec_us=210, hits=118, map=125, ascii=0)...[0m
[EthMutator] init trim with 56 bytes 56 parsed bytes and 7 expected steps
[EthMutator] trim finish in 2380 μsec with 56 bytes
[EthMutator] new queue entry with 56 bytes and 1 tx - total queue len 4
[EthMutator] starting fuzzing round on FuzzCase with 1 tx with 838 rounds (Some(838) base mutations, Some(60) deterministic round, and 119 additional havocs; fuzzer requested 419 rounds; queue size 4; previously fuzzed 0)
[1;94m[*] [0mFuzzing test case #34 (54 total, 0 crashes saved, perf_score=249, exec_us=153, hits=1, map=145, ascii=0)...[0m
[EthMutator] init trim with 86 bytes 86 parsed bytes and 7 expected steps
[EthMutator] trim finish in 6550 μsec with 86 bytes
[EthMutator] new queue entry with 86 bytes and 1 tx - total queue len 5
[EthMutator] starting fuzzing round on FuzzCase with 1 tx with 1274 rounds (Some(1274) base mutations, Some(60) deterministic round, and 182 additional havocs; fuzzer requested 637 rounds; queue size 5; previously fuzzed 0)
[1;94m[*] [0mFuzzing test case #49 (54 total, 0 crashes saved, perf_score=139, exec_us=166, hits=1, map=236, ascii=0)...[0m
[EthMutator] init trim with 292 bytes 292 parsed bytes and 12 expected steps
[EthMutator] trim finish in 3940 μsec with 292 bytes
[EthMutator] new queue entry with 292 bytes and 3 tx - total queue len 6
[EthMutator] starting fuzzing round on FuzzCase with 3 tx with 1082 rounds (Some(1082) base mutations, Some(180) deterministic round, and 154 additional havocs; fuzzer requested 355 rounds; queue size 6; previously fuzzed 0)
[1;94m[*] [0mFuzzing test case #52 (54 total, 0 crashes saved, perf_score=109, exec_us=135, hits=1, map=235, ascii=0)...[0m
[EthMutator] init trim with 576 bytes 576 parsed bytes and 18 expected steps
[EthMutator] trim finish in 8522 μsec with 240 bytes
[EthMutator] new queue entry with 240 bytes and 2 tx - total queue len 7
[EthMutator] starting fuzzing round on FuzzCase with 2 tx with 850 rounds (Some(850) base mutations, Some(120) deterministic round, and 121 additional havocs; fuzzer requested 279 rounds; queue size 7; previously fuzzed 0)
[1;94m[*] [0mFuzzing test case #8 (54 total, 0 crashes saved, perf_score=412, exec_us=176, hits=7722, map=182, ascii=0)...[0m
[EthMutator] init trim with 336 bytes 336 parsed bytes and 11 expected steps
[EthMutator] trim finish in 6198 μsec with 252 bytes
[EthMutator] new queue entry with 252 bytes and 1 tx - total queue len 8
[EthMutator] starting fuzzing round on FuzzCase with 1 tx with 2660 rounds (Some(2660) base mutations, Some(60) deterministic round, and 380 additional havocs; fuzzer requested 1054 rounds; queue size 8; previously fuzzed 0)
[1;94m[*] [0mFuzzing test case #36 (54 total, 0 crashes saved, perf_score=229, exec_us=143, hits=1, map=158, ascii=0)...[0m
[EthMutator] init trim with 156 bytes 156 parsed bytes and 8 expected steps
[EthMutator] trim finish in 2294 μsec with 92 bytes
[EthMutator] new queue entry with 92 bytes and 1 tx - total queue len 9
[EthMutator] starting fuzzing round on FuzzCase with 1 tx with 1479 rounds (Some(1479) base mutations, Some(60) deterministic round, and 211 additional havocs; fuzzer requested 586 rounds; queue size 9; previously fuzzed 0)
[1;94m[*] [0mFuzzing test case #39 (54 total, 0 crashes saved, perf_score=369, exec_us=179, hits=1, map=212, ascii=0)...[0m
[EthMutator] init trim with 1144 bytes 1144 parsed bytes and 60 expected steps
[EthMutator] trim finish in 8716 μsec with 240 bytes
[EthMutator] new queue entry with 240 bytes and 2 tx - total queue len 10
[EthMutator] starting fuzzing round on FuzzCase with 2 tx with 2879 rounds (Some(2879) base mutations, Some(120) deterministic round, and 411 additional havocs; fuzzer requested 944 rounds; queue size 10; previously fuzzed 0)
[1;94m[*] [0mFuzzing test case #22 (76 total, 0 crashes saved, perf_score=109, exec_us=250, hits=19, map=231, ascii=0)...[0m
[EthMutator] init trim with 636 bytes 636 parsed bytes and 18 expected steps
[EthMutator] trim finish in 5954 μsec with 240 bytes
[EthMutator] new queue entry with 240 bytes and 2 tx - total queue len 11
[EthMutator] starting fuzzing round on FuzzCase with 2 tx with 850 rounds (Some(850) base mutations, Some(120) deterministic round, and 121 additional havocs; fuzzer requested 279 rounds; queue size 11; previously fuzzed 0)
[1;94m[*] [0mFuzzing test case #3 (76 total, 0 crashes saved, perf_score=271, exec_us=198, hits=29926, map=172, ascii=0)...[0m
[EthMutator] init trim with 188 bytes 188 parsed bytes and 8 expected steps
[EthMutator] trim finish in 3121 μsec with 188 bytes
[EthMutator] new queue entry with 188 bytes and 1 tx - total queue len 12
[EthMutator] starting fuzzing round on FuzzCase with 1 tx with 1749 rounds (Some(1749) base mutations, Some(60) deterministic round, and 249 additional havocs; fuzzer requested 693 rounds; queue size 12; previously fuzzed 0)
[1;94m[*] [0mFuzzing test case #5 (76 total, 0 crashes saved, perf_score=487, exec_us=186, hits=8150, map=154, ascii=0)...[0m
[EthMutator] init trim with 60 bytes 60 parsed bytes and 6 expected steps
[EthMutator] trim finish in 3563 μsec with 60 bytes
[EthMutator] new queue entry with 60 bytes and 1 tx - total queue len 13
[EthMutator] starting fuzzing round on FuzzCase with 1 tx with 2990 rounds (Some(2990) base mutations, Some(60) deterministic round, and 427 additional havocs; fuzzer requested 1246 rounds; queue size 13; previously fuzzed 0)
[1;94m[*] [0mFuzzing test case #64 (76 total, 0 crashes saved, perf_score=369, exec_us=175, hits=1, map=192, ascii=0)...[0m
[EthMutator] init trim with 204 bytes 204 parsed bytes and 13 expected steps
[EthMutator] trim finish in 4955 μsec with 132 bytes
[EthMutator] new queue entry with 132 bytes and 3 tx - total queue len 14
[EthMutator] starting fuzzing round on FuzzCase with 3 tx with 2761 rounds (Some(2761) base mutations, Some(180) deterministic round, and 394 additional havocs; fuzzer requested 944 rounds; queue size 14; previously fuzzed 0)
[1;94m[*] [0mFuzzing test case #6 (77 total, 0 crashes saved, perf_score=309, exec_us=187, hits=119, map=206, ascii=0)...[0m
[EthMutator] init trim with 176 bytes 176 parsed bytes and 10 expected steps
[EthMutator] trim finish in 12547 μsec with 176 bytes
[EthMutator] new queue entry with 176 bytes and 2 tx - total queue len 15
[EthMutator] starting fuzzing round on FuzzCase with 2 tx with 2411 rounds (Some(2411) base mutations, Some(120) deterministic round, and 344 additional havocs; fuzzer requested 791 rounds; queue size 15; previously fuzzed 0)
[1;94m[*] [0mFuzzing test case #0 (77 total, 0 crashes saved, perf_score=175, exec_us=229, hits=0, map=117, ascii=0)...[0m
[EthMutator] init trim with 56 bytes 56 parsed bytes and 7 expected steps
[EthMutator] trim finish in 2760 μsec with 56 bytes
[EthMutator] new queue entry with 56 bytes and 1 tx - total queue len 16
[EthMutator] starting fuzzing round on FuzzCase with 1 tx with 896 rounds (Some(896) base mutations, Some(60) deterministic round, and 128 additional havocs; fuzzer requested 448 rounds; queue size 16; previously fuzzed 0)
[1;94m[*] [0mFuzzing test case #11 (77 total, 0 crashes saved, perf_score=159, exec_us=194, hits=264, map=222, ascii=0)...[0m
[EthMutator] init trim with 376 bytes 376 parsed bytes and 14 expected steps
[EthMutator] trim finish in 9092 μsec with 240 bytes
[EthMutator] new queue entry with 240 bytes and 2 tx - total queue len 17
[EthMutator] starting fuzzing round on FuzzCase with 2 tx with 1240 rounds (Some(1240) base mutations, Some(120) deterministic round, and 177 additional havocs; fuzzer requested 407 rounds; queue size 17; previously fuzzed 0)
[1;94m[*] [0mFuzzing test case #38 (77 total, 0 crashes saved, perf_score=209, exec_us=100, hits=1, map=154, ascii=0)...[0m
[EthMutator] init trim with 104 bytes 104 parsed bytes and 8 expected steps
[EthMutator] trim finish in 3236 μsec with 88 bytes
[EthMutator] new queue entry with 88 bytes and 1 tx - total queue len 18
[EthMutator] starting fuzzing round on FuzzCase with 1 tx with 1070 rounds (Some(1070) base mutations, Some(60) deterministic round, and 152 additional havocs; fuzzer requested 535 rounds; queue size 18; previously fuzzed 0)
[1;94m[*] [0mFuzzing test case #51 (77 total, 0 crashes saved, perf_score=219, exec_us=164, hits=2, map=244, ascii=0)...[0m
[EthMutator] init trim with 428 bytes 428 parsed bytes and 16 expected steps
[EthMutator] trim finish in 4789 μsec with 240 bytes
[EthMutator] new queue entry with 240 bytes and 2 tx - total queue len 19
[EthMutator] starting fuzzing round on FuzzCase with 2 tx with 1708 rounds (Some(1708) base mutations, Some(120) deterministic round, and 244 additional havocs; fuzzer requested 560 rounds; queue size 19; previously fuzzed 0)
[1;94m[*] [0mFuzzing test case #18 (77 total, 0 crashes saved, perf_score=119, exec_us=180, hits=7, map=168, ascii=0)...[0m
[EthMutator] init trim with 176 bytes 176 parsed bytes and 10 expected steps
[EthMutator] trim finish in 6665 μsec with 92 bytes
[EthMutator] new queue entry with 92 bytes and 1 tx - total queue len 20
[EthMutator] starting fuzzing round on FuzzCase with 1 tx with 767 rounds (Some(767) base mutations, Some(60) deterministic round, and 109 additional havocs; fuzzer requested 304 rounds; queue size 20; previously fuzzed 0)
[1;94m[*] [0mFuzzing test case #41 (77 total, 0 crashes saved, perf_score=119, exec_us=217, hits=447, map=237, ascii=0)...[0m
[EthMutator] init trim with 240 bytes 240 parsed bytes and 10 expected steps
[EthMutator] trim finish in 3515 μsec with 240 bytes
[EthMutator] new queue entry with 240 bytes and 2 tx - total queue len 21
[EthMutator] starting fuzzing round on FuzzCase with 2 tx with 927 rounds (Some(927) base mutations, Some(120) deterministic round, and 132 additional havocs; fuzzer requested 304 rounds; queue size 21; previously fuzzed 0)
[1;94m[*] [0mFuzzing test case #47 (77 total, 0 crashes saved, perf_score=149, exec_us=175, hits=40, map=234, ascii=0)...[0m
[EthMutator] init trim with 240 bytes 240 parsed bytes and 10 expected steps
[EthMutator] trim finish in 3812 μsec with 240 bytes
[EthMutator] new queue entry with 240 bytes and 2 tx - total queue len 22
[EthMutator] starting fuzzing round on FuzzCase with 2 tx with 1161 rounds (Some(1161) base mutations, Some(120) deterministic round, and 165 additional havocs; fuzzer requested 381 rounds; queue size 22; previously fuzzed 0)
[1;94m[*] [0mFuzzing test case #26 (77 total, 0 crashes saved, perf_score=149, exec_us=193, hits=164, map=237, ascii=0)...[0m
[EthMutator] starting fuzzing round on FuzzCase with 2 tx with 1161 rounds (Some(1161) base mutations, Some(120) deterministic round, and 165 additional havocs; fuzzer requested 381 rounds; queue size 22; previously fuzzed 1)
[1;94m[*] [0mFuzzing test case #30 (77 total, 0 crashes saved, perf_score=109, exec_us=202, hits=7, map=243, ascii=0)...[0m
[EthMutator] init trim with 512 bytes 512 parsed bytes and 18 expected steps
[EthMutator] trim finish in 5381 μsec with 240 bytes
[EthMutator] new queue entry with 240 bytes and 2 tx - total queue len 23
[EthMutator] starting fuzzing round on FuzzCase with 2 tx with 850 rounds (Some(850) base mutations, Some(120) deterministic round, and 121 additional havocs; fuzzer requested 279 rounds; queue size 23; previously fuzzed 0)
[1;94m[*] [0mFuzzing test case #12 (77 total, 0 crashes saved, perf_score=259, exec_us=182, hits=44, map=142, ascii=0)...[0m
[EthMutator] init trim with 92 bytes 92 parsed bytes and 7 expected steps
[EthMutator] trim finish in 5201 μsec with 92 bytes
[EthMutator] new queue entry with 92 bytes and 1 tx - total queue len 24
[EthMutator] starting fuzzing round on FuzzCase with 1 tx with 1673 rounds (Some(1673) base mutations, Some(60) deterministic round, and 239 additional havocs; fuzzer requested 663 rounds; queue size 24; previously fuzzed 0)
[1;94m[*] [0mFuzzing test case #21 (77 total, 0 crashes saved, perf_score=109, exec_us=207, hits=7, map=169, ascii=0)...[0m
[EthMutator] init trim with 1340 bytes 1340 parsed bytes and 64 expected steps
[EthMutator] trim finish in 7997 μsec with 92 bytes
[EthMutator] new queue entry with 92 bytes and 1 tx - total queue len 25
[EthMutator] starting fuzzing round on FuzzCase with 1 tx with 703 rounds (Some(703) base mutations, Some(60) deterministic round, and 100 additional havocs; fuzzer requested 279 rounds; queue size 25; previously fuzzed 0)
[1;94m[*] [0mFuzzing test case #4 (77 total, 0 crashes saved, perf_score=119, exec_us=155, hits=1144, map=166, ascii=0)...[0m
[EthMutator] init trim with 92 bytes 92 parsed bytes and 7 expected steps
[EthMutator] trim finish in 5651 μsec with 92 bytes
[EthMutator] new queue entry with 92 bytes and 1 tx - total queue len 26
[EthMutator] starting fuzzing round on FuzzCase with 1 tx with 767 rounds (Some(767) base mutations, Some(60) deterministic round, and 109 additional havocs; fuzzer requested 304 rounds; queue size 26; previously fuzzed 0)
[1;94m[*] [0mFuzzing test case #19 (77 total, 0 crashes saved, perf_score=119, exec_us=187, hits=242, map=237, ascii=0)...[0m
[EthMutator] init trim with 472 bytes 472 parsed bytes and 14 expected steps
[EthMutator] trim finish in 6609 μsec with 240 bytes
[EthMutator] new queue entry with 240 bytes and 2 tx - total queue len 27
[EthMutator] starting fuzzing round on FuzzCase with 2 tx with 927 rounds (Some(927) base mutations, Some(120) deterministic round, and 132 additional havocs; fuzzer requested 304 rounds; queue size 27; previously fuzzed 0)
[1;94m[*] [0mFuzzing test case #25 (77 total, 0 crashes saved, perf_score=109, exec_us=199, hits=42, map=230, ascii=0)...[0m
[EthMutator] init trim with 944 bytes 944 parsed bytes and 35 expected steps
[EthMutator] trim finish in 9947 μsec with 240 bytes
[EthMutator] new queue entry with 240 bytes and 2 tx - total queue len 28
[EthMutator] starting fuzzing round on FuzzCase with 2 tx with 850 rounds (Some(850) base mutations, Some(120) deterministic round, and 121 additional havocs; fuzzer requested 279 rounds; queue size 28; previously fuzzed 0)
[1;94m[*] [0mFuzzing test case #14 (77 total, 0 crashes saved, perf_score=119, exec_us=193, hits=72, map=236, ascii=0)...[0m
[EthMutator] init trim with 616 bytes 616 parsed bytes and 20 expected steps
[EthMutator] trim finish in 11558 μsec with 240 bytes
[EthMutator] new queue entry with 240 bytes and 2 tx - total queue len 29
[EthMutator] starting fuzzing round on FuzzCase with 2 tx with 927 rounds (Some(927) base mutations, Some(120) deterministic round, and 132 additional havocs; fuzzer requested 304 rounds; queue size 29; previously fuzzed 0)
[1;94m[*] [0mFuzzing test case #40 (77 total, 0 crashes saved, perf_score=119, exec_us=106, hits=3, map=239, ascii=0)...[0m
[EthMutator] init trim with 960 bytes 960 parsed bytes and 50 expected steps
[EthMutator] trim finish in 12749 μsec with 240 bytes
[EthMutator] new queue entry with 240 bytes and 2 tx - total queue len 30
[EthMutator] starting fuzzing round on FuzzCase with 2 tx with 927 rounds (Some(927) base mutations, Some(120) deterministic round, and 132 additional havocs; fuzzer requested 304 rounds; queue size 30; previously fuzzed 0)
[1;94m[*] [0mFuzzing test case #17 (77 total, 0 crashes saved, perf_score=109, exec_us=191, hits=79, map=223, ascii=0)...[0m
[EthMutator] init trim with 580 bytes 580 parsed bytes and 20 expected steps
[EthMutator] trim finish in 10103 μsec with 240 bytes
[EthMutator] new queue entry with 240 bytes and 2 tx - total queue len 31
[EthMutator] starting fuzzing round on FuzzCase with 2 tx with 850 rounds (Some(850) base mutations, Some(120) deterministic round, and 121 additional havocs; fuzzer requested 279 rounds; queue size 31; previously fuzzed 0)
[1;94m[*] [0mFuzzing test case #0 (77 total, 0 crashes saved, perf_score=1205, exec_us=229, hits=0, map=117, ascii=0)...[0m
[EthMutator] starting fuzzing round on FuzzCase with 1 tx with 6168 rounds (Some(6168) base mutations, Some(60) deterministic round, and 881 additional havocs; fuzzer requested 3084 rounds; queue size 31; previously fuzzed 1)
[1;94m[*] [0mFuzzing test case #5 (77 total, 0 crashes saved, perf_score=488, exec_us=186, hits=9289, map=154, ascii=0)...[0m
[EthMutator] starting fuzzing round on FuzzCase with 1 tx with 2997 rounds (Some(2997) base mutations, Some(60) deterministic round, and 428 additional havocs; fuzzer requested 1249 rounds; queue size 31; previously fuzzed 1)
[1;94m[*] [0mFuzzing test case #38 (77 total, 0 crashes saved, perf_score=249, exec_us=100, hits=46, map=154, ascii=0)...[0m
[EthMutator] starting fuzzing round on FuzzCase with 1 tx with 1274 rounds (Some(1274) base mutations, Some(60) deterministic round, and 182 additional havocs; fuzzer requested 637 rounds; queue size 31; previously fuzzed 1)
[1;94m[*] [0mFuzzing test case #8 (77 total, 0 crashes saved, perf_score=415, exec_us=176, hits=14042, map=182, ascii=0)...[0m
[EthMutator] starting fuzzing round on FuzzCase with 1 tx with 2680 rounds (Some(2680) base mutations, Some(60) deterministic round, and 382 additional havocs; fuzzer requested 1062 rounds; queue size 31; previously fuzzed 1)
[1;94m[*] [0mFuzzing test case #22 (77 total, 0 crashes saved, perf_score=119, exec_us=250, hits=97, map=231, ascii=0)...[0m
[EthMutator] starting fuzzing round on FuzzCase with 2 tx with 927 rounds (Some(927) base mutations, Some(120) deterministic round, and 132 additional havocs; fuzzer requested 304 rounds; queue size 31; previously fuzzed 1)
[1;94m[*] [0mFuzzing test case #30 (77 total, 0 crashes saved, perf_score=209, exec_us=202, hits=59, map=243, ascii=0)...[0m
[EthMutator] starting fuzzing round on FuzzCase with 2 tx with 1631 rounds (Some(1631) base mutations, Some(120) deterministic round, and 233 additional havocs; fuzzer requested 535 rounds; queue size 31; previously fuzzed 1)
[1;94m[*] [0mFuzzing test case #8 (77 total, 0 crashes saved, perf_score=415, exec_us=176, hits=14371, map=182, ascii=0)...[0m
[EthMutator] starting fuzzing round on FuzzCase with 1 tx with 2680 rounds (Some(2680) base mutations, Some(60) deterministic round, and 382 additional havocs; fuzzer requested 1062 rounds; queue size 31; previously fuzzed 2)
[1;94m[*] [0mFuzzing test case #77 (78 total, 0 crashes saved, perf_score=159, exec_us=153, hits=1, map=161, ascii=0)...[0m
[EthMutator] init trim with 716 bytes 716 parsed bytes and 17 expected steps
[EthMutator] trim finish in 3868 μsec with 92 bytes
[EthMutator] new queue entry with 92 bytes and 1 tx - total queue len 32
[EthMutator] starting fuzzing round on FuzzCase with 1 tx with 1026 rounds (Some(1026) base mutations, Some(60) deterministic round, and 146 additional havocs; fuzzer requested 407 rounds; queue size 32; previously fuzzed 0)
[1;94m[*] [0mFuzzing test case #2 (78 total, 0 crashes saved, perf_score=225, exec_us=155, hits=0, map=122, ascii=0)...[0m
[EthMutator] starting fuzzing round on FuzzCase with 1 tx with 1152 rounds (Some(1152) base mutations, Some(60) deterministic round, and 164 additional havocs; fuzzer requested 576 rounds; queue size 32; previously fuzzed 1)
[1;94m[*] [0mFuzzing test case #25 (78 total, 0 crashes saved, perf_score=149, exec_us=199, hits=900, map=230, ascii=0)...[0m
[EthMutator] starting fuzzing round on FuzzCase with 2 tx with 1161 rounds (Some(1161) base mutations, Some(120) deterministic round, and 165 additional havocs; fuzzer requested 381 rounds; queue size 32; previously fuzzed 1)
[1;94m[*] [0mFuzzing test case #0 (78 total, 0 crashes saved, perf_score=1205, exec_us=229, hits=0, map=117, ascii=0)...[0m
[EthMutator] starting fuzzing round on FuzzCase with 1 tx with 6168 rounds (Some(6168) base mutations, Some(60) deterministic round, and 881 additional havocs; fuzzer requested 3084 rounds; queue size 32; previously fuzzed 2)
[1;94m[*] [0mFuzzing test case #21 (78 total, 0 crashes saved, perf_score=329, exec_us=207, hits=39, map=169, ascii=0)...[0m
[EthMutator] starting fuzzing round on FuzzCase with 1 tx with 2125 rounds (Some(2125) base mutations, Some(60) deterministic round, and 303 additional havocs; fuzzer requested 842 rounds; queue size 32; previously fuzzed 1)
[1;94m[*] [0mFuzzing test case #22 (78 total, 0 crashes saved, perf_score=119, exec_us=250, hits=158, map=231, ascii=0)...[0m
[EthMutator] starting fuzzing round on FuzzCase with 2 tx with 927 rounds (Some(927) base mutations, Some(120) deterministic round, and 132 additional havocs; fuzzer requested 304 rounds; queue size 32; previously fuzzed 2)
[1;94m[*] [0mFuzzing test case #38 (78 total, 0 crashes saved, perf_score=249, exec_us=100, hits=98, map=154, ascii=0)...[0m
[EthMutator] starting fuzzing round on FuzzCase with 1 tx with 1274 rounds (Some(1274) base mutations, Some(60) deterministic round, and 182 additional havocs; fuzzer requested 637 rounds; queue size 32; previously fuzzed 2)
[1;94m[*] [0mFuzzing test case #6 (78 total, 0 crashes saved, perf_score=309, exec_us=187, hits=324, map=206, ascii=0)...[0m
[EthMutator] starting fuzzing round on FuzzCase with 2 tx with 2411 rounds (Some(2411) base mutations, Some(120) deterministic round, and 344 additional havocs; fuzzer requested 791 rounds; queue size 32; previously fuzzed 1)
[1;94m[*] [0mFuzzing test case #2 (78 total, 0 crashes saved, perf_score=225, exec_us=155, hits=0, map=122, ascii=0)...[0m
[EthMutator] starting fuzzing round on FuzzCase with 1 tx with 1152 rounds (Some(1152) base mutations, Some(60) deterministic round, and 164 additional havocs; fuzzer requested 576 rounds; queue size 32; previously fuzzed 2)
[1;94m[*] [0mFuzzing test case #0 (78 total, 0 crashes saved, perf_score=1205, exec_us=229, hits=0, map=117, ascii=0)...[0m
[EthMutator] starting fuzzing round on FuzzCase with 1 tx with 6168 rounds (Some(6168) base mutations, Some(60) deterministic round, and 881 additional havocs; fuzzer requested 3084 rounds; queue size 32; previously fuzzed 3)
[1;94m[*] [0mFuzzing test case #77 (78 total, 0 crashes saved, perf_score=229, exec_us=153, hits=33, map=161, ascii=0)...[0m
[EthMutator] starting fuzzing round on FuzzCase with 1 tx with 1479 rounds (Some(1479) base mutations, Some(60) deterministic round, and 211 additional havocs; fuzzer requested 586 rounds; queue size 32; previously fuzzed 1)
[1;94m[*] [0mFuzzing test case #3 (78 total, 0 crashes saved, perf_score=274, exec_us=198, hits=42710, map=172, ascii=0)...[0m
[EthMutator] starting fuzzing round on FuzzCase with 1 tx with 1769 rounds (Some(1769) base mutations, Some(60) deterministic round, and 252 additional havocs; fuzzer requested 701 rounds; queue size 32; previously fuzzed 1)
[1;94m[*] [0mFuzzing test case #0 (78 total, 0 crashes saved, perf_score=1205, exec_us=229, hits=0, map=117, ascii=0)...[0m
[EthMutator] starting fuzzing round on FuzzCase with 1 tx with 6168 rounds (Some(6168) base mutations, Some(60) deterministic round, and 881 additional havocs; fuzzer requested 3084 rounds; queue size 32; previously fuzzed 4)
[1;94m[*] [0mFuzzing test case #0 (78 total, 0 crashes saved, perf_score=1205, exec_us=229, hits=0, map=117, ascii=0)...[0m
[EthMutator] starting fuzzing round on FuzzCase with 1 tx with 6168 rounds (Some(6168) base mutations, Some(60) deterministic round, and 881 additional havocs; fuzzer requested 3084 rounds; queue size 32; previously fuzzed 5)
[1;94m[*] [0mFuzzing test case #10 (78 total, 0 crashes saved, perf_score=359, exec_us=168, hits=471, map=171, ascii=0)...[0m
[EthMutator] starting fuzzing round on FuzzCase with 1 tx with 2319 rounds (Some(2319) base mutations, Some(60) deterministic round, and 331 additional havocs; fuzzer requested 919 rounds; queue size 32; previously fuzzed 1)
[1;94m[*] [0mFuzzing test case #2 (78 total, 0 crashes saved, perf_score=225, exec_us=155, hits=0, map=122, ascii=0)...[0m
[EthMutator] starting fuzzing round on FuzzCase with 1 tx with 1152 rounds (Some(1152) base mutations, Some(60) deterministic round, and 164 additional havocs; fuzzer requested 576 rounds; queue size 32; previously fuzzed 3)
[1;94m[*] [0mFuzzing test case #18 (78 total, 0 crashes saved, perf_score=139, exec_us=180, hits=32, map=168, ascii=0)...[0m
[EthMutator] starting fuzzing round on FuzzCase with 1 tx with 896 rounds (Some(896) base mutations, Some(60) deterministic round, and 128 additional havocs; fuzzer requested 355 rounds; queue size 32; previously fuzzed 1)
[1;94m[*] [0mFuzzing test case #30 (78 total, 0 crashes saved, perf_score=209, exec_us=202, hits=121, map=243, ascii=0)...[0m
[EthMutator] starting fuzzing round on FuzzCase with 2 tx with 1631 rounds (Some(1631) base mutations, Some(120) deterministic round, and 233 additional havocs; fuzzer requested 535 rounds; queue size 32; previously fuzzed 2)
[1;94m[*] [0mFuzzing test case #49 (78 total, 0 crashes saved, perf_score=139, exec_us=166, hits=915, map=236, ascii=0)...[0m
[EthMutator] starting fuzzing round on FuzzCase with 3 tx with 1082 rounds (Some(1082) base mutations, Some(180) deterministic round, and 154 additional havocs; fuzzer requested 355 rounds; queue size 32; previously fuzzed 1)
[1;94m[*] [0mFuzzing test case #0 (78 total, 0 crashes saved, perf_score=1205, exec_us=229, hits=0, map=117, ascii=0)...[0m
[EthMutator] starting fuzzing round on FuzzCase with 1 tx with 6168 rounds (Some(6168) base mutations, Some(60) deterministic round, and 881 additional havocs; fuzzer requested 3084 rounds; queue size 32; previously fuzzed 6)
[1;94m[*] [0mFuzzing test case #3 (78 total, 0 crashes saved, perf_score=274, exec_us=198, hits=47996, map=172, ascii=0)...[0m
[EthMutator] starting fuzzing round on FuzzCase with 1 tx with 1769 rounds (Some(1769) base mutations, Some(60) deterministic round, and 252 additional havocs; fuzzer requested 701 rounds; queue size 32; previously fuzzed 2)
[1;94m[*] [0mFuzzing test case #30 (78 total, 0 crashes saved, perf_score=209, exec_us=202, hits=183, map=243, ascii=0)...[0m
[EthMutator] starting fuzzing round on FuzzCase with 2 tx with 1631 rounds (Some(1631) base mutations, Some(120) deterministic round, and 233 additional havocs; fuzzer requested 535 rounds; queue size 32; previously fuzzed 3)
[1;94m[*] [0mFuzzing test case #49 (78 total, 0 crashes saved, perf_score=139, exec_us=166, hits=1763, map=236, ascii=0)...[0m
[EthMutator] starting fuzzing round on FuzzCase with 3 tx with 1082 rounds (Some(1082) base mutations, Some(180) deterministic round, and 154 additional havocs; fuzzer requested 355 rounds; queue size 32; previously fuzzed 2)
[1;94m[*] [0mFuzzing test case #49 (78 total, 0 crashes saved, perf_score=139, exec_us=166, hits=2620, map=236, ascii=0)...[0m
[EthMutator] starting fuzzing round on FuzzCase with 3 tx with 1082 rounds (Some(1082) base mutations, Some(180) deterministic round, and 154 additional havocs; fuzzer requested 355 rounds; queue size 32; previously fuzzed 3)
[1;94m[*] [0mFuzzing test case #6 (78 total, 0 crashes saved, perf_score=309, exec_us=187, hits=490, map=206, ascii=0)...[0m
[EthMutator] starting fuzzing round on FuzzCase with 2 tx with 2411 rounds (Some(2411) base mutations, Some(120) deterministic round, and 344 additional havocs; fuzzer requested 791 rounds; queue size 32; previously fuzzed 2)
[1;94m[*] [0mFuzzing test case #0 (78 total, 0 crashes saved, perf_score=1205, exec_us=229, hits=0, map=117, ascii=0)...[0m
[EthMutator] starting fuzzing round on FuzzCase with 1 tx with 6168 rounds (Some(6168) base mutations, Some(60) deterministic round, and 881 additional havocs; fuzzer requested 3084 rounds; queue size 32; previously fuzzed 7)
[1;94m[*] [0mFuzzing test case #44 (78 total, 0 crashes saved, perf_score=99, exec_us=208, hits=24, map=237, ascii=0)...[0m
[EthMutator] init trim with 536 bytes 536 parsed bytes and 22 expected steps
[EthMutator] trim finish in 9871 μsec with 500 bytes
[EthMutator] new queue entry with 500 bytes and 7 tx - total queue len 33
[EthMutator] starting fuzzing round on FuzzCase with 7 tx with 518 rounds (Some(518) base mutations, Some(420) deterministic round, and 74 additional havocs; fuzzer requested 253 rounds; queue size 33; previously fuzzed 0)
[1;94m[*] [0mFuzzing test case #10 (79 total, 0 crashes saved, perf_score=359, exec_us=168, hits=598, map=171, ascii=0)...[0m
[EthMutator] starting fuzzing round on FuzzCase with 1 tx with 2319 rounds (Some(2319) base mutations, Some(60) deterministic round, and 331 additional havocs; fuzzer requested 919 rounds; queue size 33; previously fuzzed 2)
[1;94m[*] [0mFuzzing test case #49 (79 total, 0 crashes saved, perf_score=139, exec_us=166, hits=3459, map=236, ascii=0)...[0m
[EthMutator] starting fuzzing round on FuzzCase with 3 tx with 1082 rounds (Some(1082) base mutations, Some(180) deterministic round, and 154 additional havocs; fuzzer requested 355 rounds; queue size 33; previously fuzzed 4)
[1;94m[*] [0mFuzzing test case #4 (79 total, 0 crashes saved, perf_score=119, exec_us=155, hits=3736, map=166, ascii=0)...[0m
[EthMutator] starting fuzzing round on FuzzCase with 1 tx with 767 rounds (Some(767) base mutations, Some(60) deterministic round, and 109 additional havocs; fuzzer requested 304 rounds; queue size 33; previously fuzzed 1)
[1;94m[*] [0mFuzzing test case #75 (79 total, 0 crashes saved, perf_score=99, exec_us=132, hits=1, map=152, ascii=0)...[0m
[EthMutator] init trim with 324 bytes 324 parsed bytes and 18 expected steps
[EthMutator] trim finish in 5231 μsec with 216 bytes
[EthMutator] new queue entry with 216 bytes and 4 tx - total queue len 34
[EthMutator] starting fuzzing round on FuzzCase with 4 tx with 638 rounds (Some(638) base mutations, Some(240) deterministic round, and 91 additional havocs; fuzzer requested 253 rounds; queue size 34; previously fuzzed 0)
[1;94m[*] [0mFuzzing test case #82 (86 total, 0 crashes saved, perf_score=569, exec_us=149, hits=1, map=275, ascii=0)...[0m
[EthMutator] init trim with 396 bytes 396 parsed bytes and 16 expected steps
[EthMutator] trim finish in 7843 μsec with 396 bytes
[EthMutator] new queue entry with 396 bytes and 5 tx - total queue len 35
[EthMutator] starting fuzzing round on FuzzCase with 5 tx with 5205 rounds (Some(5205) base mutations, Some(300) deterministic round, and 743 additional havocs; fuzzer requested 1456 rounds; queue size 35; previously fuzzed 0)
[1;94m[*] [0mFuzzing test case #89 (103 total, 0 crashes saved, perf_score=309, exec_us=179, hits=6, map=341, ascii=0)...[0m
[EthMutator] init trim with 480 bytes 480 parsed bytes and 19 expected steps
[EthMutator] trim finish in 10160 μsec with 480 bytes
[EthMutator] new queue entry with 480 bytes and 6 tx - total queue len 36
[EthMutator] starting fuzzing round on FuzzCase with 6 tx with 3242 rounds (Some(3242) base mutations, Some(360) deterministic round, and 463 additional havocs; fuzzer requested 791 rounds; queue size 36; previously fuzzed 0)
[1;94m[*] [0mFuzzing test case #91 (106 total, 0 crashes saved, perf_score=309, exec_us=212, hits=5, map=336, ascii=0)...[0m
[EthMutator] init trim with 480 bytes 480 parsed bytes and 19 expected steps
[EthMutator] trim finish in 11379 μsec with 480 bytes
[EthMutator] new queue entry with 480 bytes and 6 tx - total queue len 37
[EthMutator] starting fuzzing round on FuzzCase with 6 tx with 3242 rounds (Some(3242) base mutations, Some(360) deterministic round, and 463 additional havocs; fuzzer requested 791 rounds; queue size 37; previously fuzzed 0)
[1;94m[*] [0mFuzzing test case #96 (106 total, 0 crashes saved, perf_score=309, exec_us=133, hits=3, map=338, ascii=0)...[0m
[EthMutator] init trim with 620 bytes 620 parsed bytes and 24 expected steps
[EthMutator] trim finish in 10301 μsec with 480 bytes
[EthMutator] new queue entry with 480 bytes and 6 tx - total queue len 38
[EthMutator] starting fuzzing round on FuzzCase with 6 tx with 3242 rounds (Some(3242) base mutations, Some(360) deterministic round, and 463 additional havocs; fuzzer requested 791 rounds; queue size 38; previously fuzzed 0)
[1;94m[*] [0mFuzzing test case #93 (107 total, 0 crashes saved, perf_score=309, exec_us=162, hits=36, map=302, ascii=0)...[0m
[EthMutator] init trim with 536 bytes 536 parsed bytes and 16 expected steps
[EthMutator] trim finish in 6668 μsec with 324 bytes
[EthMutator] new queue entry with 324 bytes and 3 tx - total queue len 39
[EthMutator] starting fuzzing round on FuzzCase with 3 tx with 2827 rounds (Some(2827) base mutations, Some(180) deterministic round, and 403 additional havocs; fuzzer requested 791 rounds; queue size 39; previously fuzzed 0)
[1;94m[*] [0mFuzzing test case #105 (107 total, 0 crashes saved, perf_score=359, exec_us=172, hits=1, map=323, ascii=0)...[0m
[EthMutator] init trim with 644 bytes 644 parsed bytes and 18 expected steps
[EthMutator] trim finish in 7138 μsec with 384 bytes
[EthMutator] new queue entry with 384 bytes and 6 tx - total queue len 40
[EthMutator] starting fuzzing round on FuzzCase with 6 tx with 3767 rounds (Some(3767) base mutations, Some(360) deterministic round, and 538 additional havocs; fuzzer requested 919 rounds; queue size 40; previously fuzzed 0)
[1;94m[*] [0mFuzzing test case #88 (107 total, 0 crashes saved, perf_score=319, exec_us=231, hits=3, map=296, ascii=0)...[0m
[EthMutator] init trim with 396 bytes 396 parsed bytes and 16 expected steps
[EthMutator] trim finish in 5449 μsec with 396 bytes
[EthMutator] new queue entry with 396 bytes and 5 tx - total queue len 41
[EthMutator] starting fuzzing round on FuzzCase with 5 tx with 2917 rounds (Some(2917) base mutations, Some(300) deterministic round, and 416 additional havocs; fuzzer requested 816 rounds; queue size 41; previously fuzzed 0)
[1;94m[*] [0mFuzzing test case #87 (107 total, 0 crashes saved, perf_score=309, exec_us=238, hits=5, map=339, ascii=0)...[0m
[EthMutator] init trim with 480 bytes 480 parsed bytes and 19 expected steps
[EthMutator] trim finish in 12831 μsec with 480 bytes
[EthMutator] new queue entry with 480 bytes and 6 tx - total queue len 42
[EthMutator] starting fuzzing round on FuzzCase with 6 tx with 3242 rounds (Some(3242) base mutations, Some(360) deterministic round, and 463 additional havocs; fuzzer requested 791 rounds; queue size 42; previously fuzzed 0)
[1;94m[*] [0mFuzzing test case #86 (107 total, 0 crashes saved, perf_score=329, exec_us=224, hits=816, map=307, ascii=0)...[0m
[EthMutator] init trim with 620 bytes 620 parsed bytes and 25 expected steps
[EthMutator] trim finish in 5303 μsec with 544 bytes
[EthMutator] new queue entry with 544 bytes and 6 tx - total queue len 43
[EthMutator] starting fuzzing round on FuzzCase with 6 tx with 3009 rounds (Some(3009) base mutations, Some(360) deterministic round, and 429 additional havocs; fuzzer requested 842 rounds; queue size 43; previously fuzzed 0)
[1;94m[*] [0mFuzzing test case #94 (107 total, 0 crashes saved, perf_score=429, exec_us=123, hits=1, map=322, ascii=0)...[0m
[EthMutator] init trim with 552 bytes 552 parsed bytes and 23 expected steps
[EthMutator] trim finish in 13962 μsec with 480 bytes
[EthMutator] new queue entry with 480 bytes and 6 tx - total queue len 44
[EthMutator] starting fuzzing round on FuzzCase with 6 tx with 4501 rounds (Some(4501) base mutations, Some(360) deterministic round, and 643 additional havocs; fuzzer requested 1098 rounds; queue size 44; previously fuzzed 0)
[?25h[1;91m

+++ Testing aborted by user +++
[0m[1;94m[*] [0mStatistics: 127 new corpus items found, 11.70% coverage achieved, 0 crashes saved, 0 timeouts saved, total runtime 0 days, 0 hrs, 2 min, 55 sec[0m
[1;92m[+] [0mWe're done here. Have a nice day!
[0m
